[     138ms] [LOG] [Fast Refresh] rebuilding @ http://localhost:3000/_next/static/chunks/79846_next_dist_6d76e5e4._.js:2297
[     371ms] [LOG] [Fast Refresh] done in 335ms @ http://localhost:3000/_next/static/chunks/79846_next_dist_6d76e5e4._.js:2297
[     918ms] [INFO] %cDownload the React DevTools for a better development experience: https://react.dev/link/react-devtools font-weight:bold @ http://localhost:3000/_next/static/chunks/79846_next_dist_6d76e5e4._.js:2297
[    1332ms] [LOG] [HMR] connected @ http://localhost:3000/_next/static/chunks/79846_next_dist_6d76e5e4._.js:2297
[  228985ms] [LOG] [Fast Refresh] rebuilding @ http://localhost:3000/_next/static/chunks/79846_next_dist_6d76e5e4._.js:2297
[  229107ms] [LOG] [Fast Refresh] done in 169ms @ http://localhost:3000/_next/static/chunks/79846_next_dist_6d76e5e4._.js:2297
[  298906ms] [LOG] [Fast Refresh] rebuilding @ http://localhost:3000/_next/static/chunks/79846_next_dist_6d76e5e4._.js:2297
[  299427ms] [LOG] [Fast Refresh] done in 622ms @ http://localhost:3000/_next/static/chunks/79846_next_dist_6d76e5e4._.js:2297
[  299529ms] [LOG] [Fast Refresh] rebuilding @ http://localhost:3000/_next/static/chunks/79846_next_dist_6d76e5e4._.js:2297
[  299579ms] [LOG] [Fast Refresh] done in 151ms @ http://localhost:3000/_next/static/chunks/79846_next_dist_6d76e5e4._.js:2297
[  300262ms] [LOG] %c%s%c [PostPage] Loading post: background: #e6e6e6;background: light-dark(rgba(0,0,0,0.1), rgba(255,255,255,0.25));color: #000000;color: light-dark(#000000, #ffffff);border-radius: 2px  Server   p1 @ http://localhost:3000/_next/static/chunks/79846_next_dist_6d76e5e4._.js:2297
[  300262ms] [LOG] %c%s%c [findById] id: background: #e6e6e6;background: light-dark(rgba(0,0,0,0.1), rgba(255,255,255,0.25));color: #000000;color: light-dark(#000000, #ffffff);border-radius: 2px  Server   p1 normalized: p1 @ http://localhost:3000/_next/static/chunks/79846_next_dist_6d76e5e4._.js:2297
[  300267ms] [LOG] %c%s%c [findById] id: background: #e6e6e6;background: light-dark(rgba(0,0,0,0.1), rgba(255,255,255,0.25));color: #000000;color: light-dark(#000000, #ffffff);border-radius: 2px  Server   p1 normalized: p1 @ http://localhost:3000/_next/static/chunks/79846_next_dist_6d76e5e4._.js:2297
[  300267ms] [LOG] %c%s%c [findById] getAll returned background: #e6e6e6;background: light-dark(rgba(0,0,0,0.1), rgba(255,255,255,0.25));color: #000000;color: light-dark(#000000, #ffffff);border-radius: 2px  Server   12 posts @ http://localhost:3000/_next/static/chunks/79846_next_dist_6d76e5e4._.js:2297
[  300268ms] [LOG] %c%s%c [findById] Found by normalized match background: #e6e6e6;background: light-dark(rgba(0,0,0,0.1), rgba(255,255,255,0.25));color: #000000;color: light-dark(#000000, #ffffff);border-radius: 2px  Server   @ http://localhost:3000/_next/static/chunks/79846_next_dist_6d76e5e4._.js:2297
[  300268ms] [LOG] %c%s%c [PostPage] Found post: background: #e6e6e6;background: light-dark(rgba(0,0,0,0.1), rgba(255,255,255,0.25));color: #000000;color: light-dark(#000000, #ffffff);border-radius: 2px  Server   yes @ http://localhost:3000/_next/static/chunks/79846_next_dist_6d76e5e4._.js:2297
[  300268ms] [LOG] %c%s%c [findById] getAll returned background: #e6e6e6;background: light-dark(rgba(0,0,0,0.1), rgba(255,255,255,0.25));color: #000000;color: light-dark(#000000, #ffffff);border-radius: 2px  Server   12 posts @ http://localhost:3000/_next/static/chunks/79846_next_dist_6d76e5e4._.js:2297
[  300268ms] [LOG] %c%s%c [findById] Found by normalized match background: #e6e6e6;background: light-dark(rgba(0,0,0,0.1), rgba(255,255,255,0.25));color: #000000;color: light-dark(#000000, #ffffff);border-radius: 2px  Server   @ http://localhost:3000/_next/static/chunks/79846_next_dist_6d76e5e4._.js:2297
[  300456ms] [WARNING] Detected `scroll-behavior: smooth` on the `<html>` element. To disable smooth scrolling during route transitions, add `data-scroll-behavior="smooth"` to your <html> element. Learn more: https://nextjs.org/docs/messages/missing-data-scroll-behavior @ http://localhost:3000/_next/static/chunks/79846_next_dist_6d76e5e4._.js:2297
[  300630ms] [LOG] [Fast Refresh] rebuilding @ http://localhost:3000/_next/static/chunks/79846_next_dist_6d76e5e4._.js:2297
[  300771ms] [LOG] [Fast Refresh] done in 241ms @ http://localhost:3000/_next/static/chunks/79846_next_dist_6d76e5e4._.js:2297
[  307547ms] [LOG] [Fast Refresh] rebuilding @ http://localhost:3000/_next/static/chunks/79846_next_dist_6d76e5e4._.js:2297
[  307652ms] [LOG] [Fast Refresh] done in 205ms @ http://localhost:3000/_next/static/chunks/79846_next_dist_6d76e5e4._.js:2297
[  313240ms] [VERBOSE] [DOM] Input elements should have autocomplete attributes (suggested: "current-password"): (More info: https://goo.gl/9p2vKq) %o @ http://localhost:3000/login:0
[  335125ms] [LOG] [Fast Refresh] rebuilding @ http://localhost:3000/_next/static/chunks/79846_next_dist_6d76e5e4._.js:2297
[  335616ms] [LOG] [Fast Refresh] done in 592ms @ http://localhost:3000/_next/static/chunks/79846_next_dist_6d76e5e4._.js:2297
[  336010ms] [WARNING] %c%s%c Using the user object as returned from supabase.auth.getSession() or from some supabase.auth.onAuthStateChange() events could be insecure! This value comes directly from the storage medium (usually cookies on the server) and may not be authentic. Use supabase.auth.getUser() instead which authenticates the data by contacting the Supabase Auth server. background: #e6e6e6;background: light-dark(rgba(0,0,0,0.1), rgba(255,255,255,0.25));color: #000000;color: light-dark(#000000, #ffffff);border-radius: 2px  Server   @ http://localhost:3000/_next/static/chunks/79846_next_dist_6d76e5e4._.js:2297
[  349776ms] [WARNING] %c%s%c Using the user object as returned from supabase.auth.getSession() or from some supabase.auth.onAuthStateChange() events could be insecure! This value comes directly from the storage medium (usually cookies on the server) and may not be authentic. Use supabase.auth.getUser() instead which authenticates the data by contacting the Supabase Auth server. background: #e6e6e6;background: light-dark(rgba(0,0,0,0.1), rgba(255,255,255,0.25));color: #000000;color: light-dark(#000000, #ffffff);border-radius: 2px  Server   @ http://localhost:3000/_next/static/chunks/79846_next_dist_6d76e5e4._.js:2297
[  354619ms] [WARNING] %c%s%c Using the user object as returned from supabase.auth.getSession() or from some supabase.auth.onAuthStateChange() events could be insecure! This value comes directly from the storage medium (usually cookies on the server) and may not be authentic. Use supabase.auth.getUser() instead which authenticates the data by contacting the Supabase Auth server. background: #e6e6e6;background: light-dark(rgba(0,0,0,0.1), rgba(255,255,255,0.25));color: #000000;color: light-dark(#000000, #ffffff);border-radius: 2px  Server   @ http://localhost:3000/_next/static/chunks/79846_next_dist_6d76e5e4._.js:2297
[  359061ms] [LOG] [Fast Refresh] rebuilding @ http://localhost:3000/_next/static/chunks/79846_next_dist_6d76e5e4._.js:2297
[  359286ms] [LOG] [Fast Refresh] done in 327ms @ http://localhost:3000/_next/static/chunks/79846_next_dist_6d76e5e4._.js:2297
[  362356ms] [LOG] [Fast Refresh] rebuilding @ http://localhost:3000/_next/static/chunks/79846_next_dist_6d76e5e4._.js:2297
[  362582ms] [LOG] [Fast Refresh] done in 327ms @ http://localhost:3000/_next/static/chunks/79846_next_dist_6d76e5e4._.js:2297
[  368305ms] [WARNING] %c%s%c Using the user object as returned from supabase.auth.getSession() or from some supabase.auth.onAuthStateChange() events could be insecure! This value comes directly from the storage medium (usually cookies on the server) and may not be authentic. Use supabase.auth.getUser() instead which authenticates the data by contacting the Supabase Auth server. background: #e6e6e6;background: light-dark(rgba(0,0,0,0.1), rgba(255,255,255,0.25));color: #000000;color: light-dark(#000000, #ffffff);border-radius: 2px  Server   @ http://localhost:3000/_next/static/chunks/79846_next_dist_6d76e5e4._.js:2297
[  514935ms] [WARNING] %c%s%c Using the user object as returned from supabase.auth.getSession() or from some supabase.auth.onAuthStateChange() events could be insecure! This value comes directly from the storage medium (usually cookies on the server) and may not be authentic. Use supabase.auth.getUser() instead which authenticates the data by contacting the Supabase Auth server. background: #e6e6e6;background: light-dark(rgba(0,0,0,0.1), rgba(255,255,255,0.25));color: #000000;color: light-dark(#000000, #ffffff);border-radius: 2px  Server   @ http://localhost:3000/_next/static/chunks/79846_next_dist_6d76e5e4._.js:2297
