[     757ms] [INFO] %cDownload the React DevTools for a better development experience: https://react.dev/link/react-devtools font-weight:bold @ http://localhost:3000/_next/static/chunks/79846_next_dist_6d76e5e4._.js:2297
[     781ms] [LOG] %c%s%c [PostPage] Loading post: background: #e6e6e6;background: light-dark(rgba(0,0,0,0.1), rgba(255,255,255,0.25));color: #000000;color: light-dark(#000000, #ffffff);border-radius: 2px  Server   260d4729-d9b5-434d-9162-b6e340a3c13a @ http://localhost:3000/_next/static/chunks/79846_next_dist_6d76e5e4._.js:2297
[     782ms] [LOG] %c%s%c [findById] id: background: #e6e6e6;background: light-dark(rgba(0,0,0,0.1), rgba(255,255,255,0.25));color: #000000;color: light-dark(#000000, #ffffff);border-radius: 2px  Server   260d4729-d9b5-434d-9162-b6e340a3c13a normalized: 260d4729-d9b5-434d-9162-b6e340a3c13a @ http://localhost:3000/_next/static/chunks/79846_next_dist_6d76e5e4._.js:2297
[     782ms] [LOG] %c%s%c [findById] UUID detected - trying Supabase first for real user post background: #e6e6e6;background: light-dark(rgba(0,0,0,0.1), rgba(255,255,255,0.25));color: #000000;color: light-dark(#000000, #ffffff);border-radius: 2px  Server   @ http://localhost:3000/_next/static/chunks/79846_next_dist_6d76e5e4._.js:2297
[     782ms] [LOG] %c%s%c [findById] id: background: #e6e6e6;background: light-dark(rgba(0,0,0,0.1), rgba(255,255,255,0.25));color: #000000;color: light-dark(#000000, #ffffff);border-radius: 2px  Server   260d4729-d9b5-434d-9162-b6e340a3c13a normalized: 260d4729-d9b5-434d-9162-b6e340a3c13a @ http://localhost:3000/_next/static/chunks/79846_next_dist_6d76e5e4._.js:2297
[     783ms] [LOG] %c%s%c [findById] UUID detected - trying Supabase first for real user post background: #e6e6e6;background: light-dark(rgba(0,0,0,0.1), rgba(255,255,255,0.25));color: #000000;color: light-dark(#000000, #ffffff);border-radius: 2px  Server   @ http://localhost:3000/_next/static/chunks/79846_next_dist_6d76e5e4._.js:2297
[     790ms] [LOG] %c%s%c [findById] Found real user post in Supabase background: #e6e6e6;background: light-dark(rgba(0,0,0,0.1), rgba(255,255,255,0.25));color: #000000;color: light-dark(#000000, #ffffff);border-radius: 2px  Server   @ http://localhost:3000/_next/static/chunks/79846_next_dist_6d76e5e4._.js:2297
[     790ms] [LOG] %c%s%c [findById] Found real user post in Supabase background: #e6e6e6;background: light-dark(rgba(0,0,0,0.1), rgba(255,255,255,0.25));color: #000000;color: light-dark(#000000, #ffffff);border-radius: 2px  Server   @ http://localhost:3000/_next/static/chunks/79846_next_dist_6d76e5e4._.js:2297
[     791ms] [LOG] %c%s%c [PostPage] Found post: background: #e6e6e6;background: light-dark(rgba(0,0,0,0.1), rgba(255,255,255,0.25));color: #000000;color: light-dark(#000000, #ffffff);border-radius: 2px  Server   yes @ http://localhost:3000/_next/static/chunks/79846_next_dist_6d76e5e4._.js:2297
[     809ms] [LOG] [HMR] connected @ http://localhost:3000/_next/static/chunks/79846_next_dist_6d76e5e4._.js:2297
[   29901ms] [WARNING] Detected `scroll-behavior: smooth` on the `<html>` element. To disable smooth scrolling during route transitions, add `data-scroll-behavior="smooth"` to your <html> element. Learn more: https://nextjs.org/docs/messages/missing-data-scroll-behavior @ http://localhost:3000/_next/static/chunks/79846_next_dist_6d76e5e4._.js:2297
[   34728ms] [LOG] %c%s%c [PostPage] Loading post: background: #e6e6e6;background: light-dark(rgba(0,0,0,0.1), rgba(255,255,255,0.25));color: #000000;color: light-dark(#000000, #ffffff);border-radius: 2px  Server   260d4729-d9b5-434d-9162-b6e340a3c13a @ http://localhost:3000/_next/static/chunks/79846_next_dist_6d76e5e4._.js:2297
[   34728ms] [LOG] %c%s%c [findById] id: background: #e6e6e6;background: light-dark(rgba(0,0,0,0.1), rgba(255,255,255,0.25));color: #000000;color: light-dark(#000000, #ffffff);border-radius: 2px  Server   260d4729-d9b5-434d-9162-b6e340a3c13a normalized: 260d4729-d9b5-434d-9162-b6e340a3c13a @ http://localhost:3000/_next/static/chunks/79846_next_dist_6d76e5e4._.js:2297
[   34729ms] [LOG] %c%s%c [findById] UUID detected - trying Supabase first for real user post background: #e6e6e6;background: light-dark(rgba(0,0,0,0.1), rgba(255,255,255,0.25));color: #000000;color: light-dark(#000000, #ffffff);border-radius: 2px  Server   @ http://localhost:3000/_next/static/chunks/79846_next_dist_6d76e5e4._.js:2297
[   35133ms] [LOG] %c%s%c [findById] id: background: #e6e6e6;background: light-dark(rgba(0,0,0,0.1), rgba(255,255,255,0.25));color: #000000;color: light-dark(#000000, #ffffff);border-radius: 2px  Server   260d4729-d9b5-434d-9162-b6e340a3c13a normalized: 260d4729-d9b5-434d-9162-b6e340a3c13a @ http://localhost:3000/_next/static/chunks/79846_next_dist_6d76e5e4._.js:2297
[   35133ms] [LOG] %c%s%c [findById] UUID detected - trying Supabase first for real user post background: #e6e6e6;background: light-dark(rgba(0,0,0,0.1), rgba(255,255,255,0.25));color: #000000;color: light-dark(#000000, #ffffff);border-radius: 2px  Server   @ http://localhost:3000/_next/static/chunks/79846_next_dist_6d76e5e4._.js:2297
[   35133ms] [LOG] %c%s%c [findById] Found real user post in Supabase background: #e6e6e6;background: light-dark(rgba(0,0,0,0.1), rgba(255,255,255,0.25));color: #000000;color: light-dark(#000000, #ffffff);border-radius: 2px  Server   @ http://localhost:3000/_next/static/chunks/79846_next_dist_6d76e5e4._.js:2297
[   35133ms] [LOG] %c%s%c [findById] Found real user post in Supabase background: #e6e6e6;background: light-dark(rgba(0,0,0,0.1), rgba(255,255,255,0.25));color: #000000;color: light-dark(#000000, #ffffff);border-radius: 2px  Server   @ http://localhost:3000/_next/static/chunks/79846_next_dist_6d76e5e4._.js:2297
[   35133ms] [LOG] %c%s%c [PostPage] Found post: background: #e6e6e6;background: light-dark(rgba(0,0,0,0.1), rgba(255,255,255,0.25));color: #000000;color: light-dark(#000000, #ffffff);border-radius: 2px  Server   yes @ http://localhost:3000/_next/static/chunks/79846_next_dist_6d76e5e4._.js:2297
[  207921ms] [LOG] [Fast Refresh] rebuilding @ http://localhost:3000/_next/static/chunks/79846_next_dist_6d76e5e4._.js:2297
[  208070ms] [LOG] [Fast Refresh] done in 61ms @ http://localhost:3000/_next/static/chunks/79846_next_dist_6d76e5e4._.js:2297
[  208172ms] [LOG] [Fast Refresh] rebuilding @ http://localhost:3000/_next/static/chunks/79846_next_dist_6d76e5e4._.js:2297
[  208203ms] [LOG] [Fast Refresh] done in 133ms @ http://localhost:3000/_next/static/chunks/79846_next_dist_6d76e5e4._.js:2297
