[ 2523778ms] [ERROR] Failed to load resource: net::ERR_INTERNET_DISCONNECTED @ https://centsably.com/api/broadcasts/my:0
[ 2523778ms] [ERROR] [broadcasts] Failed to fetch: TypeError: Failed to fetch
    at e (https://centsably.com/_next/static/chunks/c726b276861ccc20.js:1:38454) @ https://centsably.com/_next/static/chunks/c726b276861ccc20.js:0
[ 2643776ms] [ERROR] Failed to load resource: net::ERR_INTERNET_DISCONNECTED @ https://centsably.com/api/broadcasts/my:0
[ 2643776ms] [ERROR] [broadcasts] Failed to fetch: TypeError: Failed to fetch
    at e (https://centsably.com/_next/static/chunks/c726b276861ccc20.js:1:38454) @ https://centsably.com/_next/static/chunks/c726b276861ccc20.js:0
[ 2763778ms] [ERROR] Failed to load resource: net::ERR_INTERNET_DISCONNECTED @ https://centsably.com/api/broadcasts/my:0
[ 2763778ms] [ERROR] [broadcasts] Failed to fetch: TypeError: Failed to fetch
    at e (https://centsably.com/_next/static/chunks/c726b276861ccc20.js:1:38454) @ https://centsably.com/_next/static/chunks/c726b276861ccc20.js:0
[ 2883778ms] [ERROR] Failed to load resource: net::ERR_INTERNET_DISCONNECTED @ https://centsably.com/api/broadcasts/my:0
[ 2883778ms] [ERROR] [broadcasts] Failed to fetch: TypeError: Failed to fetch
    at e (https://centsably.com/_next/static/chunks/c726b276861ccc20.js:1:38454) @ https://centsably.com/_next/static/chunks/c726b276861ccc20.js:0
[ 3003781ms] [ERROR] Failed to load resource: net::ERR_INTERNET_DISCONNECTED @ https://centsably.com/api/broadcasts/my:0
[ 3003781ms] [ERROR] [broadcasts] Failed to fetch: TypeError: Failed to fetch
    at e (https://centsably.com/_next/static/chunks/c726b276861ccc20.js:1:38454) @ https://centsably.com/_next/static/chunks/c726b276861ccc20.js:0
[ 3123782ms] [ERROR] Failed to load resource: net::ERR_INTERNET_DISCONNECTED @ https://centsably.com/api/broadcasts/my:0
[ 3123782ms] [ERROR] [broadcasts] Failed to fetch: TypeError: Failed to fetch
    at e (https://centsably.com/_next/static/chunks/c726b276861ccc20.js:1:38454) @ https://centsably.com/_next/static/chunks/c726b276861ccc20.js:0
[ 3243783ms] [ERROR] Failed to load resource: net::ERR_INTERNET_DISCONNECTED @ https://centsably.com/api/broadcasts/my:0
[ 3243783ms] [ERROR] [broadcasts] Failed to fetch: TypeError: Failed to fetch
    at e (https://centsably.com/_next/static/chunks/c726b276861ccc20.js:1:38454) @ https://centsably.com/_next/static/chunks/c726b276861ccc20.js:0
[ 3363784ms] [ERROR] Failed to load resource: net::ERR_INTERNET_DISCONNECTED @ https://centsably.com/api/broadcasts/my:0
[ 3363785ms] [ERROR] [broadcasts] Failed to fetch: TypeError: Failed to fetch
    at e (https://centsably.com/_next/static/chunks/c726b276861ccc20.js:1:38454) @ https://centsably.com/_next/static/chunks/c726b276861ccc20.js:0
[ 3483785ms] [ERROR] Failed to load resource: net::ERR_INTERNET_DISCONNECTED @ https://iosqlvqthdoxzvdwliat.supabase.co/auth/v1/token?grant_type=refresh_token:0
[ 3483785ms] [ERROR] TypeError: Failed to fetch
    at https://centsably.com/_next/static/chunks/6967033a77931a88.js:24:38565
    at tB (https://centsably.com/_next/static/chunks/6967033a77931a88.js:24:43505)
    at tL (https://centsably.com/_next/static/chunks/6967033a77931a88.js:24:43033)
    at r (https://centsably.com/_next/static/chunks/6967033a77931a88.js:37:25000)
    at https://centsably.com/_next/static/chunks/6967033a77931a88.js:37:25263
    at https://centsably.com/_next/static/chunks/6967033a77931a88.js:37:25340
    at new Promise (<anonymous>)
    at rf._refreshAccessToken (https://centsably.com/_next/static/chunks/6967033a77931a88.js:37:25194)
    at rf._callRefreshToken (https://centsably.com/_next/static/chunks/6967033a77931a88.js:37:27943)
    at https://centsably.com/_next/static/chunks/6967033a77931a88.js:37:31547 @ https://centsably.com/_next/static/chunks/c726b276861ccc20.js:0
[ 3483786ms] [ERROR] Failed to load resource: net::ERR_INTERNET_DISCONNECTED @ https://centsably.com/api/broadcasts/my:0
[ 3483786ms] [ERROR] [broadcasts] Failed to fetch: TypeError: Failed to fetch
    at e (https://centsably.com/_next/static/chunks/c726b276861ccc20.js:1:38454) @ https://centsably.com/_next/static/chunks/c726b276861ccc20.js:0
[ 3483992ms] [ERROR] Failed to load resource: net::ERR_INTERNET_DISCONNECTED @ https://iosqlvqthdoxzvdwliat.supabase.co/auth/v1/token?grant_type=refresh_token:0
[ 3483993ms] [ERROR] TypeError: Failed to fetch
    at https://centsably.com/_next/static/chunks/6967033a77931a88.js:24:38565
    at tB (https://centsably.com/_next/static/chunks/6967033a77931a88.js:24:43505)
    at tL (https://centsably.com/_next/static/chunks/6967033a77931a88.js:24:43033)
    at r (https://centsably.com/_next/static/chunks/6967033a77931a88.js:37:25000)
    at async https://centsably.com/_next/static/chunks/6967033a77931a88.js:37:25257 @ https://centsably.com/_next/static/chunks/c726b276861ccc20.js:0
[ 3484399ms] [ERROR] Failed to load resource: net::ERR_INTERNET_DISCONNECTED @ https://iosqlvqthdoxzvdwliat.supabase.co/auth/v1/token?grant_type=refresh_token:0
[ 3484399ms] [ERROR] TypeError: Failed to fetch
    at https://centsably.com/_next/static/chunks/6967033a77931a88.js:24:38565
    at tB (https://centsably.com/_next/static/chunks/6967033a77931a88.js:24:43505)
    at tL (https://centsably.com/_next/static/chunks/6967033a77931a88.js:24:43033)
    at r (https://centsably.com/_next/static/chunks/6967033a77931a88.js:37:25000)
    at async https://centsably.com/_next/static/chunks/6967033a77931a88.js:37:25257 @ https://centsably.com/_next/static/chunks/c726b276861ccc20.js:0
[ 3485205ms] [ERROR] Failed to load resource: net::ERR_INTERNET_DISCONNECTED @ https://iosqlvqthdoxzvdwliat.supabase.co/auth/v1/token?grant_type=refresh_token:0
[ 3485205ms] [ERROR] TypeError: Failed to fetch
    at https://centsably.com/_next/static/chunks/6967033a77931a88.js:24:38565
    at tB (https://centsably.com/_next/static/chunks/6967033a77931a88.js:24:43505)
    at tL (https://centsably.com/_next/static/chunks/6967033a77931a88.js:24:43033)
    at r (https://centsably.com/_next/static/chunks/6967033a77931a88.js:37:25000)
    at async https://centsably.com/_next/static/chunks/6967033a77931a88.js:37:25257 @ https://centsably.com/_next/static/chunks/c726b276861ccc20.js:0
[ 3486812ms] [ERROR] Failed to load resource: net::ERR_INTERNET_DISCONNECTED @ https://iosqlvqthdoxzvdwliat.supabase.co/auth/v1/token?grant_type=refresh_token:0
[ 3486812ms] [ERROR] TypeError: Failed to fetch
    at https://centsably.com/_next/static/chunks/6967033a77931a88.js:24:38565
    at tB (https://centsably.com/_next/static/chunks/6967033a77931a88.js:24:43505)
    at tL (https://centsably.com/_next/static/chunks/6967033a77931a88.js:24:43033)
    at r (https://centsably.com/_next/static/chunks/6967033a77931a88.js:37:25000)
    at async https://centsably.com/_next/static/chunks/6967033a77931a88.js:37:25257 @ https://centsably.com/_next/static/chunks/c726b276861ccc20.js:0
[ 3490020ms] [ERROR] Failed to load resource: net::ERR_INTERNET_DISCONNECTED @ https://iosqlvqthdoxzvdwliat.supabase.co/auth/v1/token?grant_type=refresh_token:0
[ 3490020ms] [ERROR] TypeError: Failed to fetch
    at https://centsably.com/_next/static/chunks/6967033a77931a88.js:24:38565
    at tB (https://centsably.com/_next/static/chunks/6967033a77931a88.js:24:43505)
    at tL (https://centsably.com/_next/static/chunks/6967033a77931a88.js:24:43033)
    at r (https://centsably.com/_next/static/chunks/6967033a77931a88.js:37:25000)
    at async https://centsably.com/_next/static/chunks/6967033a77931a88.js:37:25257 @ https://centsably.com/_next/static/chunks/c726b276861ccc20.js:0
[ 3496426ms] [ERROR] Failed to load resource: net::ERR_INTERNET_DISCONNECTED @ https://iosqlvqthdoxzvdwliat.supabase.co/auth/v1/token?grant_type=refresh_token:0
[ 3496426ms] [ERROR] TypeError: Failed to fetch
    at https://centsably.com/_next/static/chunks/6967033a77931a88.js:24:38565
    at tB (https://centsably.com/_next/static/chunks/6967033a77931a88.js:24:43505)
    at tL (https://centsably.com/_next/static/chunks/6967033a77931a88.js:24:43033)
    at r (https://centsably.com/_next/static/chunks/6967033a77931a88.js:37:25000)
    at async https://centsably.com/_next/static/chunks/6967033a77931a88.js:37:25257 @ https://centsably.com/_next/static/chunks/c726b276861ccc20.js:0
[ 3509232ms] [ERROR] Failed to load resource: net::ERR_INTERNET_DISCONNECTED @ https://iosqlvqthdoxzvdwliat.supabase.co/auth/v1/token?grant_type=refresh_token:0
[ 3509233ms] [ERROR] TypeError: Failed to fetch
    at https://centsably.com/_next/static/chunks/6967033a77931a88.js:24:38565
    at tB (https://centsably.com/_next/static/chunks/6967033a77931a88.js:24:43505)
    at tL (https://centsably.com/_next/static/chunks/6967033a77931a88.js:24:43033)
    at r (https://centsably.com/_next/static/chunks/6967033a77931a88.js:37:25000)
    at async https://centsably.com/_next/static/chunks/6967033a77931a88.js:37:25257 @ https://centsably.com/_next/static/chunks/c726b276861ccc20.js:0
[ 3513784ms] [ERROR] Failed to load resource: net::ERR_INTERNET_DISCONNECTED @ https://iosqlvqthdoxzvdwliat.supabase.co/auth/v1/token?grant_type=refresh_token:0
[ 3513784ms] [ERROR] TypeError: Failed to fetch
    at https://centsably.com/_next/static/chunks/6967033a77931a88.js:24:38565
    at tB (https://centsably.com/_next/static/chunks/6967033a77931a88.js:24:43505)
    at tL (https://centsably.com/_next/static/chunks/6967033a77931a88.js:24:43033)
    at r (https://centsably.com/_next/static/chunks/6967033a77931a88.js:37:25000)
    at https://centsably.com/_next/static/chunks/6967033a77931a88.js:37:25263
    at https://centsably.com/_next/static/chunks/6967033a77931a88.js:37:25340
    at new Promise (<anonymous>)
    at rf._refreshAccessToken (https://centsably.com/_next/static/chunks/6967033a77931a88.js:37:25194)
    at rf._callRefreshToken (https://centsably.com/_next/static/chunks/6967033a77931a88.js:37:27943)
    at rf.__loadSession (https://centsably.com/_next/static/chunks/6967033a77931a88.js:37:14186) @ https://centsably.com/_next/static/chunks/c726b276861ccc20.js:0
[ 3513990ms] [ERROR] Failed to load resource: net::ERR_INTERNET_DISCONNECTED @ https://iosqlvqthdoxzvdwliat.supabase.co/auth/v1/token?grant_type=refresh_token:0
[ 3513990ms] [ERROR] TypeError: Failed to fetch
    at https://centsably.com/_next/static/chunks/6967033a77931a88.js:24:38565
    at tB (https://centsably.com/_next/static/chunks/6967033a77931a88.js:24:43505)
    at tL (https://centsably.com/_next/static/chunks/6967033a77931a88.js:24:43033)
    at r (https://centsably.com/_next/static/chunks/6967033a77931a88.js:37:25000)
    at async https://centsably.com/_next/static/chunks/6967033a77931a88.js:37:25257 @ https://centsably.com/_next/static/chunks/c726b276861ccc20.js:0
[ 3514397ms] [ERROR] Failed to load resource: net::ERR_INTERNET_DISCONNECTED @ https://iosqlvqthdoxzvdwliat.supabase.co/auth/v1/token?grant_type=refresh_token:0
[ 3514397ms] [ERROR] TypeError: Failed to fetch
    at https://centsably.com/_next/static/chunks/6967033a77931a88.js:24:38565
    at tB (https://centsably.com/_next/static/chunks/6967033a77931a88.js:24:43505)
    at tL (https://centsably.com/_next/static/chunks/6967033a77931a88.js:24:43033)
    at r (https://centsably.com/_next/static/chunks/6967033a77931a88.js:37:25000)
    at async https://centsably.com/_next/static/chunks/6967033a77931a88.js:37:25257 @ https://centsably.com/_next/static/chunks/c726b276861ccc20.js:0
[ 3515202ms] [ERROR] Failed to load resource: net::ERR_INTERNET_DISCONNECTED @ https://iosqlvqthdoxzvdwliat.supabase.co/auth/v1/token?grant_type=refresh_token:0
[ 3515202ms] [ERROR] TypeError: Failed to fetch
    at https://centsably.com/_next/static/chunks/6967033a77931a88.js:24:38565
    at tB (https://centsably.com/_next/static/chunks/6967033a77931a88.js:24:43505)
    at tL (https://centsably.com/_next/static/chunks/6967033a77931a88.js:24:43033)
    at r (https://centsably.com/_next/static/chunks/6967033a77931a88.js:37:25000)
    at async https://centsably.com/_next/static/chunks/6967033a77931a88.js:37:25257 @ https://centsably.com/_next/static/chunks/c726b276861ccc20.js:0
[ 3516809ms] [ERROR] Failed to load resource: net::ERR_INTERNET_DISCONNECTED @ https://iosqlvqthdoxzvdwliat.supabase.co/auth/v1/token?grant_type=refresh_token:0
[ 3516809ms] [ERROR] TypeError: Failed to fetch
    at https://centsably.com/_next/static/chunks/6967033a77931a88.js:24:38565
    at tB (https://centsably.com/_next/static/chunks/6967033a77931a88.js:24:43505)
    at tL (https://centsably.com/_next/static/chunks/6967033a77931a88.js:24:43033)
    at r (https://centsably.com/_next/static/chunks/6967033a77931a88.js:37:25000)
    at async https://centsably.com/_next/static/chunks/6967033a77931a88.js:37:25257 @ https://centsably.com/_next/static/chunks/c726b276861ccc20.js:0
[ 3520014ms] [ERROR] Failed to load resource: net::ERR_INTERNET_DISCONNECTED @ https://iosqlvqthdoxzvdwliat.supabase.co/auth/v1/token?grant_type=refresh_token:0
[ 3520014ms] [ERROR] TypeError: Failed to fetch
    at https://centsably.com/_next/static/chunks/6967033a77931a88.js:24:38565
    at tB (https://centsably.com/_next/static/chunks/6967033a77931a88.js:24:43505)
    at tL (https://centsably.com/_next/static/chunks/6967033a77931a88.js:24:43033)
    at r (https://centsably.com/_next/static/chunks/6967033a77931a88.js:37:25000)
    at async https://centsably.com/_next/static/chunks/6967033a77931a88.js:37:25257 @ https://centsably.com/_next/static/chunks/c726b276861ccc20.js:0
[ 3526420ms] [ERROR] Failed to load resource: net::ERR_INTERNET_DISCONNECTED @ https://iosqlvqthdoxzvdwliat.supabase.co/auth/v1/token?grant_type=refresh_token:0
[ 3526420ms] [ERROR] TypeError: Failed to fetch
    at https://centsably.com/_next/static/chunks/6967033a77931a88.js:24:38565
    at tB (https://centsably.com/_next/static/chunks/6967033a77931a88.js:24:43505)
    at tL (https://centsably.com/_next/static/chunks/6967033a77931a88.js:24:43033)
    at r (https://centsably.com/_next/static/chunks/6967033a77931a88.js:37:25000)
    at async https://centsably.com/_next/static/chunks/6967033a77931a88.js:37:25257 @ https://centsably.com/_next/static/chunks/c726b276861ccc20.js:0
[ 3539227ms] [ERROR] Failed to load resource: net::ERR_INTERNET_DISCONNECTED @ https://iosqlvqthdoxzvdwliat.supabase.co/auth/v1/token?grant_type=refresh_token:0
[ 3539227ms] [ERROR] TypeError: Failed to fetch
    at https://centsably.com/_next/static/chunks/6967033a77931a88.js:24:38565
    at tB (https://centsably.com/_next/static/chunks/6967033a77931a88.js:24:43505)
    at tL (https://centsably.com/_next/static/chunks/6967033a77931a88.js:24:43033)
    at r (https://centsably.com/_next/static/chunks/6967033a77931a88.js:37:25000)
    at async https://centsably.com/_next/static/chunks/6967033a77931a88.js:37:25257 @ https://centsably.com/_next/static/chunks/c726b276861ccc20.js:0
[ 3543787ms] [ERROR] Failed to load resource: net::ERR_INTERNET_DISCONNECTED @ https://iosqlvqthdoxzvdwliat.supabase.co/auth/v1/token?grant_type=refresh_token:0
[ 3543787ms] [ERROR] TypeError: Failed to fetch
    at https://centsably.com/_next/static/chunks/6967033a77931a88.js:24:38565
    at tB (https://centsably.com/_next/static/chunks/6967033a77931a88.js:24:43505)
    at tL (https://centsably.com/_next/static/chunks/6967033a77931a88.js:24:43033)
    at r (https://centsably.com/_next/static/chunks/6967033a77931a88.js:37:25000)
    at https://centsably.com/_next/static/chunks/6967033a77931a88.js:37:25263
    at https://centsably.com/_next/static/chunks/6967033a77931a88.js:37:25340
    at new Promise (<anonymous>)
    at rf._refreshAccessToken (https://centsably.com/_next/static/chunks/6967033a77931a88.js:37:25194)
    at rf._callRefreshToken (https://centsably.com/_next/static/chunks/6967033a77931a88.js:37:27943)
    at rf.__loadSession (https://centsably.com/_next/static/chunks/6967033a77931a88.js:37:14186) @ https://centsably.com/_next/static/chunks/c726b276861ccc20.js:0
[ 3543991ms] [ERROR] Failed to load resource: net::ERR_INTERNET_DISCONNECTED @ https://iosqlvqthdoxzvdwliat.supabase.co/auth/v1/token?grant_type=refresh_token:0
[ 3543991ms] [ERROR] TypeError: Failed to fetch
    at https://centsably.com/_next/static/chunks/6967033a77931a88.js:24:38565
    at tB (https://centsably.com/_next/static/chunks/6967033a77931a88.js:24:43505)
    at tL (https://centsably.com/_next/static/chunks/6967033a77931a88.js:24:43033)
    at r (https://centsably.com/_next/static/chunks/6967033a77931a88.js:37:25000)
    at async https://centsably.com/_next/static/chunks/6967033a77931a88.js:37:25257 @ https://centsably.com/_next/static/chunks/c726b276861ccc20.js:0
[ 3544396ms] [ERROR] Failed to load resource: net::ERR_INTERNET_DISCONNECTED @ https://iosqlvqthdoxzvdwliat.supabase.co/auth/v1/token?grant_type=refresh_token:0
[ 3544396ms] [ERROR] TypeError: Failed to fetch
    at https://centsably.com/_next/static/chunks/6967033a77931a88.js:24:38565
    at tB (https://centsably.com/_next/static/chunks/6967033a77931a88.js:24:43505)
    at tL (https://centsably.com/_next/static/chunks/6967033a77931a88.js:24:43033)
    at r (https://centsably.com/_next/static/chunks/6967033a77931a88.js:37:25000)
    at async https://centsably.com/_next/static/chunks/6967033a77931a88.js:37:25257 @ https://centsably.com/_next/static/chunks/c726b276861ccc20.js:0
[ 3545202ms] [ERROR] Failed to load resource: net::ERR_INTERNET_DISCONNECTED @ https://iosqlvqthdoxzvdwliat.supabase.co/auth/v1/token?grant_type=refresh_token:0
[ 3545202ms] [ERROR] TypeError: Failed to fetch
    at https://centsably.com/_next/static/chunks/6967033a77931a88.js:24:38565
    at tB (https://centsably.com/_next/static/chunks/6967033a77931a88.js:24:43505)
    at tL (https://centsably.com/_next/static/chunks/6967033a77931a88.js:24:43033)
    at r (https://centsably.com/_next/static/chunks/6967033a77931a88.js:37:25000)
    at async https://centsably.com/_next/static/chunks/6967033a77931a88.js:37:25257 @ https://centsably.com/_next/static/chunks/c726b276861ccc20.js:0
[ 3546809ms] [ERROR] Failed to load resource: net::ERR_INTERNET_DISCONNECTED @ https://iosqlvqthdoxzvdwliat.supabase.co/auth/v1/token?grant_type=refresh_token:0
[ 3546809ms] [ERROR] TypeError: Failed to fetch
    at https://centsably.com/_next/static/chunks/6967033a77931a88.js:24:38565
    at tB (https://centsably.com/_next/static/chunks/6967033a77931a88.js:24:43505)
    at tL (https://centsably.com/_next/static/chunks/6967033a77931a88.js:24:43033)
    at r (https://centsably.com/_next/static/chunks/6967033a77931a88.js:37:25000)
    at async https://centsably.com/_next/static/chunks/6967033a77931a88.js:37:25257 @ https://centsably.com/_next/static/chunks/c726b276861ccc20.js:0
[ 3550014ms] [ERROR] Failed to load resource: net::ERR_INTERNET_DISCONNECTED @ https://iosqlvqthdoxzvdwliat.supabase.co/auth/v1/token?grant_type=refresh_token:0
[ 3550014ms] [ERROR] TypeError: Failed to fetch
    at https://centsably.com/_next/static/chunks/6967033a77931a88.js:24:38565
    at tB (https://centsably.com/_next/static/chunks/6967033a77931a88.js:24:43505)
    at tL (https://centsably.com/_next/static/chunks/6967033a77931a88.js:24:43033)
    at r (https://centsably.com/_next/static/chunks/6967033a77931a88.js:37:25000)
    at async https://centsably.com/_next/static/chunks/6967033a77931a88.js:37:25257 @ https://centsably.com/_next/static/chunks/c726b276861ccc20.js:0
[ 3556421ms] [ERROR] Failed to load resource: net::ERR_INTERNET_DISCONNECTED @ https://iosqlvqthdoxzvdwliat.supabase.co/auth/v1/token?grant_type=refresh_token:0
[ 3556421ms] [ERROR] TypeError: Failed to fetch
    at https://centsably.com/_next/static/chunks/6967033a77931a88.js:24:38565
    at tB (https://centsably.com/_next/static/chunks/6967033a77931a88.js:24:43505)
    at tL (https://centsably.com/_next/static/chunks/6967033a77931a88.js:24:43033)
    at r (https://centsably.com/_next/static/chunks/6967033a77931a88.js:37:25000)
    at async https://centsably.com/_next/static/chunks/6967033a77931a88.js:37:25257 @ https://centsably.com/_next/static/chunks/c726b276861ccc20.js:0
[ 3569227ms] [ERROR] Failed to load resource: net::ERR_INTERNET_DISCONNECTED @ https://iosqlvqthdoxzvdwliat.supabase.co/auth/v1/token?grant_type=refresh_token:0
[ 3569227ms] [ERROR] TypeError: Failed to fetch
    at https://centsably.com/_next/static/chunks/6967033a77931a88.js:24:38565
    at tB (https://centsably.com/_next/static/chunks/6967033a77931a88.js:24:43505)
    at tL (https://centsably.com/_next/static/chunks/6967033a77931a88.js:24:43033)
    at r (https://centsably.com/_next/static/chunks/6967033a77931a88.js:37:25000)
    at async https://centsably.com/_next/static/chunks/6967033a77931a88.js:37:25257 @ https://centsably.com/_next/static/chunks/c726b276861ccc20.js:0
[ 3573785ms] [ERROR] Failed to load resource: net::ERR_INTERNET_DISCONNECTED @ https://iosqlvqthdoxzvdwliat.supabase.co/auth/v1/token?grant_type=refresh_token:0
[ 3573785ms] [ERROR] TypeError: Failed to fetch
    at https://centsably.com/_next/static/chunks/6967033a77931a88.js:24:38565
    at tB (https://centsably.com/_next/static/chunks/6967033a77931a88.js:24:43505)
    at tL (https://centsably.com/_next/static/chunks/6967033a77931a88.js:24:43033)
    at r (https://centsably.com/_next/static/chunks/6967033a77931a88.js:37:25000)
    at https://centsably.com/_next/static/chunks/6967033a77931a88.js:37:25263
    at https://centsably.com/_next/static/chunks/6967033a77931a88.js:37:25340
    at new Promise (<anonymous>)
    at rf._refreshAccessToken (https://centsably.com/_next/static/chunks/6967033a77931a88.js:37:25194)
    at rf._callRefreshToken (https://centsably.com/_next/static/chunks/6967033a77931a88.js:37:27943)
    at rf.__loadSession (https://centsably.com/_next/static/chunks/6967033a77931a88.js:37:14186) @ https://centsably.com/_next/static/chunks/c726b276861ccc20.js:0
[ 3573990ms] [ERROR] Failed to load resource: net::ERR_INTERNET_DISCONNECTED @ https://iosqlvqthdoxzvdwliat.supabase.co/auth/v1/token?grant_type=refresh_token:0
[ 3573990ms] [ERROR] TypeError: Failed to fetch
    at https://centsably.com/_next/static/chunks/6967033a77931a88.js:24:38565
    at tB (https://centsably.com/_next/static/chunks/6967033a77931a88.js:24:43505)
    at tL (https://centsably.com/_next/static/chunks/6967033a77931a88.js:24:43033)
    at r (https://centsably.com/_next/static/chunks/6967033a77931a88.js:37:25000)
    at async https://centsably.com/_next/static/chunks/6967033a77931a88.js:37:25257 @ https://centsably.com/_next/static/chunks/c726b276861ccc20.js:0
[ 3574395ms] [ERROR] Failed to load resource: net::ERR_INTERNET_DISCONNECTED @ https://iosqlvqthdoxzvdwliat.supabase.co/auth/v1/token?grant_type=refresh_token:0
[ 3574395ms] [ERROR] TypeError: Failed to fetch
    at https://centsably.com/_next/static/chunks/6967033a77931a88.js:24:38565
    at tB (https://centsably.com/_next/static/chunks/6967033a77931a88.js:24:43505)
    at tL (https://centsably.com/_next/static/chunks/6967033a77931a88.js:24:43033)
    at r (https://centsably.com/_next/static/chunks/6967033a77931a88.js:37:25000)
    at async https://centsably.com/_next/static/chunks/6967033a77931a88.js:37:25257 @ https://centsably.com/_next/static/chunks/c726b276861ccc20.js:0
[ 3575200ms] [ERROR] Failed to load resource: net::ERR_INTERNET_DISCONNECTED @ https://iosqlvqthdoxzvdwliat.supabase.co/auth/v1/token?grant_type=refresh_token:0
[ 3575200ms] [ERROR] TypeError: Failed to fetch
    at https://centsably.com/_next/static/chunks/6967033a77931a88.js:24:38565
    at tB (https://centsably.com/_next/static/chunks/6967033a77931a88.js:24:43505)
    at tL (https://centsably.com/_next/static/chunks/6967033a77931a88.js:24:43033)
    at r (https://centsably.com/_next/static/chunks/6967033a77931a88.js:37:25000)
    at async https://centsably.com/_next/static/chunks/6967033a77931a88.js:37:25257 @ https://centsably.com/_next/static/chunks/c726b276861ccc20.js:0
[ 3576806ms] [ERROR] Failed to load resource: net::ERR_INTERNET_DISCONNECTED @ https://iosqlvqthdoxzvdwliat.supabase.co/auth/v1/token?grant_type=refresh_token:0
[ 3576806ms] [ERROR] TypeError: Failed to fetch
    at https://centsably.com/_next/static/chunks/6967033a77931a88.js:24:38565
    at tB (https://centsably.com/_next/static/chunks/6967033a77931a88.js:24:43505)
    at tL (https://centsably.com/_next/static/chunks/6967033a77931a88.js:24:43033)
    at r (https://centsably.com/_next/static/chunks/6967033a77931a88.js:37:25000)
    at async https://centsably.com/_next/static/chunks/6967033a77931a88.js:37:25257 @ https://centsably.com/_next/static/chunks/c726b276861ccc20.js:0
[ 3580012ms] [ERROR] Failed to load resource: net::ERR_INTERNET_DISCONNECTED @ https://iosqlvqthdoxzvdwliat.supabase.co/auth/v1/token?grant_type=refresh_token:0
[ 3580013ms] [ERROR] TypeError: Failed to fetch
    at https://centsably.com/_next/static/chunks/6967033a77931a88.js:24:38565
    at tB (https://centsably.com/_next/static/chunks/6967033a77931a88.js:24:43505)
    at tL (https://centsably.com/_next/static/chunks/6967033a77931a88.js:24:43033)
    at r (https://centsably.com/_next/static/chunks/6967033a77931a88.js:37:25000)
    at async https://centsably.com/_next/static/chunks/6967033a77931a88.js:37:25257 @ https://centsably.com/_next/static/chunks/c726b276861ccc20.js:0
[ 3586418ms] [ERROR] Failed to load resource: net::ERR_INTERNET_DISCONNECTED @ https://iosqlvqthdoxzvdwliat.supabase.co/auth/v1/token?grant_type=refresh_token:0
[ 3586418ms] [ERROR] TypeError: Failed to fetch
    at https://centsably.com/_next/static/chunks/6967033a77931a88.js:24:38565
    at tB (https://centsably.com/_next/static/chunks/6967033a77931a88.js:24:43505)
    at tL (https://centsably.com/_next/static/chunks/6967033a77931a88.js:24:43033)
    at r (https://centsably.com/_next/static/chunks/6967033a77931a88.js:37:25000)
    at async https://centsably.com/_next/static/chunks/6967033a77931a88.js:37:25257 @ https://centsably.com/_next/static/chunks/c726b276861ccc20.js:0
[ 3599224ms] [ERROR] Failed to load resource: net::ERR_INTERNET_DISCONNECTED @ https://iosqlvqthdoxzvdwliat.supabase.co/auth/v1/token?grant_type=refresh_token:0
[ 3599224ms] [ERROR] TypeError: Failed to fetch
    at https://centsably.com/_next/static/chunks/6967033a77931a88.js:24:38565
    at tB (https://centsably.com/_next/static/chunks/6967033a77931a88.js:24:43505)
    at tL (https://centsably.com/_next/static/chunks/6967033a77931a88.js:24:43033)
    at r (https://centsably.com/_next/static/chunks/6967033a77931a88.js:37:25000)
    at async https://centsably.com/_next/static/chunks/6967033a77931a88.js:37:25257 @ https://centsably.com/_next/static/chunks/c726b276861ccc20.js:0
[ 3603787ms] [ERROR] Failed to load resource: net::ERR_INTERNET_DISCONNECTED @ https://centsably.com/api/broadcasts/my:0
[ 3603787ms] [ERROR] [broadcasts] Failed to fetch: TypeError: Failed to fetch
    at e (https://centsably.com/_next/static/chunks/c726b276861ccc20.js:1:38454) @ https://centsably.com/_next/static/chunks/c726b276861ccc20.js:0
[ 3603787ms] [ERROR] Failed to load resource: net::ERR_INTERNET_DISCONNECTED @ https://iosqlvqthdoxzvdwliat.supabase.co/auth/v1/token?grant_type=refresh_token:0
[ 3603787ms] [ERROR] TypeError: Failed to fetch
    at https://centsably.com/_next/static/chunks/6967033a77931a88.js:24:38565
    at tB (https://centsably.com/_next/static/chunks/6967033a77931a88.js:24:43505)
    at tL (https://centsably.com/_next/static/chunks/6967033a77931a88.js:24:43033)
    at r (https://centsably.com/_next/static/chunks/6967033a77931a88.js:37:25000)
    at https://centsably.com/_next/static/chunks/6967033a77931a88.js:37:25263
    at https://centsably.com/_next/static/chunks/6967033a77931a88.js:37:25340
    at new Promise (<anonymous>)
    at rf._refreshAccessToken (https://centsably.com/_next/static/chunks/6967033a77931a88.js:37:25194)
    at rf._callRefreshToken (https://centsably.com/_next/static/chunks/6967033a77931a88.js:37:27943)
    at rf.__loadSession (https://centsably.com/_next/static/chunks/6967033a77931a88.js:37:14186) @ https://centsably.com/_next/static/chunks/c726b276861ccc20.js:0
[ 3603994ms] [ERROR] Failed to load resource: net::ERR_INTERNET_DISCONNECTED @ https://iosqlvqthdoxzvdwliat.supabase.co/auth/v1/token?grant_type=refresh_token:0
[ 3603994ms] [ERROR] TypeError: Failed to fetch
    at https://centsably.com/_next/static/chunks/6967033a77931a88.js:24:38565
    at tB (https://centsably.com/_next/static/chunks/6967033a77931a88.js:24:43505)
    at tL (https://centsably.com/_next/static/chunks/6967033a77931a88.js:24:43033)
    at r (https://centsably.com/_next/static/chunks/6967033a77931a88.js:37:25000)
    at async https://centsably.com/_next/static/chunks/6967033a77931a88.js:37:25257 @ https://centsably.com/_next/static/chunks/c726b276861ccc20.js:0
[ 3604400ms] [ERROR] Failed to load resource: net::ERR_INTERNET_DISCONNECTED @ https://iosqlvqthdoxzvdwliat.supabase.co/auth/v1/token?grant_type=refresh_token:0
[ 3604400ms] [ERROR] TypeError: Failed to fetch
    at https://centsably.com/_next/static/chunks/6967033a77931a88.js:24:38565
    at tB (https://centsably.com/_next/static/chunks/6967033a77931a88.js:24:43505)
    at tL (https://centsably.com/_next/static/chunks/6967033a77931a88.js:24:43033)
    at r (https://centsably.com/_next/static/chunks/6967033a77931a88.js:37:25000)
    at async https://centsably.com/_next/static/chunks/6967033a77931a88.js:37:25257 @ https://centsably.com/_next/static/chunks/c726b276861ccc20.js:0
[ 3605205ms] [ERROR] Failed to load resource: net::ERR_INTERNET_DISCONNECTED @ https://iosqlvqthdoxzvdwliat.supabase.co/auth/v1/token?grant_type=refresh_token:0
[ 3605205ms] [ERROR] TypeError: Failed to fetch
    at https://centsably.com/_next/static/chunks/6967033a77931a88.js:24:38565
    at tB (https://centsably.com/_next/static/chunks/6967033a77931a88.js:24:43505)
    at tL (https://centsably.com/_next/static/chunks/6967033a77931a88.js:24:43033)
    at r (https://centsably.com/_next/static/chunks/6967033a77931a88.js:37:25000)
    at async https://centsably.com/_next/static/chunks/6967033a77931a88.js:37:25257 @ https://centsably.com/_next/static/chunks/c726b276861ccc20.js:0
[ 3606812ms] [ERROR] Failed to load resource: net::ERR_INTERNET_DISCONNECTED @ https://iosqlvqthdoxzvdwliat.supabase.co/auth/v1/token?grant_type=refresh_token:0
[ 3606812ms] [ERROR] TypeError: Failed to fetch
    at https://centsably.com/_next/static/chunks/6967033a77931a88.js:24:38565
    at tB (https://centsably.com/_next/static/chunks/6967033a77931a88.js:24:43505)
    at tL (https://centsably.com/_next/static/chunks/6967033a77931a88.js:24:43033)
    at r (https://centsably.com/_next/static/chunks/6967033a77931a88.js:37:25000)
    at async https://centsably.com/_next/static/chunks/6967033a77931a88.js:37:25257 @ https://centsably.com/_next/static/chunks/c726b276861ccc20.js:0
[ 3610020ms] [ERROR] Failed to load resource: net::ERR_INTERNET_DISCONNECTED @ https://iosqlvqthdoxzvdwliat.supabase.co/auth/v1/token?grant_type=refresh_token:0
[ 3610020ms] [ERROR] TypeError: Failed to fetch
    at https://centsably.com/_next/static/chunks/6967033a77931a88.js:24:38565
    at tB (https://centsably.com/_next/static/chunks/6967033a77931a88.js:24:43505)
    at tL (https://centsably.com/_next/static/chunks/6967033a77931a88.js:24:43033)
    at r (https://centsably.com/_next/static/chunks/6967033a77931a88.js:37:25000)
    at async https://centsably.com/_next/static/chunks/6967033a77931a88.js:37:25257 @ https://centsably.com/_next/static/chunks/c726b276861ccc20.js:0
[ 3616425ms] [ERROR] Failed to load resource: net::ERR_INTERNET_DISCONNECTED @ https://iosqlvqthdoxzvdwliat.supabase.co/auth/v1/token?grant_type=refresh_token:0
[ 3616425ms] [ERROR] TypeError: Failed to fetch
    at https://centsably.com/_next/static/chunks/6967033a77931a88.js:24:38565
    at tB (https://centsably.com/_next/static/chunks/6967033a77931a88.js:24:43505)
    at tL (https://centsably.com/_next/static/chunks/6967033a77931a88.js:24:43033)
    at r (https://centsably.com/_next/static/chunks/6967033a77931a88.js:37:25000)
    at async https://centsably.com/_next/static/chunks/6967033a77931a88.js:37:25257 @ https://centsably.com/_next/static/chunks/c726b276861ccc20.js:0
[ 3629231ms] [ERROR] Failed to load resource: net::ERR_INTERNET_DISCONNECTED @ https://iosqlvqthdoxzvdwliat.supabase.co/auth/v1/token?grant_type=refresh_token:0
[ 3629232ms] [ERROR] TypeError: Failed to fetch
    at https://centsably.com/_next/static/chunks/6967033a77931a88.js:24:38565
    at tB (https://centsably.com/_next/static/chunks/6967033a77931a88.js:24:43505)
    at tL (https://centsably.com/_next/static/chunks/6967033a77931a88.js:24:43033)
    at r (https://centsably.com/_next/static/chunks/6967033a77931a88.js:37:25000)
    at async https://centsably.com/_next/static/chunks/6967033a77931a88.js:37:25257 @ https://centsably.com/_next/static/chunks/c726b276861ccc20.js:0
[ 3633787ms] [ERROR] Failed to load resource: net::ERR_INTERNET_DISCONNECTED @ https://iosqlvqthdoxzvdwliat.supabase.co/auth/v1/token?grant_type=refresh_token:0
[ 3633787ms] [ERROR] TypeError: Failed to fetch
    at https://centsably.com/_next/static/chunks/6967033a77931a88.js:24:38565
    at tB (https://centsably.com/_next/static/chunks/6967033a77931a88.js:24:43505)
    at tL (https://centsably.com/_next/static/chunks/6967033a77931a88.js:24:43033)
    at r (https://centsably.com/_next/static/chunks/6967033a77931a88.js:37:25000)
    at https://centsably.com/_next/static/chunks/6967033a77931a88.js:37:25263
    at https://centsably.com/_next/static/chunks/6967033a77931a88.js:37:25340
    at new Promise (<anonymous>)
    at rf._refreshAccessToken (https://centsably.com/_next/static/chunks/6967033a77931a88.js:37:25194)
    at rf._callRefreshToken (https://centsably.com/_next/static/chunks/6967033a77931a88.js:37:27943)
    at rf.__loadSession (https://centsably.com/_next/static/chunks/6967033a77931a88.js:37:14186) @ https://centsably.com/_next/static/chunks/c726b276861ccc20.js:0
[ 3633993ms] [ERROR] Failed to load resource: net::ERR_INTERNET_DISCONNECTED @ https://iosqlvqthdoxzvdwliat.supabase.co/auth/v1/token?grant_type=refresh_token:0
[ 3633993ms] [ERROR] TypeError: Failed to fetch
    at https://centsably.com/_next/static/chunks/6967033a77931a88.js:24:38565
    at tB (https://centsably.com/_next/static/chunks/6967033a77931a88.js:24:43505)
    at tL (https://centsably.com/_next/static/chunks/6967033a77931a88.js:24:43033)
    at r (https://centsably.com/_next/static/chunks/6967033a77931a88.js:37:25000)
    at async https://centsably.com/_next/static/chunks/6967033a77931a88.js:37:25257 @ https://centsably.com/_next/static/chunks/c726b276861ccc20.js:0
[ 3634398ms] [ERROR] Failed to load resource: net::ERR_INTERNET_DISCONNECTED @ https://iosqlvqthdoxzvdwliat.supabase.co/auth/v1/token?grant_type=refresh_token:0
[ 3634398ms] [ERROR] TypeError: Failed to fetch
    at https://centsably.com/_next/static/chunks/6967033a77931a88.js:24:38565
    at tB (https://centsably.com/_next/static/chunks/6967033a77931a88.js:24:43505)
    at tL (https://centsably.com/_next/static/chunks/6967033a77931a88.js:24:43033)
    at r (https://centsably.com/_next/static/chunks/6967033a77931a88.js:37:25000)
    at async https://centsably.com/_next/static/chunks/6967033a77931a88.js:37:25257 @ https://centsably.com/_next/static/chunks/c726b276861ccc20.js:0
[ 3635204ms] [ERROR] Failed to load resource: net::ERR_INTERNET_DISCONNECTED @ https://iosqlvqthdoxzvdwliat.supabase.co/auth/v1/token?grant_type=refresh_token:0
[ 3635204ms] [ERROR] TypeError: Failed to fetch
    at https://centsably.com/_next/static/chunks/6967033a77931a88.js:24:38565
    at tB (https://centsably.com/_next/static/chunks/6967033a77931a88.js:24:43505)
    at tL (https://centsably.com/_next/static/chunks/6967033a77931a88.js:24:43033)
    at r (https://centsably.com/_next/static/chunks/6967033a77931a88.js:37:25000)
    at async https://centsably.com/_next/static/chunks/6967033a77931a88.js:37:25257 @ https://centsably.com/_next/static/chunks/c726b276861ccc20.js:0
[ 3636811ms] [ERROR] Failed to load resource: net::ERR_INTERNET_DISCONNECTED @ https://iosqlvqthdoxzvdwliat.supabase.co/auth/v1/token?grant_type=refresh_token:0
[ 3636811ms] [ERROR] TypeError: Failed to fetch
    at https://centsably.com/_next/static/chunks/6967033a77931a88.js:24:38565
    at tB (https://centsably.com/_next/static/chunks/6967033a77931a88.js:24:43505)
    at tL (https://centsably.com/_next/static/chunks/6967033a77931a88.js:24:43033)
    at r (https://centsably.com/_next/static/chunks/6967033a77931a88.js:37:25000)
    at async https://centsably.com/_next/static/chunks/6967033a77931a88.js:37:25257 @ https://centsably.com/_next/static/chunks/c726b276861ccc20.js:0
[ 3640018ms] [ERROR] Failed to load resource: net::ERR_INTERNET_DISCONNECTED @ https://iosqlvqthdoxzvdwliat.supabase.co/auth/v1/token?grant_type=refresh_token:0
[ 3640018ms] [ERROR] TypeError: Failed to fetch
    at https://centsably.com/_next/static/chunks/6967033a77931a88.js:24:38565
    at tB (https://centsably.com/_next/static/chunks/6967033a77931a88.js:24:43505)
    at tL (https://centsably.com/_next/static/chunks/6967033a77931a88.js:24:43033)
    at r (https://centsably.com/_next/static/chunks/6967033a77931a88.js:37:25000)
    at async https://centsably.com/_next/static/chunks/6967033a77931a88.js:37:25257 @ https://centsably.com/_next/static/chunks/c726b276861ccc20.js:0
[ 3646424ms] [ERROR] Failed to load resource: net::ERR_INTERNET_DISCONNECTED @ https://iosqlvqthdoxzvdwliat.supabase.co/auth/v1/token?grant_type=refresh_token:0
[ 3646424ms] [ERROR] TypeError: Failed to fetch
    at https://centsably.com/_next/static/chunks/6967033a77931a88.js:24:38565
    at tB (https://centsably.com/_next/static/chunks/6967033a77931a88.js:24:43505)
    at tL (https://centsably.com/_next/static/chunks/6967033a77931a88.js:24:43033)
    at r (https://centsably.com/_next/static/chunks/6967033a77931a88.js:37:25000)
    at async https://centsably.com/_next/static/chunks/6967033a77931a88.js:37:25257 @ https://centsably.com/_next/static/chunks/c726b276861ccc20.js:0
[ 3659230ms] [ERROR] Failed to load resource: net::ERR_INTERNET_DISCONNECTED @ https://iosqlvqthdoxzvdwliat.supabase.co/auth/v1/token?grant_type=refresh_token:0
[ 3659231ms] [ERROR] TypeError: Failed to fetch
    at https://centsably.com/_next/static/chunks/6967033a77931a88.js:24:38565
    at tB (https://centsably.com/_next/static/chunks/6967033a77931a88.js:24:43505)
    at tL (https://centsably.com/_next/static/chunks/6967033a77931a88.js:24:43033)
    at r (https://centsably.com/_next/static/chunks/6967033a77931a88.js:37:25000)
    at async https://centsably.com/_next/static/chunks/6967033a77931a88.js:37:25257 @ https://centsably.com/_next/static/chunks/c726b276861ccc20.js:0
[ 3663787ms] [ERROR] Failed to load resource: net::ERR_INTERNET_DISCONNECTED @ https://iosqlvqthdoxzvdwliat.supabase.co/auth/v1/token?grant_type=refresh_token:0
[ 3663787ms] [ERROR] TypeError: Failed to fetch
    at https://centsably.com/_next/static/chunks/6967033a77931a88.js:24:38565
    at tB (https://centsably.com/_next/static/chunks/6967033a77931a88.js:24:43505)
    at tL (https://centsably.com/_next/static/chunks/6967033a77931a88.js:24:43033)
    at r (https://centsably.com/_next/static/chunks/6967033a77931a88.js:37:25000)
    at https://centsably.com/_next/static/chunks/6967033a77931a88.js:37:25263
    at https://centsably.com/_next/static/chunks/6967033a77931a88.js:37:25340
    at new Promise (<anonymous>)
    at rf._refreshAccessToken (https://centsably.com/_next/static/chunks/6967033a77931a88.js:37:25194)
    at rf._callRefreshToken (https://centsably.com/_next/static/chunks/6967033a77931a88.js:37:27943)
    at rf.__loadSession (https://centsably.com/_next/static/chunks/6967033a77931a88.js:37:14186) @ https://centsably.com/_next/static/chunks/c726b276861ccc20.js:0
[ 3663994ms] [ERROR] Failed to load resource: net::ERR_INTERNET_DISCONNECTED @ https://iosqlvqthdoxzvdwliat.supabase.co/auth/v1/token?grant_type=refresh_token:0
[ 3663994ms] [ERROR] TypeError: Failed to fetch
    at https://centsably.com/_next/static/chunks/6967033a77931a88.js:24:38565
    at tB (https://centsably.com/_next/static/chunks/6967033a77931a88.js:24:43505)
    at tL (https://centsably.com/_next/static/chunks/6967033a77931a88.js:24:43033)
    at r (https://centsably.com/_next/static/chunks/6967033a77931a88.js:37:25000)
    at async https://centsably.com/_next/static/chunks/6967033a77931a88.js:37:25257 @ https://centsably.com/_next/static/chunks/c726b276861ccc20.js:0
[ 3664401ms] [ERROR] Failed to load resource: net::ERR_INTERNET_DISCONNECTED @ https://iosqlvqthdoxzvdwliat.supabase.co/auth/v1/token?grant_type=refresh_token:0
[ 3664401ms] [ERROR] TypeError: Failed to fetch
    at https://centsably.com/_next/static/chunks/6967033a77931a88.js:24:38565
    at tB (https://centsably.com/_next/static/chunks/6967033a77931a88.js:24:43505)
    at tL (https://centsably.com/_next/static/chunks/6967033a77931a88.js:24:43033)
    at r (https://centsably.com/_next/static/chunks/6967033a77931a88.js:37:25000)
    at async https://centsably.com/_next/static/chunks/6967033a77931a88.js:37:25257 @ https://centsably.com/_next/static/chunks/c726b276861ccc20.js:0
[ 3665205ms] [ERROR] Failed to load resource: net::ERR_INTERNET_DISCONNECTED @ https://iosqlvqthdoxzvdwliat.supabase.co/auth/v1/token?grant_type=refresh_token:0
[ 3665205ms] [ERROR] TypeError: Failed to fetch
    at https://centsably.com/_next/static/chunks/6967033a77931a88.js:24:38565
    at tB (https://centsably.com/_next/static/chunks/6967033a77931a88.js:24:43505)
    at tL (https://centsably.com/_next/static/chunks/6967033a77931a88.js:24:43033)
    at r (https://centsably.com/_next/static/chunks/6967033a77931a88.js:37:25000)
    at async https://centsably.com/_next/static/chunks/6967033a77931a88.js:37:25257 @ https://centsably.com/_next/static/chunks/c726b276861ccc20.js:0
[ 3666811ms] [ERROR] Failed to load resource: net::ERR_INTERNET_DISCONNECTED @ https://iosqlvqthdoxzvdwliat.supabase.co/auth/v1/token?grant_type=refresh_token:0
[ 3666811ms] [ERROR] TypeError: Failed to fetch
    at https://centsably.com/_next/static/chunks/6967033a77931a88.js:24:38565
    at tB (https://centsably.com/_next/static/chunks/6967033a77931a88.js:24:43505)
    at tL (https://centsably.com/_next/static/chunks/6967033a77931a88.js:24:43033)
    at r (https://centsably.com/_next/static/chunks/6967033a77931a88.js:37:25000)
    at async https://centsably.com/_next/static/chunks/6967033a77931a88.js:37:25257 @ https://centsably.com/_next/static/chunks/c726b276861ccc20.js:0
[ 3670017ms] [ERROR] Failed to load resource: net::ERR_INTERNET_DISCONNECTED @ https://iosqlvqthdoxzvdwliat.supabase.co/auth/v1/token?grant_type=refresh_token:0
[ 3670017ms] [ERROR] TypeError: Failed to fetch
    at https://centsably.com/_next/static/chunks/6967033a77931a88.js:24:38565
    at tB (https://centsably.com/_next/static/chunks/6967033a77931a88.js:24:43505)
    at tL (https://centsably.com/_next/static/chunks/6967033a77931a88.js:24:43033)
    at r (https://centsably.com/_next/static/chunks/6967033a77931a88.js:37:25000)
    at async https://centsably.com/_next/static/chunks/6967033a77931a88.js:37:25257 @ https://centsably.com/_next/static/chunks/c726b276861ccc20.js:0
[ 3676423ms] [ERROR] Failed to load resource: net::ERR_INTERNET_DISCONNECTED @ https://iosqlvqthdoxzvdwliat.supabase.co/auth/v1/token?grant_type=refresh_token:0
[ 3676424ms] [ERROR] TypeError: Failed to fetch
    at https://centsably.com/_next/static/chunks/6967033a77931a88.js:24:38565
    at tB (https://centsably.com/_next/static/chunks/6967033a77931a88.js:24:43505)
    at tL (https://centsably.com/_next/static/chunks/6967033a77931a88.js:24:43033)
    at r (https://centsably.com/_next/static/chunks/6967033a77931a88.js:37:25000)
    at async https://centsably.com/_next/static/chunks/6967033a77931a88.js:37:25257 @ https://centsably.com/_next/static/chunks/c726b276861ccc20.js:0
[ 3689228ms] [ERROR] Failed to load resource: net::ERR_INTERNET_DISCONNECTED @ https://iosqlvqthdoxzvdwliat.supabase.co/auth/v1/token?grant_type=refresh_token:0
[ 3689228ms] [ERROR] TypeError: Failed to fetch
    at https://centsably.com/_next/static/chunks/6967033a77931a88.js:24:38565
    at tB (https://centsably.com/_next/static/chunks/6967033a77931a88.js:24:43505)
    at tL (https://centsably.com/_next/static/chunks/6967033a77931a88.js:24:43033)
    at r (https://centsably.com/_next/static/chunks/6967033a77931a88.js:37:25000)
    at async https://centsably.com/_next/static/chunks/6967033a77931a88.js:37:25257 @ https://centsably.com/_next/static/chunks/c726b276861ccc20.js:0
[ 3693788ms] [ERROR] Failed to load resource: net::ERR_INTERNET_DISCONNECTED @ https://iosqlvqthdoxzvdwliat.supabase.co/auth/v1/token?grant_type=refresh_token:0
[ 3693788ms] [ERROR] TypeError: Failed to fetch
    at https://centsably.com/_next/static/chunks/6967033a77931a88.js:24:38565
    at tB (https://centsably.com/_next/static/chunks/6967033a77931a88.js:24:43505)
    at tL (https://centsably.com/_next/static/chunks/6967033a77931a88.js:24:43033)
    at r (https://centsably.com/_next/static/chunks/6967033a77931a88.js:37:25000)
    at https://centsably.com/_next/static/chunks/6967033a77931a88.js:37:25263
    at https://centsably.com/_next/static/chunks/6967033a77931a88.js:37:25340
    at new Promise (<anonymous>)
    at rf._refreshAccessToken (https://centsably.com/_next/static/chunks/6967033a77931a88.js:37:25194)
    at rf._callRefreshToken (https://centsably.com/_next/static/chunks/6967033a77931a88.js:37:27943)
    at rf.__loadSession (https://centsably.com/_next/static/chunks/6967033a77931a88.js:37:14186) @ https://centsably.com/_next/static/chunks/c726b276861ccc20.js:0
[ 3693994ms] [ERROR] Failed to load resource: net::ERR_INTERNET_DISCONNECTED @ https://iosqlvqthdoxzvdwliat.supabase.co/auth/v1/token?grant_type=refresh_token:0
[ 3693994ms] [ERROR] TypeError: Failed to fetch
    at https://centsably.com/_next/static/chunks/6967033a77931a88.js:24:38565
    at tB (https://centsably.com/_next/static/chunks/6967033a77931a88.js:24:43505)
    at tL (https://centsably.com/_next/static/chunks/6967033a77931a88.js:24:43033)
    at r (https://centsably.com/_next/static/chunks/6967033a77931a88.js:37:25000)
    at async https://centsably.com/_next/static/chunks/6967033a77931a88.js:37:25257 @ https://centsably.com/_next/static/chunks/c726b276861ccc20.js:0
[ 3694399ms] [ERROR] Failed to load resource: net::ERR_INTERNET_DISCONNECTED @ https://iosqlvqthdoxzvdwliat.supabase.co/auth/v1/token?grant_type=refresh_token:0
[ 3694399ms] [ERROR] TypeError: Failed to fetch
    at https://centsably.com/_next/static/chunks/6967033a77931a88.js:24:38565
    at tB (https://centsably.com/_next/static/chunks/6967033a77931a88.js:24:43505)
    at tL (https://centsably.com/_next/static/chunks/6967033a77931a88.js:24:43033)
    at r (https://centsably.com/_next/static/chunks/6967033a77931a88.js:37:25000)
    at async https://centsably.com/_next/static/chunks/6967033a77931a88.js:37:25257 @ https://centsably.com/_next/static/chunks/c726b276861ccc20.js:0
[ 3695205ms] [ERROR] Failed to load resource: net::ERR_INTERNET_DISCONNECTED @ https://iosqlvqthdoxzvdwliat.supabase.co/auth/v1/token?grant_type=refresh_token:0
[ 3695205ms] [ERROR] TypeError: Failed to fetch
    at https://centsably.com/_next/static/chunks/6967033a77931a88.js:24:38565
    at tB (https://centsably.com/_next/static/chunks/6967033a77931a88.js:24:43505)
    at tL (https://centsably.com/_next/static/chunks/6967033a77931a88.js:24:43033)
    at r (https://centsably.com/_next/static/chunks/6967033a77931a88.js:37:25000)
    at async https://centsably.com/_next/static/chunks/6967033a77931a88.js:37:25257 @ https://centsably.com/_next/static/chunks/c726b276861ccc20.js:0
[ 3696810ms] [ERROR] Failed to load resource: net::ERR_INTERNET_DISCONNECTED @ https://iosqlvqthdoxzvdwliat.supabase.co/auth/v1/token?grant_type=refresh_token:0
[ 3696810ms] [ERROR] TypeError: Failed to fetch
    at https://centsably.com/_next/static/chunks/6967033a77931a88.js:24:38565
    at tB (https://centsably.com/_next/static/chunks/6967033a77931a88.js:24:43505)
    at tL (https://centsably.com/_next/static/chunks/6967033a77931a88.js:24:43033)
    at r (https://centsably.com/_next/static/chunks/6967033a77931a88.js:37:25000)
    at async https://centsably.com/_next/static/chunks/6967033a77931a88.js:37:25257 @ https://centsably.com/_next/static/chunks/c726b276861ccc20.js:0
[ 3700016ms] [ERROR] Failed to load resource: net::ERR_INTERNET_DISCONNECTED @ https://iosqlvqthdoxzvdwliat.supabase.co/auth/v1/token?grant_type=refresh_token:0
[ 3700016ms] [ERROR] TypeError: Failed to fetch
    at https://centsably.com/_next/static/chunks/6967033a77931a88.js:24:38565
    at tB (https://centsably.com/_next/static/chunks/6967033a77931a88.js:24:43505)
    at tL (https://centsably.com/_next/static/chunks/6967033a77931a88.js:24:43033)
    at r (https://centsably.com/_next/static/chunks/6967033a77931a88.js:37:25000)
    at async https://centsably.com/_next/static/chunks/6967033a77931a88.js:37:25257 @ https://centsably.com/_next/static/chunks/c726b276861ccc20.js:0
[ 3706423ms] [ERROR] Failed to load resource: net::ERR_INTERNET_DISCONNECTED @ https://iosqlvqthdoxzvdwliat.supabase.co/auth/v1/token?grant_type=refresh_token:0
[ 3706423ms] [ERROR] TypeError: Failed to fetch
    at https://centsably.com/_next/static/chunks/6967033a77931a88.js:24:38565
    at tB (https://centsably.com/_next/static/chunks/6967033a77931a88.js:24:43505)
    at tL (https://centsably.com/_next/static/chunks/6967033a77931a88.js:24:43033)
    at r (https://centsably.com/_next/static/chunks/6967033a77931a88.js:37:25000)
    at async https://centsably.com/_next/static/chunks/6967033a77931a88.js:37:25257 @ https://centsably.com/_next/static/chunks/c726b276861ccc20.js:0
[ 3719228ms] [ERROR] Failed to load resource: net::ERR_INTERNET_DISCONNECTED @ https://iosqlvqthdoxzvdwliat.supabase.co/auth/v1/token?grant_type=refresh_token:0
[ 3719228ms] [ERROR] TypeError: Failed to fetch
    at https://centsably.com/_next/static/chunks/6967033a77931a88.js:24:38565
    at tB (https://centsably.com/_next/static/chunks/6967033a77931a88.js:24:43505)
    at tL (https://centsably.com/_next/static/chunks/6967033a77931a88.js:24:43033)
    at r (https://centsably.com/_next/static/chunks/6967033a77931a88.js:37:25000)
    at async https://centsably.com/_next/static/chunks/6967033a77931a88.js:37:25257 @ https://centsably.com/_next/static/chunks/c726b276861ccc20.js:0
[ 3723788ms] [ERROR] Failed to load resource: net::ERR_INTERNET_DISCONNECTED @ https://centsably.com/api/broadcasts/my:0
[ 3723788ms] [ERROR] [broadcasts] Failed to fetch: TypeError: Failed to fetch
    at e (https://centsably.com/_next/static/chunks/c726b276861ccc20.js:1:38454) @ https://centsably.com/_next/static/chunks/c726b276861ccc20.js:0
[ 3723789ms] [ERROR] Failed to load resource: net::ERR_INTERNET_DISCONNECTED @ https://iosqlvqthdoxzvdwliat.supabase.co/auth/v1/token?grant_type=refresh_token:0
[ 3723789ms] [ERROR] TypeError: Failed to fetch
    at https://centsably.com/_next/static/chunks/6967033a77931a88.js:24:38565
    at tB (https://centsably.com/_next/static/chunks/6967033a77931a88.js:24:43505)
    at tL (https://centsably.com/_next/static/chunks/6967033a77931a88.js:24:43033)
    at r (https://centsably.com/_next/static/chunks/6967033a77931a88.js:37:25000)
    at https://centsably.com/_next/static/chunks/6967033a77931a88.js:37:25263
    at https://centsably.com/_next/static/chunks/6967033a77931a88.js:37:25340
    at new Promise (<anonymous>)
    at rf._refreshAccessToken (https://centsably.com/_next/static/chunks/6967033a77931a88.js:37:25194)
    at rf._callRefreshToken (https://centsably.com/_next/static/chunks/6967033a77931a88.js:37:27943)
    at rf.__loadSession (https://centsably.com/_next/static/chunks/6967033a77931a88.js:37:14186) @ https://centsably.com/_next/static/chunks/c726b276861ccc20.js:0
[ 3723996ms] [ERROR] Failed to load resource: net::ERR_INTERNET_DISCONNECTED @ https://iosqlvqthdoxzvdwliat.supabase.co/auth/v1/token?grant_type=refresh_token:0
[ 3723996ms] [ERROR] TypeError: Failed to fetch
    at https://centsably.com/_next/static/chunks/6967033a77931a88.js:24:38565
    at tB (https://centsably.com/_next/static/chunks/6967033a77931a88.js:24:43505)
    at tL (https://centsably.com/_next/static/chunks/6967033a77931a88.js:24:43033)
    at r (https://centsably.com/_next/static/chunks/6967033a77931a88.js:37:25000)
    at async https://centsably.com/_next/static/chunks/6967033a77931a88.js:37:25257 @ https://centsably.com/_next/static/chunks/c726b276861ccc20.js:0
[ 3724401ms] [ERROR] Failed to load resource: net::ERR_INTERNET_DISCONNECTED @ https://iosqlvqthdoxzvdwliat.supabase.co/auth/v1/token?grant_type=refresh_token:0
[ 3724401ms] [ERROR] TypeError: Failed to fetch
    at https://centsably.com/_next/static/chunks/6967033a77931a88.js:24:38565
    at tB (https://centsably.com/_next/static/chunks/6967033a77931a88.js:24:43505)
    at tL (https://centsably.com/_next/static/chunks/6967033a77931a88.js:24:43033)
    at r (https://centsably.com/_next/static/chunks/6967033a77931a88.js:37:25000)
    at async https://centsably.com/_next/static/chunks/6967033a77931a88.js:37:25257 @ https://centsably.com/_next/static/chunks/c726b276861ccc20.js:0
[ 3725207ms] [ERROR] Failed to load resource: net::ERR_INTERNET_DISCONNECTED @ https://iosqlvqthdoxzvdwliat.supabase.co/auth/v1/token?grant_type=refresh_token:0
[ 3725207ms] [ERROR] TypeError: Failed to fetch
    at https://centsably.com/_next/static/chunks/6967033a77931a88.js:24:38565
    at tB (https://centsably.com/_next/static/chunks/6967033a77931a88.js:24:43505)
    at tL (https://centsably.com/_next/static/chunks/6967033a77931a88.js:24:43033)
    at r (https://centsably.com/_next/static/chunks/6967033a77931a88.js:37:25000)
    at async https://centsably.com/_next/static/chunks/6967033a77931a88.js:37:25257 @ https://centsably.com/_next/static/chunks/c726b276861ccc20.js:0
[ 3726814ms] [ERROR] Failed to load resource: net::ERR_INTERNET_DISCONNECTED @ https://iosqlvqthdoxzvdwliat.supabase.co/auth/v1/token?grant_type=refresh_token:0
[ 3726814ms] [ERROR] TypeError: Failed to fetch
    at https://centsably.com/_next/static/chunks/6967033a77931a88.js:24:38565
    at tB (https://centsably.com/_next/static/chunks/6967033a77931a88.js:24:43505)
    at tL (https://centsably.com/_next/static/chunks/6967033a77931a88.js:24:43033)
    at r (https://centsably.com/_next/static/chunks/6967033a77931a88.js:37:25000)
    at async https://centsably.com/_next/static/chunks/6967033a77931a88.js:37:25257 @ https://centsably.com/_next/static/chunks/c726b276861ccc20.js:0
[ 3730019ms] [ERROR] Failed to load resource: net::ERR_INTERNET_DISCONNECTED @ https://iosqlvqthdoxzvdwliat.supabase.co/auth/v1/token?grant_type=refresh_token:0
[ 3730019ms] [ERROR] TypeError: Failed to fetch
    at https://centsably.com/_next/static/chunks/6967033a77931a88.js:24:38565
    at tB (https://centsably.com/_next/static/chunks/6967033a77931a88.js:24:43505)
    at tL (https://centsably.com/_next/static/chunks/6967033a77931a88.js:24:43033)
    at r (https://centsably.com/_next/static/chunks/6967033a77931a88.js:37:25000)
    at async https://centsably.com/_next/static/chunks/6967033a77931a88.js:37:25257 @ https://centsably.com/_next/static/chunks/c726b276861ccc20.js:0
[ 3736425ms] [ERROR] Failed to load resource: net::ERR_INTERNET_DISCONNECTED @ https://iosqlvqthdoxzvdwliat.supabase.co/auth/v1/token?grant_type=refresh_token:0
[ 3736425ms] [ERROR] TypeError: Failed to fetch
    at https://centsably.com/_next/static/chunks/6967033a77931a88.js:24:38565
    at tB (https://centsably.com/_next/static/chunks/6967033a77931a88.js:24:43505)
    at tL (https://centsably.com/_next/static/chunks/6967033a77931a88.js:24:43033)
    at r (https://centsably.com/_next/static/chunks/6967033a77931a88.js:37:25000)
    at async https://centsably.com/_next/static/chunks/6967033a77931a88.js:37:25257 @ https://centsably.com/_next/static/chunks/c726b276861ccc20.js:0
[ 3749233ms] [ERROR] Failed to load resource: net::ERR_INTERNET_DISCONNECTED @ https://iosqlvqthdoxzvdwliat.supabase.co/auth/v1/token?grant_type=refresh_token:0
[ 3749233ms] [ERROR] TypeError: Failed to fetch
    at https://centsably.com/_next/static/chunks/6967033a77931a88.js:24:38565
    at tB (https://centsably.com/_next/static/chunks/6967033a77931a88.js:24:43505)
    at tL (https://centsably.com/_next/static/chunks/6967033a77931a88.js:24:43033)
    at r (https://centsably.com/_next/static/chunks/6967033a77931a88.js:37:25000)
    at async https://centsably.com/_next/static/chunks/6967033a77931a88.js:37:25257 @ https://centsably.com/_next/static/chunks/c726b276861ccc20.js:0
[ 3753788ms] [ERROR] Failed to load resource: net::ERR_INTERNET_DISCONNECTED @ https://iosqlvqthdoxzvdwliat.supabase.co/auth/v1/token?grant_type=refresh_token:0
[ 3753788ms] [ERROR] TypeError: Failed to fetch
    at https://centsably.com/_next/static/chunks/6967033a77931a88.js:24:38565
    at tB (https://centsably.com/_next/static/chunks/6967033a77931a88.js:24:43505)
    at tL (https://centsably.com/_next/static/chunks/6967033a77931a88.js:24:43033)
    at r (https://centsably.com/_next/static/chunks/6967033a77931a88.js:37:25000)
    at https://centsably.com/_next/static/chunks/6967033a77931a88.js:37:25263
    at https://centsably.com/_next/static/chunks/6967033a77931a88.js:37:25340
    at new Promise (<anonymous>)
    at rf._refreshAccessToken (https://centsably.com/_next/static/chunks/6967033a77931a88.js:37:25194)
    at rf._callRefreshToken (https://centsably.com/_next/static/chunks/6967033a77931a88.js:37:27943)
    at rf.__loadSession (https://centsably.com/_next/static/chunks/6967033a77931a88.js:37:14186) @ https://centsably.com/_next/static/chunks/c726b276861ccc20.js:0
[ 3753996ms] [ERROR] Failed to load resource: net::ERR_INTERNET_DISCONNECTED @ https://iosqlvqthdoxzvdwliat.supabase.co/auth/v1/token?grant_type=refresh_token:0
[ 3753996ms] [ERROR] TypeError: Failed to fetch
    at https://centsably.com/_next/static/chunks/6967033a77931a88.js:24:38565
    at tB (https://centsably.com/_next/static/chunks/6967033a77931a88.js:24:43505)
    at tL (https://centsably.com/_next/static/chunks/6967033a77931a88.js:24:43033)
    at r (https://centsably.com/_next/static/chunks/6967033a77931a88.js:37:25000)
    at async https://centsably.com/_next/static/chunks/6967033a77931a88.js:37:25257 @ https://centsably.com/_next/static/chunks/c726b276861ccc20.js:0
[ 3754402ms] [ERROR] Failed to load resource: net::ERR_INTERNET_DISCONNECTED @ https://iosqlvqthdoxzvdwliat.supabase.co/auth/v1/token?grant_type=refresh_token:0
[ 3754402ms] [ERROR] TypeError: Failed to fetch
    at https://centsably.com/_next/static/chunks/6967033a77931a88.js:24:38565
    at tB (https://centsably.com/_next/static/chunks/6967033a77931a88.js:24:43505)
    at tL (https://centsably.com/_next/static/chunks/6967033a77931a88.js:24:43033)
    at r (https://centsably.com/_next/static/chunks/6967033a77931a88.js:37:25000)
    at async https://centsably.com/_next/static/chunks/6967033a77931a88.js:37:25257 @ https://centsably.com/_next/static/chunks/c726b276861ccc20.js:0
[ 3755207ms] [ERROR] Failed to load resource: net::ERR_INTERNET_DISCONNECTED @ https://iosqlvqthdoxzvdwliat.supabase.co/auth/v1/token?grant_type=refresh_token:0
[ 3755207ms] [ERROR] TypeError: Failed to fetch
    at https://centsably.com/_next/static/chunks/6967033a77931a88.js:24:38565
    at tB (https://centsably.com/_next/static/chunks/6967033a77931a88.js:24:43505)
    at tL (https://centsably.com/_next/static/chunks/6967033a77931a88.js:24:43033)
    at r (https://centsably.com/_next/static/chunks/6967033a77931a88.js:37:25000)
    at async https://centsably.com/_next/static/chunks/6967033a77931a88.js:37:25257 @ https://centsably.com/_next/static/chunks/c726b276861ccc20.js:0
[ 3756814ms] [ERROR] Failed to load resource: net::ERR_INTERNET_DISCONNECTED @ https://iosqlvqthdoxzvdwliat.supabase.co/auth/v1/token?grant_type=refresh_token:0
[ 3756814ms] [ERROR] TypeError: Failed to fetch
    at https://centsably.com/_next/static/chunks/6967033a77931a88.js:24:38565
    at tB (https://centsably.com/_next/static/chunks/6967033a77931a88.js:24:43505)
    at tL (https://centsably.com/_next/static/chunks/6967033a77931a88.js:24:43033)
    at r (https://centsably.com/_next/static/chunks/6967033a77931a88.js:37:25000)
    at async https://centsably.com/_next/static/chunks/6967033a77931a88.js:37:25257 @ https://centsably.com/_next/static/chunks/c726b276861ccc20.js:0
[ 3760022ms] [ERROR] Failed to load resource: net::ERR_INTERNET_DISCONNECTED @ https://iosqlvqthdoxzvdwliat.supabase.co/auth/v1/token?grant_type=refresh_token:0
[ 3760022ms] [ERROR] TypeError: Failed to fetch
    at https://centsably.com/_next/static/chunks/6967033a77931a88.js:24:38565
    at tB (https://centsably.com/_next/static/chunks/6967033a77931a88.js:24:43505)
    at tL (https://centsably.com/_next/static/chunks/6967033a77931a88.js:24:43033)
    at r (https://centsably.com/_next/static/chunks/6967033a77931a88.js:37:25000)
    at async https://centsably.com/_next/static/chunks/6967033a77931a88.js:37:25257 @ https://centsably.com/_next/static/chunks/c726b276861ccc20.js:0
[ 3766429ms] [ERROR] Failed to load resource: net::ERR_INTERNET_DISCONNECTED @ https://iosqlvqthdoxzvdwliat.supabase.co/auth/v1/token?grant_type=refresh_token:0
[ 3766429ms] [ERROR] TypeError: Failed to fetch
    at https://centsably.com/_next/static/chunks/6967033a77931a88.js:24:38565
    at tB (https://centsably.com/_next/static/chunks/6967033a77931a88.js:24:43505)
    at tL (https://centsably.com/_next/static/chunks/6967033a77931a88.js:24:43033)
    at r (https://centsably.com/_next/static/chunks/6967033a77931a88.js:37:25000)
    at async https://centsably.com/_next/static/chunks/6967033a77931a88.js:37:25257 @ https://centsably.com/_next/static/chunks/c726b276861ccc20.js:0
[ 3779235ms] [ERROR] Failed to load resource: net::ERR_INTERNET_DISCONNECTED @ https://iosqlvqthdoxzvdwliat.supabase.co/auth/v1/token?grant_type=refresh_token:0
[ 3779235ms] [ERROR] TypeError: Failed to fetch
    at https://centsably.com/_next/static/chunks/6967033a77931a88.js:24:38565
    at tB (https://centsably.com/_next/static/chunks/6967033a77931a88.js:24:43505)
    at tL (https://centsably.com/_next/static/chunks/6967033a77931a88.js:24:43033)
    at r (https://centsably.com/_next/static/chunks/6967033a77931a88.js:37:25000)
    at async https://centsably.com/_next/static/chunks/6967033a77931a88.js:37:25257 @ https://centsably.com/_next/static/chunks/c726b276861ccc20.js:0
[ 3783789ms] [ERROR] Failed to load resource: net::ERR_INTERNET_DISCONNECTED @ https://iosqlvqthdoxzvdwliat.supabase.co/auth/v1/token?grant_type=refresh_token:0
[ 3783789ms] [ERROR] TypeError: Failed to fetch
    at https://centsably.com/_next/static/chunks/6967033a77931a88.js:24:38565
    at tB (https://centsably.com/_next/static/chunks/6967033a77931a88.js:24:43505)
    at tL (https://centsably.com/_next/static/chunks/6967033a77931a88.js:24:43033)
    at r (https://centsably.com/_next/static/chunks/6967033a77931a88.js:37:25000)
    at https://centsably.com/_next/static/chunks/6967033a77931a88.js:37:25263
    at https://centsably.com/_next/static/chunks/6967033a77931a88.js:37:25340
    at new Promise (<anonymous>)
    at rf._refreshAccessToken (https://centsably.com/_next/static/chunks/6967033a77931a88.js:37:25194)
    at rf._callRefreshToken (https://centsably.com/_next/static/chunks/6967033a77931a88.js:37:27943)
    at rf.__loadSession (https://centsably.com/_next/static/chunks/6967033a77931a88.js:37:14186) @ https://centsably.com/_next/static/chunks/c726b276861ccc20.js:0
[ 3783994ms] [ERROR] Failed to load resource: net::ERR_INTERNET_DISCONNECTED @ https://iosqlvqthdoxzvdwliat.supabase.co/auth/v1/token?grant_type=refresh_token:0
[ 3783994ms] [ERROR] TypeError: Failed to fetch
    at https://centsably.com/_next/static/chunks/6967033a77931a88.js:24:38565
    at tB (https://centsably.com/_next/static/chunks/6967033a77931a88.js:24:43505)
    at tL (https://centsably.com/_next/static/chunks/6967033a77931a88.js:24:43033)
    at r (https://centsably.com/_next/static/chunks/6967033a77931a88.js:37:25000)
    at async https://centsably.com/_next/static/chunks/6967033a77931a88.js:37:25257 @ https://centsably.com/_next/static/chunks/c726b276861ccc20.js:0
[ 3784400ms] [ERROR] Failed to load resource: net::ERR_INTERNET_DISCONNECTED @ https://iosqlvqthdoxzvdwliat.supabase.co/auth/v1/token?grant_type=refresh_token:0
[ 3784400ms] [ERROR] TypeError: Failed to fetch
    at https://centsably.com/_next/static/chunks/6967033a77931a88.js:24:38565
    at tB (https://centsably.com/_next/static/chunks/6967033a77931a88.js:24:43505)
    at tL (https://centsably.com/_next/static/chunks/6967033a77931a88.js:24:43033)
    at r (https://centsably.com/_next/static/chunks/6967033a77931a88.js:37:25000)
    at async https://centsably.com/_next/static/chunks/6967033a77931a88.js:37:25257 @ https://centsably.com/_next/static/chunks/c726b276861ccc20.js:0
[ 3785207ms] [ERROR] Failed to load resource: net::ERR_INTERNET_DISCONNECTED @ https://iosqlvqthdoxzvdwliat.supabase.co/auth/v1/token?grant_type=refresh_token:0
[ 3785208ms] [ERROR] TypeError: Failed to fetch
    at https://centsably.com/_next/static/chunks/6967033a77931a88.js:24:38565
    at tB (https://centsably.com/_next/static/chunks/6967033a77931a88.js:24:43505)
    at tL (https://centsably.com/_next/static/chunks/6967033a77931a88.js:24:43033)
    at r (https://centsably.com/_next/static/chunks/6967033a77931a88.js:37:25000)
    at async https://centsably.com/_next/static/chunks/6967033a77931a88.js:37:25257 @ https://centsably.com/_next/static/chunks/c726b276861ccc20.js:0
[ 3786815ms] [ERROR] Failed to load resource: net::ERR_INTERNET_DISCONNECTED @ https://iosqlvqthdoxzvdwliat.supabase.co/auth/v1/token?grant_type=refresh_token:0
[ 3786815ms] [ERROR] TypeError: Failed to fetch
    at https://centsably.com/_next/static/chunks/6967033a77931a88.js:24:38565
    at tB (https://centsably.com/_next/static/chunks/6967033a77931a88.js:24:43505)
    at tL (https://centsably.com/_next/static/chunks/6967033a77931a88.js:24:43033)
    at r (https://centsably.com/_next/static/chunks/6967033a77931a88.js:37:25000)
    at async https://centsably.com/_next/static/chunks/6967033a77931a88.js:37:25257 @ https://centsably.com/_next/static/chunks/c726b276861ccc20.js:0
[ 3790022ms] [ERROR] Failed to load resource: net::ERR_INTERNET_DISCONNECTED @ https://iosqlvqthdoxzvdwliat.supabase.co/auth/v1/token?grant_type=refresh_token:0
[ 3790022ms] [ERROR] TypeError: Failed to fetch
    at https://centsably.com/_next/static/chunks/6967033a77931a88.js:24:38565
    at tB (https://centsably.com/_next/static/chunks/6967033a77931a88.js:24:43505)
    at tL (https://centsably.com/_next/static/chunks/6967033a77931a88.js:24:43033)
    at r (https://centsably.com/_next/static/chunks/6967033a77931a88.js:37:25000)
    at async https://centsably.com/_next/static/chunks/6967033a77931a88.js:37:25257 @ https://centsably.com/_next/static/chunks/c726b276861ccc20.js:0
[ 3796428ms] [ERROR] Failed to load resource: net::ERR_INTERNET_DISCONNECTED @ https://iosqlvqthdoxzvdwliat.supabase.co/auth/v1/token?grant_type=refresh_token:0
[ 3796428ms] [ERROR] TypeError: Failed to fetch
    at https://centsably.com/_next/static/chunks/6967033a77931a88.js:24:38565
    at tB (https://centsably.com/_next/static/chunks/6967033a77931a88.js:24:43505)
    at tL (https://centsably.com/_next/static/chunks/6967033a77931a88.js:24:43033)
    at r (https://centsably.com/_next/static/chunks/6967033a77931a88.js:37:25000)
    at async https://centsably.com/_next/static/chunks/6967033a77931a88.js:37:25257 @ https://centsably.com/_next/static/chunks/c726b276861ccc20.js:0
[ 3809234ms] [ERROR] Failed to load resource: net::ERR_INTERNET_DISCONNECTED @ https://iosqlvqthdoxzvdwliat.supabase.co/auth/v1/token?grant_type=refresh_token:0
[ 3809234ms] [ERROR] TypeError: Failed to fetch
    at https://centsably.com/_next/static/chunks/6967033a77931a88.js:24:38565
    at tB (https://centsably.com/_next/static/chunks/6967033a77931a88.js:24:43505)
    at tL (https://centsably.com/_next/static/chunks/6967033a77931a88.js:24:43033)
    at r (https://centsably.com/_next/static/chunks/6967033a77931a88.js:37:25000)
    at async https://centsably.com/_next/static/chunks/6967033a77931a88.js:37:25257 @ https://centsably.com/_next/static/chunks/c726b276861ccc20.js:0
[ 3813787ms] [ERROR] Failed to load resource: net::ERR_INTERNET_DISCONNECTED @ https://iosqlvqthdoxzvdwliat.supabase.co/auth/v1/token?grant_type=refresh_token:0
[ 3813787ms] [ERROR] TypeError: Failed to fetch
    at https://centsably.com/_next/static/chunks/6967033a77931a88.js:24:38565
    at tB (https://centsably.com/_next/static/chunks/6967033a77931a88.js:24:43505)
    at tL (https://centsably.com/_next/static/chunks/6967033a77931a88.js:24:43033)
    at r (https://centsably.com/_next/static/chunks/6967033a77931a88.js:37:25000)
    at https://centsably.com/_next/static/chunks/6967033a77931a88.js:37:25263
    at https://centsably.com/_next/static/chunks/6967033a77931a88.js:37:25340
    at new Promise (<anonymous>)
    at rf._refreshAccessToken (https://centsably.com/_next/static/chunks/6967033a77931a88.js:37:25194)
    at rf._callRefreshToken (https://centsably.com/_next/static/chunks/6967033a77931a88.js:37:27943)
    at rf.__loadSession (https://centsably.com/_next/static/chunks/6967033a77931a88.js:37:14186) @ https://centsably.com/_next/static/chunks/c726b276861ccc20.js:0
[ 3813993ms] [ERROR] Failed to load resource: net::ERR_INTERNET_DISCONNECTED @ https://iosqlvqthdoxzvdwliat.supabase.co/auth/v1/token?grant_type=refresh_token:0
[ 3813993ms] [ERROR] TypeError: Failed to fetch
    at https://centsably.com/_next/static/chunks/6967033a77931a88.js:24:38565
    at tB (https://centsably.com/_next/static/chunks/6967033a77931a88.js:24:43505)
    at tL (https://centsably.com/_next/static/chunks/6967033a77931a88.js:24:43033)
    at r (https://centsably.com/_next/static/chunks/6967033a77931a88.js:37:25000)
    at async https://centsably.com/_next/static/chunks/6967033a77931a88.js:37:25257 @ https://centsably.com/_next/static/chunks/c726b276861ccc20.js:0
[ 3814398ms] [ERROR] Failed to load resource: net::ERR_INTERNET_DISCONNECTED @ https://iosqlvqthdoxzvdwliat.supabase.co/auth/v1/token?grant_type=refresh_token:0
[ 3814398ms] [ERROR] TypeError: Failed to fetch
    at https://centsably.com/_next/static/chunks/6967033a77931a88.js:24:38565
    at tB (https://centsably.com/_next/static/chunks/6967033a77931a88.js:24:43505)
    at tL (https://centsably.com/_next/static/chunks/6967033a77931a88.js:24:43033)
    at r (https://centsably.com/_next/static/chunks/6967033a77931a88.js:37:25000)
    at async https://centsably.com/_next/static/chunks/6967033a77931a88.js:37:25257 @ https://centsably.com/_next/static/chunks/c726b276861ccc20.js:0
[ 3815204ms] [ERROR] Failed to load resource: net::ERR_INTERNET_DISCONNECTED @ https://iosqlvqthdoxzvdwliat.supabase.co/auth/v1/token?grant_type=refresh_token:0
[ 3815204ms] [ERROR] TypeError: Failed to fetch
    at https://centsably.com/_next/static/chunks/6967033a77931a88.js:24:38565
    at tB (https://centsably.com/_next/static/chunks/6967033a77931a88.js:24:43505)
    at tL (https://centsably.com/_next/static/chunks/6967033a77931a88.js:24:43033)
    at r (https://centsably.com/_next/static/chunks/6967033a77931a88.js:37:25000)
    at async https://centsably.com/_next/static/chunks/6967033a77931a88.js:37:25257 @ https://centsably.com/_next/static/chunks/c726b276861ccc20.js:0
[ 3816811ms] [ERROR] Failed to load resource: net::ERR_INTERNET_DISCONNECTED @ https://iosqlvqthdoxzvdwliat.supabase.co/auth/v1/token?grant_type=refresh_token:0
[ 3816811ms] [ERROR] TypeError: Failed to fetch
    at https://centsably.com/_next/static/chunks/6967033a77931a88.js:24:38565
    at tB (https://centsably.com/_next/static/chunks/6967033a77931a88.js:24:43505)
    at tL (https://centsably.com/_next/static/chunks/6967033a77931a88.js:24:43033)
    at r (https://centsably.com/_next/static/chunks/6967033a77931a88.js:37:25000)
    at async https://centsably.com/_next/static/chunks/6967033a77931a88.js:37:25257 @ https://centsably.com/_next/static/chunks/c726b276861ccc20.js:0
[ 3820015ms] [ERROR] Failed to load resource: net::ERR_INTERNET_DISCONNECTED @ https://iosqlvqthdoxzvdwliat.supabase.co/auth/v1/token?grant_type=refresh_token:0
[ 3820016ms] [ERROR] TypeError: Failed to fetch
    at https://centsably.com/_next/static/chunks/6967033a77931a88.js:24:38565
    at tB (https://centsably.com/_next/static/chunks/6967033a77931a88.js:24:43505)
    at tL (https://centsably.com/_next/static/chunks/6967033a77931a88.js:24:43033)
    at r (https://centsably.com/_next/static/chunks/6967033a77931a88.js:37:25000)
    at async https://centsably.com/_next/static/chunks/6967033a77931a88.js:37:25257 @ https://centsably.com/_next/static/chunks/c726b276861ccc20.js:0
[ 3826421ms] [ERROR] Failed to load resource: net::ERR_INTERNET_DISCONNECTED @ https://iosqlvqthdoxzvdwliat.supabase.co/auth/v1/token?grant_type=refresh_token:0
[ 3826421ms] [ERROR] TypeError: Failed to fetch
    at https://centsably.com/_next/static/chunks/6967033a77931a88.js:24:38565
    at tB (https://centsably.com/_next/static/chunks/6967033a77931a88.js:24:43505)
    at tL (https://centsably.com/_next/static/chunks/6967033a77931a88.js:24:43033)
    at r (https://centsably.com/_next/static/chunks/6967033a77931a88.js:37:25000)
    at async https://centsably.com/_next/static/chunks/6967033a77931a88.js:37:25257 @ https://centsably.com/_next/static/chunks/c726b276861ccc20.js:0
[ 3839227ms] [ERROR] Failed to load resource: net::ERR_INTERNET_DISCONNECTED @ https://iosqlvqthdoxzvdwliat.supabase.co/auth/v1/token?grant_type=refresh_token:0
[ 3839227ms] [ERROR] TypeError: Failed to fetch
    at https://centsably.com/_next/static/chunks/6967033a77931a88.js:24:38565
    at tB (https://centsably.com/_next/static/chunks/6967033a77931a88.js:24:43505)
    at tL (https://centsably.com/_next/static/chunks/6967033a77931a88.js:24:43033)
    at r (https://centsably.com/_next/static/chunks/6967033a77931a88.js:37:25000)
    at async https://centsably.com/_next/static/chunks/6967033a77931a88.js:37:25257 @ https://centsably.com/_next/static/chunks/c726b276861ccc20.js:0
[ 3843787ms] [ERROR] Failed to load resource: net::ERR_INTERNET_DISCONNECTED @ https://iosqlvqthdoxzvdwliat.supabase.co/auth/v1/token?grant_type=refresh_token:0
[ 3843787ms] [ERROR] TypeError: Failed to fetch
    at https://centsably.com/_next/static/chunks/6967033a77931a88.js:24:38565
    at tB (https://centsably.com/_next/static/chunks/6967033a77931a88.js:24:43505)
    at tL (https://centsably.com/_next/static/chunks/6967033a77931a88.js:24:43033)
    at r (https://centsably.com/_next/static/chunks/6967033a77931a88.js:37:25000)
    at https://centsably.com/_next/static/chunks/6967033a77931a88.js:37:25263
    at https://centsably.com/_next/static/chunks/6967033a77931a88.js:37:25340
    at new Promise (<anonymous>)
    at rf._refreshAccessToken (https://centsably.com/_next/static/chunks/6967033a77931a88.js:37:25194)
    at rf._callRefreshToken (https://centsably.com/_next/static/chunks/6967033a77931a88.js:37:27943)
    at rf.__loadSession (https://centsably.com/_next/static/chunks/6967033a77931a88.js:37:14186) @ https://centsably.com/_next/static/chunks/c726b276861ccc20.js:0
[ 3843788ms] [ERROR] Failed to load resource: net::ERR_INTERNET_DISCONNECTED @ https://centsably.com/api/broadcasts/my:0
[ 3843788ms] [ERROR] [broadcasts] Failed to fetch: TypeError: Failed to fetch
    at e (https://centsably.com/_next/static/chunks/c726b276861ccc20.js:1:38454) @ https://centsably.com/_next/static/chunks/c726b276861ccc20.js:0
[ 3843992ms] [ERROR] Failed to load resource: net::ERR_INTERNET_DISCONNECTED @ https://iosqlvqthdoxzvdwliat.supabase.co/auth/v1/token?grant_type=refresh_token:0
[ 3843993ms] [ERROR] TypeError: Failed to fetch
    at https://centsably.com/_next/static/chunks/6967033a77931a88.js:24:38565
    at tB (https://centsably.com/_next/static/chunks/6967033a77931a88.js:24:43505)
    at tL (https://centsably.com/_next/static/chunks/6967033a77931a88.js:24:43033)
    at r (https://centsably.com/_next/static/chunks/6967033a77931a88.js:37:25000)
    at async https://centsably.com/_next/static/chunks/6967033a77931a88.js:37:25257 @ https://centsably.com/_next/static/chunks/c726b276861ccc20.js:0
[ 3844399ms] [ERROR] Failed to load resource: net::ERR_INTERNET_DISCONNECTED @ https://iosqlvqthdoxzvdwliat.supabase.co/auth/v1/token?grant_type=refresh_token:0
[ 3844399ms] [ERROR] TypeError: Failed to fetch
    at https://centsably.com/_next/static/chunks/6967033a77931a88.js:24:38565
    at tB (https://centsably.com/_next/static/chunks/6967033a77931a88.js:24:43505)
    at tL (https://centsably.com/_next/static/chunks/6967033a77931a88.js:24:43033)
    at r (https://centsably.com/_next/static/chunks/6967033a77931a88.js:37:25000)
    at async https://centsably.com/_next/static/chunks/6967033a77931a88.js:37:25257 @ https://centsably.com/_next/static/chunks/c726b276861ccc20.js:0
[ 3845205ms] [ERROR] Failed to load resource: net::ERR_INTERNET_DISCONNECTED @ https://iosqlvqthdoxzvdwliat.supabase.co/auth/v1/token?grant_type=refresh_token:0
[ 3845205ms] [ERROR] TypeError: Failed to fetch
    at https://centsably.com/_next/static/chunks/6967033a77931a88.js:24:38565
    at tB (https://centsably.com/_next/static/chunks/6967033a77931a88.js:24:43505)
    at tL (https://centsably.com/_next/static/chunks/6967033a77931a88.js:24:43033)
    at r (https://centsably.com/_next/static/chunks/6967033a77931a88.js:37:25000)
    at async https://centsably.com/_next/static/chunks/6967033a77931a88.js:37:25257 @ https://centsably.com/_next/static/chunks/c726b276861ccc20.js:0
[ 3846810ms] [ERROR] Failed to load resource: net::ERR_INTERNET_DISCONNECTED @ https://iosqlvqthdoxzvdwliat.supabase.co/auth/v1/token?grant_type=refresh_token:0
[ 3846810ms] [ERROR] TypeError: Failed to fetch
    at https://centsably.com/_next/static/chunks/6967033a77931a88.js:24:38565
    at tB (https://centsably.com/_next/static/chunks/6967033a77931a88.js:24:43505)
    at tL (https://centsably.com/_next/static/chunks/6967033a77931a88.js:24:43033)
    at r (https://centsably.com/_next/static/chunks/6967033a77931a88.js:37:25000)
    at async https://centsably.com/_next/static/chunks/6967033a77931a88.js:37:25257 @ https://centsably.com/_next/static/chunks/c726b276861ccc20.js:0
[ 3850015ms] [ERROR] Failed to load resource: net::ERR_INTERNET_DISCONNECTED @ https://iosqlvqthdoxzvdwliat.supabase.co/auth/v1/token?grant_type=refresh_token:0
[ 3850015ms] [ERROR] TypeError: Failed to fetch
    at https://centsably.com/_next/static/chunks/6967033a77931a88.js:24:38565
    at tB (https://centsably.com/_next/static/chunks/6967033a77931a88.js:24:43505)
    at tL (https://centsably.com/_next/static/chunks/6967033a77931a88.js:24:43033)
    at r (https://centsably.com/_next/static/chunks/6967033a77931a88.js:37:25000)
    at async https://centsably.com/_next/static/chunks/6967033a77931a88.js:37:25257 @ https://centsably.com/_next/static/chunks/c726b276861ccc20.js:0
[ 3856421ms] [ERROR] Failed to load resource: net::ERR_INTERNET_DISCONNECTED @ https://iosqlvqthdoxzvdwliat.supabase.co/auth/v1/token?grant_type=refresh_token:0
[ 3856421ms] [ERROR] TypeError: Failed to fetch
    at https://centsably.com/_next/static/chunks/6967033a77931a88.js:24:38565
    at tB (https://centsably.com/_next/static/chunks/6967033a77931a88.js:24:43505)
    at tL (https://centsably.com/_next/static/chunks/6967033a77931a88.js:24:43033)
    at r (https://centsably.com/_next/static/chunks/6967033a77931a88.js:37:25000)
    at async https://centsably.com/_next/static/chunks/6967033a77931a88.js:37:25257 @ https://centsably.com/_next/static/chunks/c726b276861ccc20.js:0
