[     253ms] [INFO] %cDownload the React DevTools for a better development experience: https://react.dev/link/react-devtools font-weight:bold @ http://localhost:3000/_next/static/chunks/79846_next_dist_6d76e5e4._.js:2297
[     277ms] [LOG] [HMR] connected @ http://localhost:3000/_next/static/chunks/79846_next_dist_6d76e5e4._.js:2297
[     404ms] [LOG] [Fast Refresh] rebuilding @ http://localhost:3000/_next/static/chunks/79846_next_dist_6d76e5e4._.js:2297
[     456ms] [LOG] [Fast Refresh] done in 167ms @ http://localhost:3000/_next/static/chunks/79846_next_dist_6d76e5e4._.js:2297
[  183344ms] [LOG] [Fast Refresh] rebuilding @ http://localhost:3000/_next/static/chunks/79846_next_dist_6d76e5e4._.js:2297
[  183353ms] [LOG] [Fast Refresh] done in 111ms @ http://localhost:3000/_next/static/chunks/79846_next_dist_6d76e5e4._.js:2297
[  205232ms] [LOG] [Fast Refresh] rebuilding @ http://localhost:3000/_next/static/chunks/79846_next_dist_6d76e5e4._.js:2297
[  205521ms] [LOG] [Fast Refresh] done in 310ms @ http://localhost:3000/_next/static/chunks/79846_next_dist_6d76e5e4._.js:2297
[  206134ms] [LOG] [Fast Refresh] rebuilding @ http://localhost:3000/_next/static/chunks/79846_next_dist_6d76e5e4._.js:2297
[  206262ms] [LOG] [Fast Refresh] done in 229ms @ http://localhost:3000/_next/static/chunks/79846_next_dist_6d76e5e4._.js:2297
[  207213ms] [LOG] [Fast Refresh] rebuilding @ http://localhost:3000/_next/static/chunks/79846_next_dist_6d76e5e4._.js:2297
[  207432ms] [LOG] [Fast Refresh] done in 321ms @ http://localhost:3000/_next/static/chunks/79846_next_dist_6d76e5e4._.js:2297
[  207541ms] [LOG] [Fast Refresh] rebuilding @ http://localhost:3000/_next/static/chunks/79846_next_dist_6d76e5e4._.js:2297
[  207786ms] [LOG] [Fast Refresh] done in 347ms @ http://localhost:3000/_next/static/chunks/79846_next_dist_6d76e5e4._.js:2297
[  207912ms] [LOG] [Fast Refresh] rebuilding @ http://localhost:3000/_next/static/chunks/79846_next_dist_6d76e5e4._.js:2297
[  208113ms] [LOG] [Fast Refresh] done in 303ms @ http://localhost:3000/_next/static/chunks/79846_next_dist_6d76e5e4._.js:2297
[  208280ms] [LOG] [Fast Refresh] rebuilding @ http://localhost:3000/_next/static/chunks/79846_next_dist_6d76e5e4._.js:2297
[  208343ms] [LOG] [Fast Refresh] done in 163ms @ http://localhost:3000/_next/static/chunks/79846_next_dist_6d76e5e4._.js:2297
[  208445ms] [LOG] [Fast Refresh] rebuilding @ http://localhost:3000/_next/static/chunks/79846_next_dist_6d76e5e4._.js:2297
[  208541ms] [LOG] [Fast Refresh] done in 197ms @ http://localhost:3000/_next/static/chunks/79846_next_dist_6d76e5e4._.js:2297
[  208891ms] [LOG] [Fast Refresh] rebuilding @ http://localhost:3000/_next/static/chunks/79846_next_dist_6d76e5e4._.js:2297
[  209147ms] [LOG] [Fast Refresh] done in 356ms @ http://localhost:3000/_next/static/chunks/79846_next_dist_6d76e5e4._.js:2297
[  209356ms] [LOG] [Fast Refresh] rebuilding @ http://localhost:3000/_next/static/chunks/79846_next_dist_6d76e5e4._.js:2297
[  209645ms] [LOG] [Fast Refresh] done in 389ms @ http://localhost:3000/_next/static/chunks/79846_next_dist_6d76e5e4._.js:2297
[  209862ms] [LOG] [Fast Refresh] rebuilding @ http://localhost:3000/_next/static/chunks/79846_next_dist_6d76e5e4._.js:2297
[  209947ms] [LOG] [Fast Refresh] done in 185ms @ http://localhost:3000/_next/static/chunks/79846_next_dist_6d76e5e4._.js:2297
[  210074ms] [LOG] [Fast Refresh] rebuilding @ http://localhost:3000/_next/static/chunks/79846_next_dist_6d76e5e4._.js:2297
[  210222ms] [LOG] [Fast Refresh] done in 249ms @ http://localhost:3000/_next/static/chunks/79846_next_dist_6d76e5e4._.js:2297
[  220867ms] [LOG] [Fast Refresh] rebuilding @ http://localhost:3000/_next/static/chunks/79846_next_dist_6d76e5e4._.js:2297
[  221105ms] [LOG] [Fast Refresh] done in 339ms @ http://localhost:3000/_next/static/chunks/79846_next_dist_6d76e5e4._.js:2297
[  227179ms] [LOG] [Fast Refresh] rebuilding @ http://localhost:3000/_next/static/chunks/79846_next_dist_6d76e5e4._.js:2297
[  227225ms] [LOG] [Fast Refresh] done in 115ms @ http://localhost:3000/_next/static/chunks/79846_next_dist_6d76e5e4._.js:2297
[  239433ms] [LOG] [Fast Refresh] rebuilding @ http://localhost:3000/_next/static/chunks/79846_next_dist_6d76e5e4._.js:2297
[  239507ms] [LOG] [Fast Refresh] done in 175ms @ http://localhost:3000/_next/static/chunks/79846_next_dist_6d76e5e4._.js:2297
[  239607ms] [WARNING] Detected `scroll-behavior: smooth` on the `<html>` element. To disable smooth scrolling during route transitions, add `data-scroll-behavior="smooth"` to your <html> element. Learn more: https://nextjs.org/docs/messages/missing-data-scroll-behavior @ http://localhost:3000/_next/static/chunks/79846_next_dist_6d76e5e4._.js:2297
[  239778ms] [LOG] [Fast Refresh] rebuilding @ http://localhost:3000/_next/static/chunks/79846_next_dist_6d76e5e4._.js:2297
[  239806ms] [LOG] [Fast Refresh] done in 130ms @ http://localhost:3000/_next/static/chunks/79846_next_dist_6d76e5e4._.js:2297
[  244494ms] [LOG] [Fast Refresh] rebuilding @ http://localhost:3000/_next/static/chunks/79846_next_dist_6d76e5e4._.js:2297
[  244494ms] [LOG] [Fast Refresh] done in 102ms @ http://localhost:3000/_next/static/chunks/79846_next_dist_6d76e5e4._.js:2297
[  245913ms] [LOG] [Fast Refresh] rebuilding @ http://localhost:3000/_next/static/chunks/79846_next_dist_6d76e5e4._.js:2297
[  246012ms] [LOG] [Fast Refresh] done in 199ms @ http://localhost:3000/_next/static/chunks/79846_next_dist_6d76e5e4._.js:2297
[  254225ms] [LOG] [Fast Refresh] rebuilding @ http://localhost:3000/_next/static/chunks/79846_next_dist_6d76e5e4._.js:2297
[  254233ms] [LOG] [Fast Refresh] done in 113ms @ http://localhost:3000/_next/static/chunks/79846_next_dist_6d76e5e4._.js:2297
[  274857ms] [LOG] [Fast Refresh] rebuilding @ http://localhost:3000/_next/static/chunks/79846_next_dist_6d76e5e4._.js:2297
[  274860ms] [LOG] [Fast Refresh] done in 103ms @ http://localhost:3000/_next/static/chunks/79846_next_dist_6d76e5e4._.js:2297
[  374358ms] [ERROR] Failed to load resource: net::ERR_QUIC_PROTOCOL_ERROR @ https://cdn.hashnode.com/res/hashnode/image/upload/v1742567690437/31423e81-c6ba-4383-95fa-3942acc87a0e.png:0
[  374358ms] [ERROR] Failed to load resource: net::ERR_QUIC_PROTOCOL_ERROR @ https://cdn.hashnode.com/res/hashnode/image/upload/v1747489830768/e0701e04-a65a-4f66-91e5-4286c4c9cb73.png:0
[  374363ms] [ERROR] Failed to load resource: net::ERR_QUIC_PROTOCOL_ERROR @ https://cdn.hashnode.com/res/hashnode/image/upload/v1741939795894/7266d476-58be-434e-9f20-c84651370791.jpeg:0
[  374363ms] [ERROR] Failed to load resource: net::ERR_QUIC_PROTOCOL_ERROR @ https://cdn.hashnode.com/res/hashnode/image/upload/v1742885930445/79f4c1ea-2283-4b3f-b005-97088d5fa0a6.gif:0
[  374363ms] [ERROR] Failed to load resource: net::ERR_QUIC_PROTOCOL_ERROR @ https://cdn.hashnode.com/res/hashnode/image/upload/v1736745859210/39a8964a-7572-448d-8ea3-79a5b0ea3172.png:0
[  374363ms] [ERROR] Failed to load resource: net::ERR_QUIC_PROTOCOL_ERROR @ https://cdn.hashnode.com/res/hashnode/image/upload/v1742197265401/e0c66b6f-73e2-458a-8037-89e3d711f7ae.png:0
[  374363ms] [ERROR] Failed to load resource: net::ERR_QUIC_PROTOCOL_ERROR @ https://cdn.hashnode.com/res/hashnode/image/upload/v1742633960948/24ede195-8305-4710-a266-62f4d7bfe31f.png:0
[  374363ms] [ERROR] Failed to load resource: net::ERR_QUIC_PROTOCOL_ERROR @ https://cdn.hashnode.com/res/hashnode/image/upload/v1743360673893/dcfbff4e-60c3-4208-9e04-e12e48487a7c.jpeg:0
[  374364ms] [ERROR] Failed to load resource: net::ERR_QUIC_PROTOCOL_ERROR @ https://cdn.hashnode.com/res/hashnode/image/upload/v1742827975484/74a4c291-4c5f-481f-93e5-083f536d38cc.png:0
[  374364ms] [ERROR] Failed to load resource: net::ERR_QUIC_PROTOCOL_ERROR @ https://cdn.hashnode.com/res/hashnode/image/stock/unsplash/Fa9b57hffnM/upload/7ef3cef79961df56286f734a66a1286f.jpeg:0
[  374364ms] [ERROR] Failed to load resource: net::ERR_QUIC_PROTOCOL_ERROR @ https://cdn.hashnode.com/res/hashnode/image/upload/v1741621099214/684b693d-f6d8-436f-b6ad-d4a46d3e3c60.png:0
[  374364ms] [ERROR] Failed to load resource: net::ERR_QUIC_PROTOCOL_ERROR @ https://cdn.hashnode.com/res/hashnode/image/upload/v1737247019977/d87bb74f-1314-458d-99b9-8342da2f3058.png:0
[  374364ms] [ERROR] Failed to load resource: net::ERR_QUIC_PROTOCOL_ERROR @ https://cdn.hashnode.com/res/hashnode/image/upload/v1742881770206/4db0f70b-865d-4879-a84a-da5bfddd6adb.png:0
[  374364ms] [ERROR] Failed to load resource: net::ERR_QUIC_PROTOCOL_ERROR @ https://cdn.hashnode.com/res/hashnode/image/stock/unsplash/Y84U6QRIag4/upload/0418502df95c4fd7382082e2bc501a14.jpeg:0
[  374364ms] [ERROR] Failed to load resource: net::ERR_QUIC_PROTOCOL_ERROR @ https://cdn.hashnode.com/res/hashnode/image/upload/v1737550602253/8ae6c166-5b64-4e02-a675-d35a9f50418e.png:0
[  374364ms] [ERROR] Failed to load resource: net::ERR_QUIC_PROTOCOL_ERROR @ https://cdn.hashnode.com/res/hashnode/image/stock/unsplash/0YQOOxNT2V4/upload/3c26856be5dc97cd3e70b34461d92523.jpeg:0
[  374364ms] [ERROR] Failed to load resource: net::ERR_QUIC_PROTOCOL_ERROR @ https://cdn.hashnode.com/res/hashnode/image/upload/v1743943953030/28d5d78e-d931-41eb-91c2-bcc71617e1fd.png:0
[  374365ms] [ERROR] Failed to load resource: net::ERR_QUIC_PROTOCOL_ERROR @ https://cdn.hashnode.com/res/hashnode/image/upload/v1736117310936/458bfb45-a8c7-46df-918c-4cd822a77a4e.png:0
[  413951ms] [LOG] [Fast Refresh] rebuilding @ http://localhost:3000/_next/static/chunks/79846_next_dist_6d76e5e4._.js:2297
[  413956ms] [LOG] [Fast Refresh] done in 106ms @ http://localhost:3000/_next/static/chunks/79846_next_dist_6d76e5e4._.js:2297
[  525129ms] [LOG] [Fast Refresh] rebuilding @ http://localhost:3000/_next/static/chunks/79846_next_dist_6d76e5e4._.js:2297
[  525164ms] [LOG] [Fast Refresh] done in 137ms @ http://localhost:3000/_next/static/chunks/79846_next_dist_6d76e5e4._.js:2297
[  566645ms] [LOG] [Fast Refresh] rebuilding @ http://localhost:3000/_next/static/chunks/79846_next_dist_6d76e5e4._.js:2297
[  566731ms] [LOG] [Fast Refresh] done in 187ms @ http://localhost:3000/_next/static/chunks/79846_next_dist_6d76e5e4._.js:2297
[  566927ms] [INFO] %cDownload the React DevTools for a better development experience: https://react.dev/link/react-devtools font-weight:bold @ http://localhost:3000/_next/static/chunks/79846_next_dist_6d76e5e4._.js:2297
[  566984ms] [LOG] [HMR] connected @ http://localhost:3000/_next/static/chunks/79846_next_dist_6d76e5e4._.js:2297
[  575901ms] [LOG] [Fast Refresh] rebuilding @ http://localhost:3000/_next/static/chunks/79846_next_dist_6d76e5e4._.js:2297
[  575906ms] [LOG] [Fast Refresh] done in 107ms @ http://localhost:3000/_next/static/chunks/79846_next_dist_6d76e5e4._.js:2297
