[     142ms] [LOG] [Fast Refresh] rebuilding @ http://localhost:3000/_next/static/chunks/79846_next_dist_6d76e5e4._.js:2297
[    1049ms] [LOG] [Fast Refresh] done in 1008ms @ http://localhost:3000/_next/static/chunks/79846_next_dist_6d76e5e4._.js:2297
[    1348ms] [INFO] %cDownload the React DevTools for a better development experience: https://react.dev/link/react-devtools font-weight:bold @ http://localhost:3000/_next/static/chunks/79846_next_dist_6d76e5e4._.js:2297
[    1377ms] [LOG] [HMR] connected @ http://localhost:3000/_next/static/chunks/79846_next_dist_6d76e5e4._.js:2297
[    1529ms] [LOG] [Fast Refresh] rebuilding @ http://localhost:3000/_next/static/chunks/79846_next_dist_6d76e5e4._.js:2297
[    1604ms] [LOG] [Fast Refresh] done in 186ms @ http://localhost:3000/_next/static/chunks/79846_next_dist_6d76e5e4._.js:2297
[    2420ms] [ERROR] Failed to load resource: the server responded with a status of 500 (Internal Server Error) @ http://localhost:3000/api/users/sync:0
[    2588ms] [ERROR] Failed to load resource: the server responded with a status of 500 (Internal Server Error) @ http://localhost:3000/api/users/sync:0
[   55613ms] [LOG] [Fast Refresh] rebuilding @ http://localhost:3000/_next/static/chunks/79846_next_dist_6d76e5e4._.js:2297
[   55797ms] [LOG] [Fast Refresh] done in 285ms @ http://localhost:3000/_next/static/chunks/79846_next_dist_6d76e5e4._.js:2297
[   56866ms] [INFO] %cDownload the React DevTools for a better development experience: https://react.dev/link/react-devtools font-weight:bold @ http://localhost:3000/_next/static/chunks/79846_next_dist_6d76e5e4._.js:2297
[   56881ms] [LOG] %c%s%c [PostPage] Loading post: background: #e6e6e6;background: light-dark(rgba(0,0,0,0.1), rgba(255,255,255,0.25));color: #000000;color: light-dark(#000000, #ffffff);border-radius: 2px  Server   d7434fcc-f98d-4ff2-aea3-41f1927cf83b @ http://localhost:3000/_next/static/chunks/79846_next_dist_6d76e5e4._.js:2297
[   56881ms] [LOG] %c%s%c [findById] id: background: #e6e6e6;background: light-dark(rgba(0,0,0,0.1), rgba(255,255,255,0.25));color: #000000;color: light-dark(#000000, #ffffff);border-radius: 2px  Server   d7434fcc-f98d-4ff2-aea3-41f1927cf83b normalized: d7434fcc-f98d-4ff2-aea3-41f1927cf83b @ http://localhost:3000/_next/static/chunks/79846_next_dist_6d76e5e4._.js:2297
[   56881ms] [LOG] %c%s%c [findById] id: background: #e6e6e6;background: light-dark(rgba(0,0,0,0.1), rgba(255,255,255,0.25));color: #000000;color: light-dark(#000000, #ffffff);border-radius: 2px  Server   d7434fcc-f98d-4ff2-aea3-41f1927cf83b normalized: d7434fcc-f98d-4ff2-aea3-41f1927cf83b @ http://localhost:3000/_next/static/chunks/79846_next_dist_6d76e5e4._.js:2297
[   56886ms] [LOG] %c%s%c [findById] getAll returned background: #e6e6e6;background: light-dark(rgba(0,0,0,0.1), rgba(255,255,255,0.25));color: #000000;color: light-dark(#000000, #ffffff);border-radius: 2px  Server   13 posts @ http://localhost:3000/_next/static/chunks/79846_next_dist_6d76e5e4._.js:2297
[   56887ms] [LOG] %c%s%c [findById] Found by normalized match background: #e6e6e6;background: light-dark(rgba(0,0,0,0.1), rgba(255,255,255,0.25));color: #000000;color: light-dark(#000000, #ffffff);border-radius: 2px  Server   @ http://localhost:3000/_next/static/chunks/79846_next_dist_6d76e5e4._.js:2297
[   56887ms] [LOG] %c%s%c [PostPage] Found post: background: #e6e6e6;background: light-dark(rgba(0,0,0,0.1), rgba(255,255,255,0.25));color: #000000;color: light-dark(#000000, #ffffff);border-radius: 2px  Server   yes @ http://localhost:3000/_next/static/chunks/79846_next_dist_6d76e5e4._.js:2297
[   56887ms] [LOG] %c%s%c [findById] getAll returned background: #e6e6e6;background: light-dark(rgba(0,0,0,0.1), rgba(255,255,255,0.25));color: #000000;color: light-dark(#000000, #ffffff);border-radius: 2px  Server   13 posts @ http://localhost:3000/_next/static/chunks/79846_next_dist_6d76e5e4._.js:2297
[   56887ms] [LOG] %c%s%c [findById] Found by normalized match background: #e6e6e6;background: light-dark(rgba(0,0,0,0.1), rgba(255,255,255,0.25));color: #000000;color: light-dark(#000000, #ffffff);border-radius: 2px  Server   @ http://localhost:3000/_next/static/chunks/79846_next_dist_6d76e5e4._.js:2297
[   56912ms] [LOG] [HMR] connected @ http://localhost:3000/_next/static/chunks/79846_next_dist_6d76e5e4._.js:2297
[   59844ms] [ERROR] Failed to load resource: the server responded with a status of 500 (Internal Server Error) @ http://localhost:3000/api/users/sync:0
[   59847ms] [ERROR] Failed to load resource: the server responded with a status of 500 (Internal Server Error) @ http://localhost:3000/api/users/sync:0
[   73843ms] [LOG] [Fast Refresh] rebuilding @ http://localhost:3000/_next/static/chunks/79846_next_dist_6d76e5e4._.js:2297
[   73920ms] [LOG] [Fast Refresh] done in 179ms @ http://localhost:3000/_next/static/chunks/79846_next_dist_6d76e5e4._.js:2297
