[     625ms] [ERROR] Failed to fetch engagement data: TypeError: Failed to fetch
    at PostCard.useEffect.fetchEngagement (http://localhost:3000/_next/static/chunks/Desktop_inkboard%20pursuable_inkboard_src_a0c8c32b._.js:241:48)
    at PostCard.useEffect (http://localhost:3000/_next/static/chunks/Desktop_inkboard%20pursuable_inkboard_src_a0c8c32b._.js:256:13)
    at Object.react_stack_bottom_frame (http://localhost:3000/_next/static/chunks/79846_next_dist_compiled_react-dom_66ee3ecc._.js:14876:22)
    at runWithFiberInDEV (http://localhost:3000/_next/static/chunks/79846_next_dist_compiled_react-dom_66ee3ecc._.js:965:74)
    at commitHookEffectListMount (http://localhost:3000/_next/static/chunks/79846_next_dist_compiled_react-dom_66ee3ecc._.js:7266:167)
    at commitHookPassiveMountEffects (http://localhost:3000/_next/static/chunks/79846_next_dist_compiled_react-dom_66ee3ecc._.js:7301:60)
    at reconnectPassiveEffects (http://localhost:3000/_next/static/chunks/79846_next_dist_compiled_react-dom_66ee3ecc._.js:8786:17)
    at doubleInvokeEffectsOnFiber (http://localhost:3000/_next/static/chunks/79846_next_dist_compiled_react-dom_66ee3ecc._.js:10092:133)
    at runWithFiberInDEV (http://localhost:3000/_next/static/chunks/79846_next_dist_compiled_react-dom_66ee3ecc._.js:965:74)
    at recursivelyTraverseAndDoubleInvokeEffectsInDEV (http://localhost:3000/_next/static/chunks/79846_next_dist_compiled_react-dom_66ee3ecc._.js:10085:79)
    at recursivelyTraverseAndDoubleInvokeEffectsInDEV (http://localhost:3000/_next/static/chunks/79846_next_dist_compiled_react-dom_66ee3ecc._.js:10085:147)
    at recursivelyTraverseAndDoubleInvokeEffectsInDEV (http://localhost:3000/_next/static/chunks/79846_next_dist_compiled_react-dom_66ee3ecc._.js:10085:147)
    at recursivelyTraverseAndDoubleInvokeEffectsInDEV (http://localhost:3000/_next/static/chunks/79846_next_dist_compiled_react-dom_66ee3ecc._.js:10085:147)
    at recursivelyTraverseAndDoubleInvokeEffectsInDEV (http://localhost:3000/_next/static/chunks/79846_next_dist_compiled_react-dom_66ee3ecc._.js:10085:147)
    at runWithFiberInDEV (http://localhost:3000/_next/static/chunks/79846_next_dist_compiled_react-dom_66ee3ecc._.js:965:131)
    at recursivelyTraverseAndDoubleInvokeEffectsInDEV (http://localhost:3000/_next/static/chunks/79846_next_dist_compiled_react-dom_66ee3ecc._.js:10085:405)
    at recursivelyTraverseAndDoubleInvokeEffectsInDEV (http://localhost:3000/_next/static/chunks/79846_next_dist_compiled_react-dom_66ee3ecc._.js:10085:147)
    at recursivelyTraverseAndDoubleInvokeEffectsInDEV (http://localhost:3000/_next/static/chunks/79846_next_dist_compiled_react-dom_66ee3ecc._.js:10085:147)
    at recursivelyTraverseAndDoubleInvokeEffectsInDEV (http://localhost:3000/_next/static/chunks/79846_next_dist_compiled_react-dom_66ee3ecc._.js:10085:147)
    at recursivelyTraverseAndDoubleInvokeEffectsInDEV (http://localhost:3000/_next/static/chunks/79846_next_dist_compiled_react-dom_66ee3ecc._.js:10085:147)
    at recursivelyTraverseAndDoubleInvokeEffectsInDEV (http://localhost:3000/_next/static/chunks/79846_next_dist_compiled_react-dom_66ee3ecc._.js:10085:147)
    at recursivelyTraverseAndDoubleInvokeEffectsInDEV (http://localhost:3000/_next/static/chunks/79846_next_dist_compiled_react-dom_66ee3ecc._.js:10085:147)
    at recursivelyTraverseAndDoubleInvokeEffectsInDEV (http://localhost:3000/_next/static/chunks/79846_next_dist_compiled_react-dom_66ee3ecc._.js:10085:147)
    at recursivelyTraverseAndDoubleInvokeEffectsInDEV (http://localhost:3000/_next/static/chunks/79846_next_dist_compiled_react-dom_66ee3ecc._.js:10085:147)
    at recursivelyTraverseAndDoubleInvokeEffectsInDEV (http://localhost:3000/_next/static/chunks/79846_next_dist_compiled_react-dom_66ee3ecc._.js:10085:147)
    at recursivelyTraverseAndDoubleInvokeEffectsInDEV (http://localhost:3000/_next/static/chunks/79846_next_dist_compiled_react-dom_66ee3ecc._.js:10085:147)
    at recursivelyTraverseAndDoubleInvokeEffectsInDEV (http://localhost:3000/_next/static/chunks/79846_next_dist_compiled_react-dom_66ee3ecc._.js:10085:147)
    at recursivelyTraverseAndDoubleInvokeEffectsInDEV (http://localhost:3000/_next/static/chunks/79846_next_dist_compiled_react-dom_66ee3ecc._.js:10085:147)
    at recursivelyTraverseAndDoubleInvokeEffectsInDEV (http://localhost:3000/_next/static/chunks/79846_next_dist_compiled_react-dom_66ee3ecc._.js:10085:147)
    at recursivelyTraverseAndDoubleInvokeEffectsInDEV (http://localhost:3000/_next/static/chunks/79846_next_dist_compiled_react-dom_66ee3ecc._.js:10085:147)
    at recursivelyTraverseAndDoubleInvokeEffectsInDEV (http://localhost:3000/_next/static/chunks/79846_next_dist_compiled_react-dom_66ee3ecc._.js:10085:147)
    at recursivelyTraverseAndDoubleInvokeEffectsInDEV (http://localhost:3000/_next/static/chunks/79846_next_dist_compiled_react-dom_66ee3ecc._.js:10085:147)
    at recursivelyTraverseAndDoubleInvokeEffectsInDEV (http://localhost:3000/_next/static/chunks/79846_next_dist_compiled_react-dom_66ee3ecc._.js:10085:147)
    at recursivelyTraverseAndDoubleInvokeEffectsInDEV (http://localhost:3000/_next/static/chunks/79846_next_dist_compiled_react-dom_66ee3ecc._.js:10085:147)
    at recursivelyTraverseAndDoubleInvokeEffectsInDEV (http://localhost:3000/_next/static/chunks/79846_next_dist_compiled_react-dom_66ee3ecc._.js:10085:147)
    at recursivelyTraverseAndDoubleInvokeEffectsInDEV (http://localhost:3000/_next/static/chunks/79846_next_dist_compiled_react-dom_66ee3ecc._.js:10085:147)
    at recursivelyTraverseAndDoubleInvokeEffectsInDEV (http://localhost:3000/_next/static/chunks/79846_next_dist_compiled_react-dom_66ee3ecc._.js:10085:147)
    at recursivelyTraverseAndDoubleInvokeEffectsInDEV (http://localhost:3000/_next/static/chunks/79846_next_dist_compiled_react-dom_66ee3ecc._.js:10085:147)
    at recursivelyTraverseAndDoubleInvokeEffectsInDEV (http://localhost:3000/_next/static/chunks/79846_next_dist_compiled_react-dom_66ee3ecc._.js:10085:147)
    at recursivelyTraverseAndDoubleInvokeEffectsInDEV (http://localhost:3000/_next/static/chunks/79846_next_dist_compiled_react-dom_66ee3ecc._.js:10085:147)
    at recursivelyTraverseAndDoubleInvokeEffectsInDEV (http://localhost:3000/_next/static/chunks/79846_next_dist_compiled_react-dom_66ee3ecc._.js:10085:147)
    at recursivelyTraverseAndDoubleInvokeEffectsInDEV (http://localhost:3000/_next/static/chunks/79846_next_dist_compiled_react-dom_66ee3ecc._.js:10085:147)
    at recursivelyTraverseAndDoubleInvokeEffectsInDEV (http://localhost:3000/_next/static/chunks/79846_next_dist_compiled_react-dom_66ee3ecc._.js:10085:147)
    at recursivelyTraverseAndDoubleInvokeEffectsInDEV (http://localhost:3000/_next/static/chunks/79846_next_dist_compiled_react-dom_66ee3ecc._.js:10085:147)
    at recursivelyTraverseAndDoubleInvokeEffectsInDEV (http://localhost:3000/_next/static/chunks/79846_next_dist_compiled_react-dom_66ee3ecc._.js:10085:147)
    at recursivelyTraverseAndDoubleInvokeEffectsInDEV (http://localhost:3000/_next/static/chunks/79846_next_dist_compiled_react-dom_66ee3ecc._.js:10085:147)
    at recursivelyTraverseAndDoubleInvokeEffectsInDEV (http://localhost:3000/_next/static/chunks/79846_next_dist_compiled_react-dom_66ee3ecc._.js:10085:147)
    at recursivelyTraverseAndDoubleInvokeEffectsInDEV (http://localhost:3000/_next/static/chunks/79846_next_dist_compiled_react-dom_66ee3ecc._.js:10085:147)
    at recursivelyTraverseAndDoubleInvokeEffectsInDEV (http://localhost:3000/_next/static/chunks/79846_next_dist_compiled_react-dom_66ee3ecc._.js:10085:147)
    at recursivelyTraverseAndDoubleInvokeEffectsInDEV (http://localhost:3000/_next/static/chunks/79846_next_dist_compiled_react-dom_66ee3ecc._.js:10085:147) @ http://localhost:3000/_next/static/chunks/79846_next_dist_6d76e5e4._.js:3127
[     626ms] [ERROR] Failed to fetch engagement data: TypeError: Failed to fetch
    at PostCard.useEffect.fetchEngagement (http://localhost:3000/_next/static/chunks/Desktop_inkboard%20pursuable_inkboard_src_a0c8c32b._.js:241:48)
    at PostCard.useEffect (http://localhost:3000/_next/static/chunks/Desktop_inkboard%20pursuable_inkboard_src_a0c8c32b._.js:256:13)
    at Object.react_stack_bottom_frame (http://localhost:3000/_next/static/chunks/79846_next_dist_compiled_react-dom_66ee3ecc._.js:14876:22)
    at runWithFiberInDEV (http://localhost:3000/_next/static/chunks/79846_next_dist_compiled_react-dom_66ee3ecc._.js:965:74)
    at commitHookEffectListMount (http://localhost:3000/_next/static/chunks/79846_next_dist_compiled_react-dom_66ee3ecc._.js:7266:167)
    at commitHookPassiveMountEffects (http://localhost:3000/_next/static/chunks/79846_next_dist_compiled_react-dom_66ee3ecc._.js:7301:60)
    at reconnectPassiveEffects (http://localhost:3000/_next/static/chunks/79846_next_dist_compiled_react-dom_66ee3ecc._.js:8786:17)
    at doubleInvokeEffectsOnFiber (http://localhost:3000/_next/static/chunks/79846_next_dist_compiled_react-dom_66ee3ecc._.js:10092:133)
    at runWithFiberInDEV (http://localhost:3000/_next/static/chunks/79846_next_dist_compiled_react-dom_66ee3ecc._.js:965:74)
    at recursivelyTraverseAndDoubleInvokeEffectsInDEV (http://localhost:3000/_next/static/chunks/79846_next_dist_compiled_react-dom_66ee3ecc._.js:10085:79)
    at recursivelyTraverseAndDoubleInvokeEffectsInDEV (http://localhost:3000/_next/static/chunks/79846_next_dist_compiled_react-dom_66ee3ecc._.js:10085:147)
    at recursivelyTraverseAndDoubleInvokeEffectsInDEV (http://localhost:3000/_next/static/chunks/79846_next_dist_compiled_react-dom_66ee3ecc._.js:10085:147)
    at recursivelyTraverseAndDoubleInvokeEffectsInDEV (http://localhost:3000/_next/static/chunks/79846_next_dist_compiled_react-dom_66ee3ecc._.js:10085:147)
    at recursivelyTraverseAndDoubleInvokeEffectsInDEV (http://localhost:3000/_next/static/chunks/79846_next_dist_compiled_react-dom_66ee3ecc._.js:10085:147)
    at runWithFiberInDEV (http://localhost:3000/_next/static/chunks/79846_next_dist_compiled_react-dom_66ee3ecc._.js:965:131)
    at recursivelyTraverseAndDoubleInvokeEffectsInDEV (http://localhost:3000/_next/static/chunks/79846_next_dist_compiled_react-dom_66ee3ecc._.js:10085:405)
    at recursivelyTraverseAndDoubleInvokeEffectsInDEV (http://localhost:3000/_next/static/chunks/79846_next_dist_compiled_react-dom_66ee3ecc._.js:10085:147)
    at recursivelyTraverseAndDoubleInvokeEffectsInDEV (http://localhost:3000/_next/static/chunks/79846_next_dist_compiled_react-dom_66ee3ecc._.js:10085:147)
    at recursivelyTraverseAndDoubleInvokeEffectsInDEV (http://localhost:3000/_next/static/chunks/79846_next_dist_compiled_react-dom_66ee3ecc._.js:10085:147)
    at recursivelyTraverseAndDoubleInvokeEffectsInDEV (http://localhost:3000/_next/static/chunks/79846_next_dist_compiled_react-dom_66ee3ecc._.js:10085:147)
    at recursivelyTraverseAndDoubleInvokeEffectsInDEV (http://localhost:3000/_next/static/chunks/79846_next_dist_compiled_react-dom_66ee3ecc._.js:10085:147)
    at recursivelyTraverseAndDoubleInvokeEffectsInDEV (http://localhost:3000/_next/static/chunks/79846_next_dist_compiled_react-dom_66ee3ecc._.js:10085:147)
    at recursivelyTraverseAndDoubleInvokeEffectsInDEV (http://localhost:3000/_next/static/chunks/79846_next_dist_compiled_react-dom_66ee3ecc._.js:10085:147)
    at recursivelyTraverseAndDoubleInvokeEffectsInDEV (http://localhost:3000/_next/static/chunks/79846_next_dist_compiled_react-dom_66ee3ecc._.js:10085:147)
    at recursivelyTraverseAndDoubleInvokeEffectsInDEV (http://localhost:3000/_next/static/chunks/79846_next_dist_compiled_react-dom_66ee3ecc._.js:10085:147)
    at recursivelyTraverseAndDoubleInvokeEffectsInDEV (http://localhost:3000/_next/static/chunks/79846_next_dist_compiled_react-dom_66ee3ecc._.js:10085:147)
    at recursivelyTraverseAndDoubleInvokeEffectsInDEV (http://localhost:3000/_next/static/chunks/79846_next_dist_compiled_react-dom_66ee3ecc._.js:10085:147)
    at recursivelyTraverseAndDoubleInvokeEffectsInDEV (http://localhost:3000/_next/static/chunks/79846_next_dist_compiled_react-dom_66ee3ecc._.js:10085:147)
    at recursivelyTraverseAndDoubleInvokeEffectsInDEV (http://localhost:3000/_next/static/chunks/79846_next_dist_compiled_react-dom_66ee3ecc._.js:10085:147)
    at recursivelyTraverseAndDoubleInvokeEffectsInDEV (http://localhost:3000/_next/static/chunks/79846_next_dist_compiled_react-dom_66ee3ecc._.js:10085:147)
    at recursivelyTraverseAndDoubleInvokeEffectsInDEV (http://localhost:3000/_next/static/chunks/79846_next_dist_compiled_react-dom_66ee3ecc._.js:10085:147)
    at recursivelyTraverseAndDoubleInvokeEffectsInDEV (http://localhost:3000/_next/static/chunks/79846_next_dist_compiled_react-dom_66ee3ecc._.js:10085:147)
    at recursivelyTraverseAndDoubleInvokeEffectsInDEV (http://localhost:3000/_next/static/chunks/79846_next_dist_compiled_react-dom_66ee3ecc._.js:10085:147)
    at recursivelyTraverseAndDoubleInvokeEffectsInDEV (http://localhost:3000/_next/static/chunks/79846_next_dist_compiled_react-dom_66ee3ecc._.js:10085:147)
    at recursivelyTraverseAndDoubleInvokeEffectsInDEV (http://localhost:3000/_next/static/chunks/79846_next_dist_compiled_react-dom_66ee3ecc._.js:10085:147)
    at recursivelyTraverseAndDoubleInvokeEffectsInDEV (http://localhost:3000/_next/static/chunks/79846_next_dist_compiled_react-dom_66ee3ecc._.js:10085:147)
    at recursivelyTraverseAndDoubleInvokeEffectsInDEV (http://localhost:3000/_next/static/chunks/79846_next_dist_compiled_react-dom_66ee3ecc._.js:10085:147)
    at recursivelyTraverseAndDoubleInvokeEffectsInDEV (http://localhost:3000/_next/static/chunks/79846_next_dist_compiled_react-dom_66ee3ecc._.js:10085:147)
    at recursivelyTraverseAndDoubleInvokeEffectsInDEV (http://localhost:3000/_next/static/chunks/79846_next_dist_compiled_react-dom_66ee3ecc._.js:10085:147)
    at recursivelyTraverseAndDoubleInvokeEffectsInDEV (http://localhost:3000/_next/static/chunks/79846_next_dist_compiled_react-dom_66ee3ecc._.js:10085:147)
    at recursivelyTraverseAndDoubleInvokeEffectsInDEV (http://localhost:3000/_next/static/chunks/79846_next_dist_compiled_react-dom_66ee3ecc._.js:10085:147)
    at recursivelyTraverseAndDoubleInvokeEffectsInDEV (http://localhost:3000/_next/static/chunks/79846_next_dist_compiled_react-dom_66ee3ecc._.js:10085:147)
    at recursivelyTraverseAndDoubleInvokeEffectsInDEV (http://localhost:3000/_next/static/chunks/79846_next_dist_compiled_react-dom_66ee3ecc._.js:10085:147)
    at recursivelyTraverseAndDoubleInvokeEffectsInDEV (http://localhost:3000/_next/static/chunks/79846_next_dist_compiled_react-dom_66ee3ecc._.js:10085:147)
    at recursivelyTraverseAndDoubleInvokeEffectsInDEV (http://localhost:3000/_next/static/chunks/79846_next_dist_compiled_react-dom_66ee3ecc._.js:10085:147)
    at recursivelyTraverseAndDoubleInvokeEffectsInDEV (http://localhost:3000/_next/static/chunks/79846_next_dist_compiled_react-dom_66ee3ecc._.js:10085:147)
    at recursivelyTraverseAndDoubleInvokeEffectsInDEV (http://localhost:3000/_next/static/chunks/79846_next_dist_compiled_react-dom_66ee3ecc._.js:10085:147)
    at recursivelyTraverseAndDoubleInvokeEffectsInDEV (http://localhost:3000/_next/static/chunks/79846_next_dist_compiled_react-dom_66ee3ecc._.js:10085:147)
    at recursivelyTraverseAndDoubleInvokeEffectsInDEV (http://localhost:3000/_next/static/chunks/79846_next_dist_compiled_react-dom_66ee3ecc._.js:10085:147)
    at recursivelyTraverseAndDoubleInvokeEffectsInDEV (http://localhost:3000/_next/static/chunks/79846_next_dist_compiled_react-dom_66ee3ecc._.js:10085:147) @ http://localhost:3000/_next/static/chunks/79846_next_dist_6d76e5e4._.js:3127
[     626ms] [ERROR] Failed to fetch engagement data: TypeError: Failed to fetch
    at PostCard.useEffect.fetchEngagement (http://localhost:3000/_next/static/chunks/Desktop_inkboard%20pursuable_inkboard_src_a0c8c32b._.js:241:48)
    at PostCard.useEffect (http://localhost:3000/_next/static/chunks/Desktop_inkboard%20pursuable_inkboard_src_a0c8c32b._.js:256:13)
    at Object.react_stack_bottom_frame (http://localhost:3000/_next/static/chunks/79846_next_dist_compiled_react-dom_66ee3ecc._.js:14876:22)
    at runWithFiberInDEV (http://localhost:3000/_next/static/chunks/79846_next_dist_compiled_react-dom_66ee3ecc._.js:965:74)
    at commitHookEffectListMount (http://localhost:3000/_next/static/chunks/79846_next_dist_compiled_react-dom_66ee3ecc._.js:7266:167)
    at commitHookPassiveMountEffects (http://localhost:3000/_next/static/chunks/79846_next_dist_compiled_react-dom_66ee3ecc._.js:7301:60)
    at reconnectPassiveEffects (http://localhost:3000/_next/static/chunks/79846_next_dist_compiled_react-dom_66ee3ecc._.js:8786:17)
    at doubleInvokeEffectsOnFiber (http://localhost:3000/_next/static/chunks/79846_next_dist_compiled_react-dom_66ee3ecc._.js:10092:133)
    at runWithFiberInDEV (http://localhost:3000/_next/static/chunks/79846_next_dist_compiled_react-dom_66ee3ecc._.js:965:74)
    at recursivelyTraverseAndDoubleInvokeEffectsInDEV (http://localhost:3000/_next/static/chunks/79846_next_dist_compiled_react-dom_66ee3ecc._.js:10085:79)
    at recursivelyTraverseAndDoubleInvokeEffectsInDEV (http://localhost:3000/_next/static/chunks/79846_next_dist_compiled_react-dom_66ee3ecc._.js:10085:147)
    at recursivelyTraverseAndDoubleInvokeEffectsInDEV (http://localhost:3000/_next/static/chunks/79846_next_dist_compiled_react-dom_66ee3ecc._.js:10085:147)
    at recursivelyTraverseAndDoubleInvokeEffectsInDEV (http://localhost:3000/_next/static/chunks/79846_next_dist_compiled_react-dom_66ee3ecc._.js:10085:147)
    at recursivelyTraverseAndDoubleInvokeEffectsInDEV (http://localhost:3000/_next/static/chunks/79846_next_dist_compiled_react-dom_66ee3ecc._.js:10085:147)
    at runWithFiberInDEV (http://localhost:3000/_next/static/chunks/79846_next_dist_compiled_react-dom_66ee3ecc._.js:965:131)
    at recursivelyTraverseAndDoubleInvokeEffectsInDEV (http://localhost:3000/_next/static/chunks/79846_next_dist_compiled_react-dom_66ee3ecc._.js:10085:405)
    at recursivelyTraverseAndDoubleInvokeEffectsInDEV (http://localhost:3000/_next/static/chunks/79846_next_dist_compiled_react-dom_66ee3ecc._.js:10085:147)
    at recursivelyTraverseAndDoubleInvokeEffectsInDEV (http://localhost:3000/_next/static/chunks/79846_next_dist_compiled_react-dom_66ee3ecc._.js:10085:147)
    at recursivelyTraverseAndDoubleInvokeEffectsInDEV (http://localhost:3000/_next/static/chunks/79846_next_dist_compiled_react-dom_66ee3ecc._.js:10085:147)
    at recursivelyTraverseAndDoubleInvokeEffectsInDEV (http://localhost:3000/_next/static/chunks/79846_next_dist_compiled_react-dom_66ee3ecc._.js:10085:147)
    at recursivelyTraverseAndDoubleInvokeEffectsInDEV (http://localhost:3000/_next/static/chunks/79846_next_dist_compiled_react-dom_66ee3ecc._.js:10085:147)
    at recursivelyTraverseAndDoubleInvokeEffectsInDEV (http://localhost:3000/_next/static/chunks/79846_next_dist_compiled_react-dom_66ee3ecc._.js:10085:147)
    at recursivelyTraverseAndDoubleInvokeEffectsInDEV (http://localhost:3000/_next/static/chunks/79846_next_dist_compiled_react-dom_66ee3ecc._.js:10085:147)
    at recursivelyTraverseAndDoubleInvokeEffectsInDEV (http://localhost:3000/_next/static/chunks/79846_next_dist_compiled_react-dom_66ee3ecc._.js:10085:147)
    at recursivelyTraverseAndDoubleInvokeEffectsInDEV (http://localhost:3000/_next/static/chunks/79846_next_dist_compiled_react-dom_66ee3ecc._.js:10085:147)
    at recursivelyTraverseAndDoubleInvokeEffectsInDEV (http://localhost:3000/_next/static/chunks/79846_next_dist_compiled_react-dom_66ee3ecc._.js:10085:147)
    at recursivelyTraverseAndDoubleInvokeEffectsInDEV (http://localhost:3000/_next/static/chunks/79846_next_dist_compiled_react-dom_66ee3ecc._.js:10085:147)
    at recursivelyTraverseAndDoubleInvokeEffectsInDEV (http://localhost:3000/_next/static/chunks/79846_next_dist_compiled_react-dom_66ee3ecc._.js:10085:147)
    at recursivelyTraverseAndDoubleInvokeEffectsInDEV (http://localhost:3000/_next/static/chunks/79846_next_dist_compiled_react-dom_66ee3ecc._.js:10085:147)
    at recursivelyTraverseAndDoubleInvokeEffectsInDEV (http://localhost:3000/_next/static/chunks/79846_next_dist_compiled_react-dom_66ee3ecc._.js:10085:147)
    at recursivelyTraverseAndDoubleInvokeEffectsInDEV (http://localhost:3000/_next/static/chunks/79846_next_dist_compiled_react-dom_66ee3ecc._.js:10085:147)
    at recursivelyTraverseAndDoubleInvokeEffectsInDEV (http://localhost:3000/_next/static/chunks/79846_next_dist_compiled_react-dom_66ee3ecc._.js:10085:147)
    at recursivelyTraverseAndDoubleInvokeEffectsInDEV (http://localhost:3000/_next/static/chunks/79846_next_dist_compiled_react-dom_66ee3ecc._.js:10085:147)
    at recursivelyTraverseAndDoubleInvokeEffectsInDEV (http://localhost:3000/_next/static/chunks/79846_next_dist_compiled_react-dom_66ee3ecc._.js:10085:147)
    at recursivelyTraverseAndDoubleInvokeEffectsInDEV (http://localhost:3000/_next/static/chunks/79846_next_dist_compiled_react-dom_66ee3ecc._.js:10085:147)
    at recursivelyTraverseAndDoubleInvokeEffectsInDEV (http://localhost:3000/_next/static/chunks/79846_next_dist_compiled_react-dom_66ee3ecc._.js:10085:147)
    at recursivelyTraverseAndDoubleInvokeEffectsInDEV (http://localhost:3000/_next/static/chunks/79846_next_dist_compiled_react-dom_66ee3ecc._.js:10085:147)
    at recursivelyTraverseAndDoubleInvokeEffectsInDEV (http://localhost:3000/_next/static/chunks/79846_next_dist_compiled_react-dom_66ee3ecc._.js:10085:147)
    at recursivelyTraverseAndDoubleInvokeEffectsInDEV (http://localhost:3000/_next/static/chunks/79846_next_dist_compiled_react-dom_66ee3ecc._.js:10085:147)
    at recursivelyTraverseAndDoubleInvokeEffectsInDEV (http://localhost:3000/_next/static/chunks/79846_next_dist_compiled_react-dom_66ee3ecc._.js:10085:147)
    at recursivelyTraverseAndDoubleInvokeEffectsInDEV (http://localhost:3000/_next/static/chunks/79846_next_dist_compiled_react-dom_66ee3ecc._.js:10085:147)
    at recursivelyTraverseAndDoubleInvokeEffectsInDEV (http://localhost:3000/_next/static/chunks/79846_next_dist_compiled_react-dom_66ee3ecc._.js:10085:147)
    at recursivelyTraverseAndDoubleInvokeEffectsInDEV (http://localhost:3000/_next/static/chunks/79846_next_dist_compiled_react-dom_66ee3ecc._.js:10085:147)
    at recursivelyTraverseAndDoubleInvokeEffectsInDEV (http://localhost:3000/_next/static/chunks/79846_next_dist_compiled_react-dom_66ee3ecc._.js:10085:147)
    at recursivelyTraverseAndDoubleInvokeEffectsInDEV (http://localhost:3000/_next/static/chunks/79846_next_dist_compiled_react-dom_66ee3ecc._.js:10085:147)
    at recursivelyTraverseAndDoubleInvokeEffectsInDEV (http://localhost:3000/_next/static/chunks/79846_next_dist_compiled_react-dom_66ee3ecc._.js:10085:147)
    at recursivelyTraverseAndDoubleInvokeEffectsInDEV (http://localhost:3000/_next/static/chunks/79846_next_dist_compiled_react-dom_66ee3ecc._.js:10085:147)
    at recursivelyTraverseAndDoubleInvokeEffectsInDEV (http://localhost:3000/_next/static/chunks/79846_next_dist_compiled_react-dom_66ee3ecc._.js:10085:147)
    at recursivelyTraverseAndDoubleInvokeEffectsInDEV (http://localhost:3000/_next/static/chunks/79846_next_dist_compiled_react-dom_66ee3ecc._.js:10085:147)
    at recursivelyTraverseAndDoubleInvokeEffectsInDEV (http://localhost:3000/_next/static/chunks/79846_next_dist_compiled_react-dom_66ee3ecc._.js:10085:147) @ http://localhost:3000/_next/static/chunks/79846_next_dist_6d76e5e4._.js:3127
[     627ms] [ERROR] Failed to fetch engagement data: TypeError: Failed to fetch
    at PostCard.useEffect.fetchEngagement (http://localhost:3000/_next/static/chunks/Desktop_inkboard%20pursuable_inkboard_src_a0c8c32b._.js:241:48)
    at PostCard.useEffect (http://localhost:3000/_next/static/chunks/Desktop_inkboard%20pursuable_inkboard_src_a0c8c32b._.js:256:13)
    at Object.react_stack_bottom_frame (http://localhost:3000/_next/static/chunks/79846_next_dist_compiled_react-dom_66ee3ecc._.js:14876:22)
    at runWithFiberInDEV (http://localhost:3000/_next/static/chunks/79846_next_dist_compiled_react-dom_66ee3ecc._.js:965:74)
    at commitHookEffectListMount (http://localhost:3000/_next/static/chunks/79846_next_dist_compiled_react-dom_66ee3ecc._.js:7266:167)
    at commitHookPassiveMountEffects (http://localhost:3000/_next/static/chunks/79846_next_dist_compiled_react-dom_66ee3ecc._.js:7301:60)
    at reconnectPassiveEffects (http://localhost:3000/_next/static/chunks/79846_next_dist_compiled_react-dom_66ee3ecc._.js:8786:17)
    at doubleInvokeEffectsOnFiber (http://localhost:3000/_next/static/chunks/79846_next_dist_compiled_react-dom_66ee3ecc._.js:10092:133)
    at runWithFiberInDEV (http://localhost:3000/_next/static/chunks/79846_next_dist_compiled_react-dom_66ee3ecc._.js:965:74)
    at recursivelyTraverseAndDoubleInvokeEffectsInDEV (http://localhost:3000/_next/static/chunks/79846_next_dist_compiled_react-dom_66ee3ecc._.js:10085:79)
    at recursivelyTraverseAndDoubleInvokeEffectsInDEV (http://localhost:3000/_next/static/chunks/79846_next_dist_compiled_react-dom_66ee3ecc._.js:10085:147)
    at recursivelyTraverseAndDoubleInvokeEffectsInDEV (http://localhost:3000/_next/static/chunks/79846_next_dist_compiled_react-dom_66ee3ecc._.js:10085:147)
    at recursivelyTraverseAndDoubleInvokeEffectsInDEV (http://localhost:3000/_next/static/chunks/79846_next_dist_compiled_react-dom_66ee3ecc._.js:10085:147)
    at recursivelyTraverseAndDoubleInvokeEffectsInDEV (http://localhost:3000/_next/static/chunks/79846_next_dist_compiled_react-dom_66ee3ecc._.js:10085:147)
    at runWithFiberInDEV (http://localhost:3000/_next/static/chunks/79846_next_dist_compiled_react-dom_66ee3ecc._.js:965:131)
    at recursivelyTraverseAndDoubleInvokeEffectsInDEV (http://localhost:3000/_next/static/chunks/79846_next_dist_compiled_react-dom_66ee3ecc._.js:10085:405)
    at recursivelyTraverseAndDoubleInvokeEffectsInDEV (http://localhost:3000/_next/static/chunks/79846_next_dist_compiled_react-dom_66ee3ecc._.js:10085:147)
    at recursivelyTraverseAndDoubleInvokeEffectsInDEV (http://localhost:3000/_next/static/chunks/79846_next_dist_compiled_react-dom_66ee3ecc._.js:10085:147)
    at recursivelyTraverseAndDoubleInvokeEffectsInDEV (http://localhost:3000/_next/static/chunks/79846_next_dist_compiled_react-dom_66ee3ecc._.js:10085:147)
    at recursivelyTraverseAndDoubleInvokeEffectsInDEV (http://localhost:3000/_next/static/chunks/79846_next_dist_compiled_react-dom_66ee3ecc._.js:10085:147)
    at recursivelyTraverseAndDoubleInvokeEffectsInDEV (http://localhost:3000/_next/static/chunks/79846_next_dist_compiled_react-dom_66ee3ecc._.js:10085:147)
    at recursivelyTraverseAndDoubleInvokeEffectsInDEV (http://localhost:3000/_next/static/chunks/79846_next_dist_compiled_react-dom_66ee3ecc._.js:10085:147)
    at recursivelyTraverseAndDoubleInvokeEffectsInDEV (http://localhost:3000/_next/static/chunks/79846_next_dist_compiled_react-dom_66ee3ecc._.js:10085:147)
    at recursivelyTraverseAndDoubleInvokeEffectsInDEV (http://localhost:3000/_next/static/chunks/79846_next_dist_compiled_react-dom_66ee3ecc._.js:10085:147)
    at recursivelyTraverseAndDoubleInvokeEffectsInDEV (http://localhost:3000/_next/static/chunks/79846_next_dist_compiled_react-dom_66ee3ecc._.js:10085:147)
    at recursivelyTraverseAndDoubleInvokeEffectsInDEV (http://localhost:3000/_next/static/chunks/79846_next_dist_compiled_react-dom_66ee3ecc._.js:10085:147)
    at recursivelyTraverseAndDoubleInvokeEffectsInDEV (http://localhost:3000/_next/static/chunks/79846_next_dist_compiled_react-dom_66ee3ecc._.js:10085:147)
    at recursivelyTraverseAndDoubleInvokeEffectsInDEV (http://localhost:3000/_next/static/chunks/79846_next_dist_compiled_react-dom_66ee3ecc._.js:10085:147)
    at recursivelyTraverseAndDoubleInvokeEffectsInDEV (http://localhost:3000/_next/static/chunks/79846_next_dist_compiled_react-dom_66ee3ecc._.js:10085:147)
    at recursivelyTraverseAndDoubleInvokeEffectsInDEV (http://localhost:3000/_next/static/chunks/79846_next_dist_compiled_react-dom_66ee3ecc._.js:10085:147)
    at recursivelyTraverseAndDoubleInvokeEffectsInDEV (http://localhost:3000/_next/static/chunks/79846_next_dist_compiled_react-dom_66ee3ecc._.js:10085:147)
    at recursivelyTraverseAndDoubleInvokeEffectsInDEV (http://localhost:3000/_next/static/chunks/79846_next_dist_compiled_react-dom_66ee3ecc._.js:10085:147)
    at recursivelyTraverseAndDoubleInvokeEffectsInDEV (http://localhost:3000/_next/static/chunks/79846_next_dist_compiled_react-dom_66ee3ecc._.js:10085:147)
    at recursivelyTraverseAndDoubleInvokeEffectsInDEV (http://localhost:3000/_next/static/chunks/79846_next_dist_compiled_react-dom_66ee3ecc._.js:10085:147)
    at recursivelyTraverseAndDoubleInvokeEffectsInDEV (http://localhost:3000/_next/static/chunks/79846_next_dist_compiled_react-dom_66ee3ecc._.js:10085:147)
    at recursivelyTraverseAndDoubleInvokeEffectsInDEV (http://localhost:3000/_next/static/chunks/79846_next_dist_compiled_react-dom_66ee3ecc._.js:10085:147)
    at recursivelyTraverseAndDoubleInvokeEffectsInDEV (http://localhost:3000/_next/static/chunks/79846_next_dist_compiled_react-dom_66ee3ecc._.js:10085:147)
    at recursivelyTraverseAndDoubleInvokeEffectsInDEV (http://localhost:3000/_next/static/chunks/79846_next_dist_compiled_react-dom_66ee3ecc._.js:10085:147)
    at recursivelyTraverseAndDoubleInvokeEffectsInDEV (http://localhost:3000/_next/static/chunks/79846_next_dist_compiled_react-dom_66ee3ecc._.js:10085:147)
    at recursivelyTraverseAndDoubleInvokeEffectsInDEV (http://localhost:3000/_next/static/chunks/79846_next_dist_compiled_react-dom_66ee3ecc._.js:10085:147)
    at recursivelyTraverseAndDoubleInvokeEffectsInDEV (http://localhost:3000/_next/static/chunks/79846_next_dist_compiled_react-dom_66ee3ecc._.js:10085:147)
    at recursivelyTraverseAndDoubleInvokeEffectsInDEV (http://localhost:3000/_next/static/chunks/79846_next_dist_compiled_react-dom_66ee3ecc._.js:10085:147)
    at recursivelyTraverseAndDoubleInvokeEffectsInDEV (http://localhost:3000/_next/static/chunks/79846_next_dist_compiled_react-dom_66ee3ecc._.js:10085:147)
    at recursivelyTraverseAndDoubleInvokeEffectsInDEV (http://localhost:3000/_next/static/chunks/79846_next_dist_compiled_react-dom_66ee3ecc._.js:10085:147)
    at recursivelyTraverseAndDoubleInvokeEffectsInDEV (http://localhost:3000/_next/static/chunks/79846_next_dist_compiled_react-dom_66ee3ecc._.js:10085:147)
    at recursivelyTraverseAndDoubleInvokeEffectsInDEV (http://localhost:3000/_next/static/chunks/79846_next_dist_compiled_react-dom_66ee3ecc._.js:10085:147)
    at recursivelyTraverseAndDoubleInvokeEffectsInDEV (http://localhost:3000/_next/static/chunks/79846_next_dist_compiled_react-dom_66ee3ecc._.js:10085:147)
    at recursivelyTraverseAndDoubleInvokeEffectsInDEV (http://localhost:3000/_next/static/chunks/79846_next_dist_compiled_react-dom_66ee3ecc._.js:10085:147)
    at recursivelyTraverseAndDoubleInvokeEffectsInDEV (http://localhost:3000/_next/static/chunks/79846_next_dist_compiled_react-dom_66ee3ecc._.js:10085:147)
    at recursivelyTraverseAndDoubleInvokeEffectsInDEV (http://localhost:3000/_next/static/chunks/79846_next_dist_compiled_react-dom_66ee3ecc._.js:10085:147) @ http://localhost:3000/_next/static/chunks/79846_next_dist_6d76e5e4._.js:3127
[     627ms] [ERROR] Failed to fetch engagement data: TypeError: Failed to fetch
    at PostCard.useEffect.fetchEngagement (http://localhost:3000/_next/static/chunks/Desktop_inkboard%20pursuable_inkboard_src_a0c8c32b._.js:241:48)
    at PostCard.useEffect (http://localhost:3000/_next/static/chunks/Desktop_inkboard%20pursuable_inkboard_src_a0c8c32b._.js:256:13)
    at Object.react_stack_bottom_frame (http://localhost:3000/_next/static/chunks/79846_next_dist_compiled_react-dom_66ee3ecc._.js:14876:22)
    at runWithFiberInDEV (http://localhost:3000/_next/static/chunks/79846_next_dist_compiled_react-dom_66ee3ecc._.js:965:74)
    at commitHookEffectListMount (http://localhost:3000/_next/static/chunks/79846_next_dist_compiled_react-dom_66ee3ecc._.js:7266:167)
    at commitHookPassiveMountEffects (http://localhost:3000/_next/static/chunks/79846_next_dist_compiled_react-dom_66ee3ecc._.js:7301:60)
    at reconnectPassiveEffects (http://localhost:3000/_next/static/chunks/79846_next_dist_compiled_react-dom_66ee3ecc._.js:8786:17)
    at doubleInvokeEffectsOnFiber (http://localhost:3000/_next/static/chunks/79846_next_dist_compiled_react-dom_66ee3ecc._.js:10092:133)
    at runWithFiberInDEV (http://localhost:3000/_next/static/chunks/79846_next_dist_compiled_react-dom_66ee3ecc._.js:965:74)
    at recursivelyTraverseAndDoubleInvokeEffectsInDEV (http://localhost:3000/_next/static/chunks/79846_next_dist_compiled_react-dom_66ee3ecc._.js:10085:79)
    at recursivelyTraverseAndDoubleInvokeEffectsInDEV (http://localhost:3000/_next/static/chunks/79846_next_dist_compiled_react-dom_66ee3ecc._.js:10085:147)
    at recursivelyTraverseAndDoubleInvokeEffectsInDEV (http://localhost:3000/_next/static/chunks/79846_next_dist_compiled_react-dom_66ee3ecc._.js:10085:147)
    at recursivelyTraverseAndDoubleInvokeEffectsInDEV (http://localhost:3000/_next/static/chunks/79846_next_dist_compiled_react-dom_66ee3ecc._.js:10085:147)
    at recursivelyTraverseAndDoubleInvokeEffectsInDEV (http://localhost:3000/_next/static/chunks/79846_next_dist_compiled_react-dom_66ee3ecc._.js:10085:147)
    at runWithFiberInDEV (http://localhost:3000/_next/static/chunks/79846_next_dist_compiled_react-dom_66ee3ecc._.js:965:131)
    at recursivelyTraverseAndDoubleInvokeEffectsInDEV (http://localhost:3000/_next/static/chunks/79846_next_dist_compiled_react-dom_66ee3ecc._.js:10085:405)
    at recursivelyTraverseAndDoubleInvokeEffectsInDEV (http://localhost:3000/_next/static/chunks/79846_next_dist_compiled_react-dom_66ee3ecc._.js:10085:147)
    at recursivelyTraverseAndDoubleInvokeEffectsInDEV (http://localhost:3000/_next/static/chunks/79846_next_dist_compiled_react-dom_66ee3ecc._.js:10085:147)
    at recursivelyTraverseAndDoubleInvokeEffectsInDEV (http://localhost:3000/_next/static/chunks/79846_next_dist_compiled_react-dom_66ee3ecc._.js:10085:147)
    at recursivelyTraverseAndDoubleInvokeEffectsInDEV (http://localhost:3000/_next/static/chunks/79846_next_dist_compiled_react-dom_66ee3ecc._.js:10085:147)
    at recursivelyTraverseAndDoubleInvokeEffectsInDEV (http://localhost:3000/_next/static/chunks/79846_next_dist_compiled_react-dom_66ee3ecc._.js:10085:147)
    at recursivelyTraverseAndDoubleInvokeEffectsInDEV (http://localhost:3000/_next/static/chunks/79846_next_dist_compiled_react-dom_66ee3ecc._.js:10085:147)
    at recursivelyTraverseAndDoubleInvokeEffectsInDEV (http://localhost:3000/_next/static/chunks/79846_next_dist_compiled_react-dom_66ee3ecc._.js:10085:147)
    at recursivelyTraverseAndDoubleInvokeEffectsInDEV (http://localhost:3000/_next/static/chunks/79846_next_dist_compiled_react-dom_66ee3ecc._.js:10085:147)
    at recursivelyTraverseAndDoubleInvokeEffectsInDEV (http://localhost:3000/_next/static/chunks/79846_next_dist_compiled_react-dom_66ee3ecc._.js:10085:147)
    at recursivelyTraverseAndDoubleInvokeEffectsInDEV (http://localhost:3000/_next/static/chunks/79846_next_dist_compiled_react-dom_66ee3ecc._.js:10085:147)
    at recursivelyTraverseAndDoubleInvokeEffectsInDEV (http://localhost:3000/_next/static/chunks/79846_next_dist_compiled_react-dom_66ee3ecc._.js:10085:147)
    at recursivelyTraverseAndDoubleInvokeEffectsInDEV (http://localhost:3000/_next/static/chunks/79846_next_dist_compiled_react-dom_66ee3ecc._.js:10085:147)
    at recursivelyTraverseAndDoubleInvokeEffectsInDEV (http://localhost:3000/_next/static/chunks/79846_next_dist_compiled_react-dom_66ee3ecc._.js:10085:147)
    at recursivelyTraverseAndDoubleInvokeEffectsInDEV (http://localhost:3000/_next/static/chunks/79846_next_dist_compiled_react-dom_66ee3ecc._.js:10085:147)
    at recursivelyTraverseAndDoubleInvokeEffectsInDEV (http://localhost:3000/_next/static/chunks/79846_next_dist_compiled_react-dom_66ee3ecc._.js:10085:147)
    at recursivelyTraverseAndDoubleInvokeEffectsInDEV (http://localhost:3000/_next/static/chunks/79846_next_dist_compiled_react-dom_66ee3ecc._.js:10085:147)
    at recursivelyTraverseAndDoubleInvokeEffectsInDEV (http://localhost:3000/_next/static/chunks/79846_next_dist_compiled_react-dom_66ee3ecc._.js:10085:147)
    at recursivelyTraverseAndDoubleInvokeEffectsInDEV (http://localhost:3000/_next/static/chunks/79846_next_dist_compiled_react-dom_66ee3ecc._.js:10085:147)
    at recursivelyTraverseAndDoubleInvokeEffectsInDEV (http://localhost:3000/_next/static/chunks/79846_next_dist_compiled_react-dom_66ee3ecc._.js:10085:147)
    at recursivelyTraverseAndDoubleInvokeEffectsInDEV (http://localhost:3000/_next/static/chunks/79846_next_dist_compiled_react-dom_66ee3ecc._.js:10085:147)
    at recursivelyTraverseAndDoubleInvokeEffectsInDEV (http://localhost:3000/_next/static/chunks/79846_next_dist_compiled_react-dom_66ee3ecc._.js:10085:147)
    at recursivelyTraverseAndDoubleInvokeEffectsInDEV (http://localhost:3000/_next/static/chunks/79846_next_dist_compiled_react-dom_66ee3ecc._.js:10085:147)
    at recursivelyTraverseAndDoubleInvokeEffectsInDEV (http://localhost:3000/_next/static/chunks/79846_next_dist_compiled_react-dom_66ee3ecc._.js:10085:147)
    at recursivelyTraverseAndDoubleInvokeEffectsInDEV (http://localhost:3000/_next/static/chunks/79846_next_dist_compiled_react-dom_66ee3ecc._.js:10085:147)
    at recursivelyTraverseAndDoubleInvokeEffectsInDEV (http://localhost:3000/_next/static/chunks/79846_next_dist_compiled_react-dom_66ee3ecc._.js:10085:147)
    at recursivelyTraverseAndDoubleInvokeEffectsInDEV (http://localhost:3000/_next/static/chunks/79846_next_dist_compiled_react-dom_66ee3ecc._.js:10085:147)
    at recursivelyTraverseAndDoubleInvokeEffectsInDEV (http://localhost:3000/_next/static/chunks/79846_next_dist_compiled_react-dom_66ee3ecc._.js:10085:147)
    at recursivelyTraverseAndDoubleInvokeEffectsInDEV (http://localhost:3000/_next/static/chunks/79846_next_dist_compiled_react-dom_66ee3ecc._.js:10085:147)
    at recursivelyTraverseAndDoubleInvokeEffectsInDEV (http://localhost:3000/_next/static/chunks/79846_next_dist_compiled_react-dom_66ee3ecc._.js:10085:147)
    at recursivelyTraverseAndDoubleInvokeEffectsInDEV (http://localhost:3000/_next/static/chunks/79846_next_dist_compiled_react-dom_66ee3ecc._.js:10085:147)
    at recursivelyTraverseAndDoubleInvokeEffectsInDEV (http://localhost:3000/_next/static/chunks/79846_next_dist_compiled_react-dom_66ee3ecc._.js:10085:147)
    at recursivelyTraverseAndDoubleInvokeEffectsInDEV (http://localhost:3000/_next/static/chunks/79846_next_dist_compiled_react-dom_66ee3ecc._.js:10085:147)
    at recursivelyTraverseAndDoubleInvokeEffectsInDEV (http://localhost:3000/_next/static/chunks/79846_next_dist_compiled_react-dom_66ee3ecc._.js:10085:147)
    at recursivelyTraverseAndDoubleInvokeEffectsInDEV (http://localhost:3000/_next/static/chunks/79846_next_dist_compiled_react-dom_66ee3ecc._.js:10085:147) @ http://localhost:3000/_next/static/chunks/79846_next_dist_6d76e5e4._.js:3127
[     834ms] [INFO] %cDownload the React DevTools for a better development experience: https://react.dev/link/react-devtools font-weight:bold @ http://localhost:3000/_next/static/chunks/79846_next_dist_6d76e5e4._.js:2297
[     986ms] [LOG] [HMR] connected @ http://localhost:3000/_next/static/chunks/79846_next_dist_6d76e5e4._.js:2297
