[     332ms] [INFO] %cDownload the React DevTools for a better development experience: https://react.dev/link/react-devtools font-weight:bold @ http://localhost:3000/_next/static/chunks/79846_next_dist_6d76e5e4._.js:2297
[     400ms] [LOG] [HMR] connected @ http://localhost:3000/_next/static/chunks/79846_next_dist_6d76e5e4._.js:2297
[     638ms] [LOG] [Fast Refresh] rebuilding @ http://localhost:3000/_next/static/chunks/79846_next_dist_6d76e5e4._.js:2297
[     654ms] [LOG] [Fast Refresh] done in 116ms @ http://localhost:3000/_next/static/chunks/79846_next_dist_6d76e5e4._.js:2297
[   49159ms] [LOG] [Fast Refresh] rebuilding @ http://localhost:3000/_next/static/chunks/79846_next_dist_6d76e5e4._.js:2297
[   49162ms] [LOG] [Fast Refresh] done in 105ms @ http://localhost:3000/_next/static/chunks/79846_next_dist_6d76e5e4._.js:2297
[  139394ms] [LOG] [Fast Refresh] rebuilding @ http://localhost:3000/_next/static/chunks/79846_next_dist_6d76e5e4._.js:2297
[  139421ms] [LOG] [Fast Refresh] done in 127ms @ http://localhost:3000/_next/static/chunks/79846_next_dist_6d76e5e4._.js:2297
[  141230ms] [INFO] %cDownload the React DevTools for a better development experience: https://react.dev/link/react-devtools font-weight:bold @ http://localhost:3000/_next/static/chunks/79846_next_dist_6d76e5e4._.js:2297
[  141244ms] [LOG] %c%s%c [PostPage] Loading post: background: #e6e6e6;background: light-dark(rgba(0,0,0,0.1), rgba(255,255,255,0.25));color: #000000;color: light-dark(#000000, #ffffff);border-radius: 2px  Server   a7ff2243-3a89-4677-833c-6c5348270875 @ http://localhost:3000/_next/static/chunks/79846_next_dist_6d76e5e4._.js:2297
[  141245ms] [LOG] %c%s%c [findById] id: background: #e6e6e6;background: light-dark(rgba(0,0,0,0.1), rgba(255,255,255,0.25));color: #000000;color: light-dark(#000000, #ffffff);border-radius: 2px  Server   a7ff2243-3a89-4677-833c-6c5348270875 normalized: a7ff2243-3a89-4677-833c-6c5348270875 @ http://localhost:3000/_next/static/chunks/79846_next_dist_6d76e5e4._.js:2297
[  141245ms] [LOG] %c%s%c [findById] UUID detected - trying Supabase first for real user post background: #e6e6e6;background: light-dark(rgba(0,0,0,0.1), rgba(255,255,255,0.25));color: #000000;color: light-dark(#000000, #ffffff);border-radius: 2px  Server   @ http://localhost:3000/_next/static/chunks/79846_next_dist_6d76e5e4._.js:2297
[  141246ms] [LOG] %c%s%c [findById] id: background: #e6e6e6;background: light-dark(rgba(0,0,0,0.1), rgba(255,255,255,0.25));color: #000000;color: light-dark(#000000, #ffffff);border-radius: 2px  Server   a7ff2243-3a89-4677-833c-6c5348270875 normalized: a7ff2243-3a89-4677-833c-6c5348270875 @ http://localhost:3000/_next/static/chunks/79846_next_dist_6d76e5e4._.js:2297
[  141246ms] [LOG] %c%s%c [findById] UUID detected - trying Supabase first for real user post background: #e6e6e6;background: light-dark(rgba(0,0,0,0.1), rgba(255,255,255,0.25));color: #000000;color: light-dark(#000000, #ffffff);border-radius: 2px  Server   @ http://localhost:3000/_next/static/chunks/79846_next_dist_6d76e5e4._.js:2297
[  141252ms] [LOG] %c%s%c [findById] Found real user post in Supabase background: #e6e6e6;background: light-dark(rgba(0,0,0,0.1), rgba(255,255,255,0.25));color: #000000;color: light-dark(#000000, #ffffff);border-radius: 2px  Server   @ http://localhost:3000/_next/static/chunks/79846_next_dist_6d76e5e4._.js:2297
[  141253ms] [LOG] %c%s%c [PostPage] Found post: background: #e6e6e6;background: light-dark(rgba(0,0,0,0.1), rgba(255,255,255,0.25));color: #000000;color: light-dark(#000000, #ffffff);border-radius: 2px  Server   yes @ http://localhost:3000/_next/static/chunks/79846_next_dist_6d76e5e4._.js:2297
[  141258ms] [LOG] %c%s%c [findById] Found real user post in Supabase background: #e6e6e6;background: light-dark(rgba(0,0,0,0.1), rgba(255,255,255,0.25));color: #000000;color: light-dark(#000000, #ffffff);border-radius: 2px  Server   @ http://localhost:3000/_next/static/chunks/79846_next_dist_6d76e5e4._.js:2297
[  141282ms] [LOG] [HMR] connected @ http://localhost:3000/_next/static/chunks/79846_next_dist_6d76e5e4._.js:2297
[  159913ms] [WARNING] Detected `scroll-behavior: smooth` on the `<html>` element. To disable smooth scrolling during route transitions, add `data-scroll-behavior="smooth"` to your <html> element. Learn more: https://nextjs.org/docs/messages/missing-data-scroll-behavior @ http://localhost:3000/_next/static/chunks/79846_next_dist_6d76e5e4._.js:2297
[  163756ms] [LOG] [Fast Refresh] rebuilding @ http://localhost:3000/_next/static/chunks/79846_next_dist_6d76e5e4._.js:2297
[  163783ms] [LOG] [Fast Refresh] done in 129ms @ http://localhost:3000/_next/static/chunks/79846_next_dist_6d76e5e4._.js:2297
[  173831ms] [LOG] [Fast Refresh] rebuilding @ http://localhost:3000/_next/static/chunks/79846_next_dist_6d76e5e4._.js:2297
[  173837ms] [LOG] [Fast Refresh] done in 107ms @ http://localhost:3000/_next/static/chunks/79846_next_dist_6d76e5e4._.js:2297
