[     146ms] [LOG] [Fast Refresh] rebuilding @ http://localhost:3000/_next/static/chunks/79846_next_dist_6d76e5e4._.js:2297
[     869ms] [LOG] [Fast Refresh] done in 824ms @ http://localhost:3000/_next/static/chunks/79846_next_dist_6d76e5e4._.js:2297
[    2792ms] [ERROR] Failed to load resource: the server responded with a status of 500 (Internal Server Error) @ http://localhost:3000/u/testuser1:0
[    2880ms] [INFO] %cDownload the React DevTools for a better development experience: https://react.dev/link/react-devtools font-weight:bold @ http://localhost:3000/_next/static/chunks/79846_next_dist_6d76e5e4._.js:2297
[    2918ms] [LOG] [HMR] connected @ http://localhost:3000/_next/static/chunks/79846_next_dist_6d76e5e4._.js:2297
[    3101ms] TypeError: Cannot read properties of undefined (reading 'length')
    at PostCard (http://localhost:3000/_next/static/chunks/Desktop_inkboard%20pursuable_inkboard_a294ebc8._.js:516:35)
    at Object.react_stack_bottom_frame (http://localhost:3000/_next/static/chunks/79846_next_dist_compiled_react-dom_66ee3ecc._.js:14826:24)
    at renderWithHooks (http://localhost:3000/_next/static/chunks/79846_next_dist_compiled_react-dom_66ee3ecc._.js:4651:24)
    at updateFunctionComponent (http://localhost:3000/_next/static/chunks/79846_next_dist_compiled_react-dom_66ee3ecc._.js:6112:21)
    at beginWork (http://localhost:3000/_next/static/chunks/79846_next_dist_compiled_react-dom_66ee3ecc._.js:6708:24)
    at runWithFiberInDEV (http://localhost:3000/_next/static/chunks/79846_next_dist_compiled_react-dom_66ee3ecc._.js:965:74)
    at performUnitOfWork (http://localhost:3000/_next/static/chunks/79846_next_dist_compiled_react-dom_66ee3ecc._.js:9562:97)
    at workLoopSync (http://localhost:3000/_next/static/chunks/79846_next_dist_compiled_react-dom_66ee3ecc._.js:9456:40)
    at renderRootSync (http://localhost:3000/_next/static/chunks/79846_next_dist_compiled_react-dom_66ee3ecc._.js:9440:13)
    at performWorkOnRoot (http://localhost:3000/_next/static/chunks/79846_next_dist_compiled_react-dom_66ee3ecc._.js:9105:47)
    at performWorkOnRootViaSchedulerTask (http://localhost:3000/_next/static/chunks/79846_next_dist_compiled_react-dom_66ee3ecc._.js:10230:9)
    at MessagePort.performWorkUntilDeadline (http://localhost:3000/_next/static/chunks/79846_next_dist_compiled_28c51dd1._.js:2647:64)
[    3059ms] [LOG] [Fast Refresh] rebuilding @ http://localhost:3000/_next/static/chunks/79846_next_dist_6d76e5e4._.js:2297
[    3075ms] [LOG] [Fast Refresh] done in 132ms @ http://localhost:3000/_next/static/chunks/79846_next_dist_6d76e5e4._.js:2297
[    3196ms] [LOG] [Fast Refresh] rebuilding @ http://localhost:3000/_next/static/chunks/79846_next_dist_6d76e5e4._.js:2297
[    3198ms] [LOG] [Fast Refresh] done in 120ms @ http://localhost:3000/_next/static/chunks/79846_next_dist_6d76e5e4._.js:2297
[    3368ms] [LOG] [Fast Refresh] rebuilding @ http://localhost:3000/_next/static/chunks/79846_next_dist_6d76e5e4._.js:2297
[    3369ms] [LOG] [Fast Refresh] done in 102ms @ http://localhost:3000/_next/static/chunks/79846_next_dist_6d76e5e4._.js:2297
[    6198ms] [WARNING] The resource http://localhost:3000/_next/static/chunks/Desktop_inkboard%20pursuable_inkboard_src_app_globals_9743abe9.css was preloaded using link preload but not used within a few seconds from the window's load event. Please make sure it has an appropriate `as` value and it is preloaded intentionally. @ http://localhost:3000/u/testuser1:0
[  157119ms] [LOG] [Fast Refresh] rebuilding @ http://localhost:3000/_next/static/chunks/79846_next_dist_6d76e5e4._.js:2297
[  157125ms] [WARNING] [Fast Refresh] performing full reload because your application had an unrecoverable error @ http://localhost:3000/_next/static/chunks/79846_next_dist_6d76e5e4._.js:2297
[  157129ms] [WARNING] [Fast Refresh] performing full reload because your application had an unrecoverable error @ http://localhost:3000/_next/static/chunks/79846_next_dist_6d76e5e4._.js:2297
[  157140ms] [LOG] [Fast Refresh] done in 69ms @ http://localhost:3000/_next/static/chunks/79846_next_dist_6d76e5e4._.js:2297
[  157290ms] [LOG] [Fast Refresh] rebuilding @ http://localhost:3000/_next/static/chunks/79846_next_dist_6d76e5e4._.js:2297
[  157481ms] [LOG] [Fast Refresh] done in 291ms @ http://localhost:3000/_next/static/chunks/79846_next_dist_6d76e5e4._.js:2297
[  158854ms] [INFO] %cDownload the React DevTools for a better development experience: https://react.dev/link/react-devtools font-weight:bold @ http://localhost:3000/_next/static/chunks/79846_next_dist_6d76e5e4._.js:2297
[  158882ms] [LOG] [HMR] connected @ http://localhost:3000/_next/static/chunks/79846_next_dist_6d76e5e4._.js:2297
[  169760ms] [LOG] [Fast Refresh] rebuilding @ http://localhost:3000/_next/static/chunks/79846_next_dist_6d76e5e4._.js:2297
[  169798ms] [LOG] [Fast Refresh] done in 38ms @ http://localhost:3000/_next/static/chunks/79846_next_dist_6d76e5e4._.js:2297
[  169922ms] [LOG] [Fast Refresh] rebuilding @ http://localhost:3000/_next/static/chunks/79846_next_dist_6d76e5e4._.js:2297
[  170062ms] [LOG] [Fast Refresh] done in 241ms @ http://localhost:3000/_next/static/chunks/79846_next_dist_6d76e5e4._.js:2297
[  170213ms] [LOG] [Fast Refresh] rebuilding @ http://localhost:3000/_next/static/chunks/79846_next_dist_6d76e5e4._.js:2297
[  170448ms] [LOG] [Fast Refresh] done in 336ms @ http://localhost:3000/_next/static/chunks/79846_next_dist_6d76e5e4._.js:2297
[  175021ms] [LOG] [Fast Refresh] rebuilding @ http://localhost:3000/_next/static/chunks/79846_next_dist_6d76e5e4._.js:2297
[  175092ms] [LOG] [Fast Refresh] done in 57ms @ http://localhost:3000/_next/static/chunks/79846_next_dist_6d76e5e4._.js:2297
[  175200ms] [LOG] [Fast Refresh] rebuilding @ http://localhost:3000/_next/static/chunks/79846_next_dist_6d76e5e4._.js:2297
[  175318ms] [LOG] [Fast Refresh] done in 219ms @ http://localhost:3000/_next/static/chunks/79846_next_dist_6d76e5e4._.js:2297
[  176506ms] Error: {code: ..., details: ..., hint: Null, message: ...}
    at resolveErrorDev (http://localhost:3000/_next/static/chunks/79846_next_dist_compiled_react-server-dom-turbopack_1fd93373._.js:1894:148)
    at processFullStringRow (http://localhost:3000/_next/static/chunks/79846_next_dist_compiled_react-server-dom-turbopack_1fd93373._.js:2402:29)
    at processFullBinaryRow (http://localhost:3000/_next/static/chunks/79846_next_dist_compiled_react-server-dom-turbopack_1fd93373._.js:2361:9)
    at processBinaryChunk (http://localhost:3000/_next/static/chunks/79846_next_dist_compiled_react-server-dom-turbopack_1fd93373._.js:2470:221)
    at progress (http://localhost:3000/_next/static/chunks/79846_next_dist_compiled_react-server-dom-turbopack_1fd93373._.js:2640:13)
