[    1629ms] [ERROR] Failed to load resource: the server responded with a status of 500 (Internal Server Error) @ http://localhost:3000/u/testuser1:0
[    1827ms] [INFO] %cDownload the React DevTools for a better development experience: https://react.dev/link/react-devtools font-weight:bold @ http://localhost:3000/_next/static/chunks/79846_next_dist_6d76e5e4._.js:2297
[    1880ms] [LOG] [HMR] connected @ http://localhost:3000/_next/static/chunks/79846_next_dist_6d76e5e4._.js:2297
[    2125ms] Error: {code: ..., details: ..., hint: Null, message: ...}
    at resolveErrorDev (http://localhost:3000/_next/static/chunks/79846_next_dist_compiled_react-server-dom-turbopack_1fd93373._.js:1894:148)
    at processFullStringRow (http://localhost:3000/_next/static/chunks/79846_next_dist_compiled_react-server-dom-turbopack_1fd93373._.js:2402:29)
    at processFullBinaryRow (http://localhost:3000/_next/static/chunks/79846_next_dist_compiled_react-server-dom-turbopack_1fd93373._.js:2361:9)
    at processBinaryChunk (http://localhost:3000/_next/static/chunks/79846_next_dist_compiled_react-server-dom-turbopack_1fd93373._.js:2470:221)
    at progress (http://localhost:3000/_next/static/chunks/79846_next_dist_compiled_react-server-dom-turbopack_1fd93373._.js:2640:13)
[    5137ms] [WARNING] The resource http://localhost:3000/_next/static/chunks/Desktop_inkboard%20pursuable_inkboard_src_app_globals_9743abe9.css was preloaded using link preload but not used within a few seconds from the window's load event. Please make sure it has an appropriate `as` value and it is preloaded intentionally. @ http://localhost:3000/u/testuser1:0
[  107546ms] [LOG] [Fast Refresh] rebuilding @ http://localhost:3000/_next/static/chunks/79846_next_dist_6d76e5e4._.js:2297
[  107625ms] [LOG] [Fast Refresh] done in 42ms @ http://localhost:3000/_next/static/chunks/79846_next_dist_6d76e5e4._.js:2297
[  107751ms] [LOG] [Fast Refresh] rebuilding @ http://localhost:3000/_next/static/chunks/79846_next_dist_6d76e5e4._.js:2297
[  108029ms] [LOG] [Fast Refresh] done in 378ms @ http://localhost:3000/_next/static/chunks/79846_next_dist_6d76e5e4._.js:2297
[  109413ms] [INFO] %cDownload the React DevTools for a better development experience: https://react.dev/link/react-devtools font-weight:bold @ http://localhost:3000/_next/static/chunks/79846_next_dist_6d76e5e4._.js:2297
[  109452ms] [LOG] [HMR] connected @ http://localhost:3000/_next/static/chunks/79846_next_dist_6d76e5e4._.js:2297
[  129969ms] [LOG] [Fast Refresh] rebuilding @ http://localhost:3000/_next/static/chunks/79846_next_dist_6d76e5e4._.js:2297
[  130038ms] [LOG] [Fast Refresh] done in 43ms @ http://localhost:3000/_next/static/chunks/79846_next_dist_6d76e5e4._.js:2297
[  130149ms] [LOG] [Fast Refresh] rebuilding @ http://localhost:3000/_next/static/chunks/79846_next_dist_6d76e5e4._.js:2297
[  130260ms] [LOG] [Fast Refresh] done in 213ms @ http://localhost:3000/_next/static/chunks/79846_next_dist_6d76e5e4._.js:2297
[  134363ms] [LOG] [Fast Refresh] rebuilding @ http://localhost:3000/_next/static/chunks/79846_next_dist_6d76e5e4._.js:2297
[  134394ms] [LOG] [Fast Refresh] done in 58ms @ http://localhost:3000/_next/static/chunks/79846_next_dist_6d76e5e4._.js:2297
[  134549ms] [LOG] [Fast Refresh] rebuilding @ http://localhost:3000/_next/static/chunks/79846_next_dist_6d76e5e4._.js:2297
[  134682ms] [LOG] [Fast Refresh] done in 233ms @ http://localhost:3000/_next/static/chunks/79846_next_dist_6d76e5e4._.js:2297
[  139639ms] [LOG] [Fast Refresh] rebuilding @ http://localhost:3000/_next/static/chunks/79846_next_dist_6d76e5e4._.js:2297
[  139706ms] [LOG] [Fast Refresh] done in 39ms @ http://localhost:3000/_next/static/chunks/79846_next_dist_6d76e5e4._.js:2297
[  139815ms] [LOG] [Fast Refresh] rebuilding @ http://localhost:3000/_next/static/chunks/79846_next_dist_6d76e5e4._.js:2297
[  139948ms] [LOG] [Fast Refresh] done in 235ms @ http://localhost:3000/_next/static/chunks/79846_next_dist_6d76e5e4._.js:2297
