[     883ms] [INFO] %cDownload the React DevTools for a better development experience: https://react.dev/link/react-devtools font-weight:bold @ http://localhost:3001/_next/static/chunks/79846_next_dist_6d76e5e4._.js:2297
[     897ms] [WARNING] %c%s%c Using the user object as returned from supabase.auth.getSession() or from some supabase.auth.onAuthStateChange() events could be insecure! This value comes directly from the storage medium (usually cookies on the server) and may not be authentic. Use supabase.auth.getUser() instead which authenticates the data by contacting the Supabase Auth server. background: #e6e6e6;background: light-dark(rgba(0,0,0,0.1), rgba(255,255,255,0.25));color: #000000;color: light-dark(#000000, #ffffff);border-radius: 2px  Server   @ http://localhost:3001/_next/static/chunks/79846_next_dist_6d76e5e4._.js:2297
[     912ms] [LOG] [HMR] connected @ http://localhost:3001/_next/static/chunks/79846_next_dist_6d76e5e4._.js:2297
[  146829ms] [INFO] %cDownload the React DevTools for a better development experience: https://react.dev/link/react-devtools font-weight:bold @ http://localhost:3001/_next/static/chunks/79846_next_dist_6d76e5e4._.js:2297
[  146844ms] [WARNING] %c%s%c Using the user object as returned from supabase.auth.getSession() or from some supabase.auth.onAuthStateChange() events could be insecure! This value comes directly from the storage medium (usually cookies on the server) and may not be authentic. Use supabase.auth.getUser() instead which authenticates the data by contacting the Supabase Auth server. background: #e6e6e6;background: light-dark(rgba(0,0,0,0.1), rgba(255,255,255,0.25));color: #000000;color: light-dark(#000000, #ffffff);border-radius: 2px  Server   @ http://localhost:3001/_next/static/chunks/79846_next_dist_6d76e5e4._.js:2297
[  146858ms] [LOG] [HMR] connected @ http://localhost:3001/_next/static/chunks/79846_next_dist_6d76e5e4._.js:2297
[  180705ms] [LOG] [Fast Refresh] rebuilding @ http://localhost:3001/_next/static/chunks/79846_next_dist_6d76e5e4._.js:2297
[  181877ms] [LOG] [Fast Refresh] done in 1272ms @ http://localhost:3001/_next/static/chunks/79846_next_dist_6d76e5e4._.js:2297
[  182658ms] [WARNING] Detected `scroll-behavior: smooth` on the `<html>` element. To disable smooth scrolling during route transitions, add `data-scroll-behavior="smooth"` to your <html> element. Learn more: https://nextjs.org/docs/messages/missing-data-scroll-behavior @ http://localhost:3001/_next/static/chunks/79846_next_dist_6d76e5e4._.js:2297
[  182991ms] [LOG] [Fast Refresh] rebuilding @ http://localhost:3001/_next/static/chunks/79846_next_dist_6d76e5e4._.js:2297
[  183081ms] [LOG] [Fast Refresh] done in 192ms @ http://localhost:3001/_next/static/chunks/79846_next_dist_6d76e5e4._.js:2297
[  274972ms] [LOG] [Fast Refresh] rebuilding @ http://localhost:3001/_next/static/chunks/79846_next_dist_6d76e5e4._.js:2297
[  274972ms] [LOG] [Fast Refresh] done in 101ms @ http://localhost:3001/_next/static/chunks/79846_next_dist_6d76e5e4._.js:2297
[  453135ms] [LOG] [Fast Refresh] rebuilding @ http://localhost:3001/_next/static/chunks/79846_next_dist_6d76e5e4._.js:2297
[  453539ms] [LOG] [Fast Refresh] done in 505ms @ http://localhost:3001/_next/static/chunks/79846_next_dist_6d76e5e4._.js:2297
[  453641ms] [LOG] [Fast Refresh] rebuilding @ http://localhost:3001/_next/static/chunks/79846_next_dist_6d76e5e4._.js:2297
[  453663ms] [LOG] [Fast Refresh] done in 124ms @ http://localhost:3001/_next/static/chunks/79846_next_dist_6d76e5e4._.js:2297
[  454498ms] [LOG] [Fast Refresh] rebuilding @ http://localhost:3001/_next/static/chunks/79846_next_dist_6d76e5e4._.js:2297
[  454586ms] [LOG] [Fast Refresh] done in 189ms @ http://localhost:3001/_next/static/chunks/79846_next_dist_6d76e5e4._.js:2297
[  636553ms] [LOG] [Fast Refresh] rebuilding @ http://localhost:3001/_next/static/chunks/79846_next_dist_6d76e5e4._.js:2297
[  636686ms] [LOG] [Fast Refresh] done in 234ms @ http://localhost:3001/_next/static/chunks/79846_next_dist_6d76e5e4._.js:2297
